{"numFailedTestSuites":10,"numFailedTests":23,"numPassedTestSuites":31,"numPassedTests":109,"numPendingTestSuites":0,"numPendingTests":0,"numRuntimeErrorTestSuites":3,"numTodoTests":0,"numTotalTestSuites":41,"numTotalTests":132,"openHandles":[],"snapshot":{"added":0,"didUpdate":false,"failure":false,"filesAdded":0,"filesRemoved":0,"filesRemovedList":[],"filesUnmatched":0,"filesUpdated":0,"matched":0,"total":0,"unchecked":0,"uncheckedKeysByFile":[],"unmatched":0,"updated":0},"startTime":1747906447519,"success":false,"testResults":[{"assertionResults":[{"ancestorTitles":["validateMappedRow"],"duration":7,"failureDetails":[],"failureMessages":[],"fullName":"validateMappedRow returns no errors for valid row","invocations":1,"location":null,"numPassingAsserts":1,"retryReasons":[],"status":"passed","title":"returns no errors for valid row"},{"ancestorTitles":["validateMappedRow"],"duration":0,"failureDetails":[],"failureMessages":[],"fullName":"validateMappedRow returns errors for missing required fields","invocations":1,"location":null,"numPassingAsserts":1,"retryReasons":[],"status":"passed","title":"returns errors for missing required fields"},{"ancestorTitles":["validateMappedRow"],"duration":2,"failureDetails":[{"matcherResult":{"message":"\u001b[2mexpect(\u001b[22m\u001b[31mreceived\u001b[39m\u001b[2m).\u001b[22mtoHaveProperty\u001b[2m(\u001b[22m\u001b[32mpath\u001b[39m\u001b[2m)\u001b[22m\n\nExpected path: \u001b[32m\"stock\"\u001b[39m\nReceived path: \u001b[31m[]\u001b[39m\n\nReceived value: \u001b[31m{}\u001b[39m","pass":false}}],"failureMessages":["Error: \u001b[2mexpect(\u001b[22m\u001b[31mreceived\u001b[39m\u001b[2m).\u001b[22mtoHaveProperty\u001b[2m(\u001b[22m\u001b[32mpath\u001b[39m\u001b[2m)\u001b[22m\n\nExpected path: \u001b[32m\"stock\"\u001b[39m\nReceived path: \u001b[31m[]\u001b[39m\n\nReceived value: \u001b[31m{}\u001b[39m\n    at Object.toHaveProperty (/Users/ayurparishkar/Downloads/project 4/src/features/inventory/__tests__/validateMappedRow.test.ts:24:20)\n    at Promise.then.completed (/Users/ayurparishkar/Downloads/project 4/node_modules/jest-circus/build/utils.js:298:28)\n    at new Promise (<anonymous>)\n    at callAsyncCircusFn (/Users/ayurparishkar/Downloads/project 4/node_modules/jest-circus/build/utils.js:231:10)\n    at _callCircusTest (/Users/ayurparishkar/Downloads/project 4/node_modules/jest-circus/build/run.js:316:40)\n    at processTicksAndRejections (node:internal/process/task_queues:105:5)\n    at _runTest (/Users/ayurparishkar/Downloads/project 4/node_modules/jest-circus/build/run.js:252:3)\n    at _runTestsForDescribeBlock (/Users/ayurparishkar/Downloads/project 4/node_modules/jest-circus/build/run.js:126:9)\n    at _runTestsForDescribeBlock (/Users/ayurparishkar/Downloads/project 4/node_modules/jest-circus/build/run.js:121:9)\n    at run (/Users/ayurparishkar/Downloads/project 4/node_modules/jest-circus/build/run.js:71:3)\n    at runAndTransformResultsToJestFormat (/Users/ayurparishkar/Downloads/project 4/node_modules/jest-circus/build/legacy-code-todo-rewrite/jestAdapterInit.js:122:21)"],"fullName":"validateMappedRow returns errors for invalid stock","invocations":1,"location":null,"numPassingAsserts":0,"retryReasons":[],"status":"failed","title":"returns errors for invalid stock"},{"ancestorTitles":["validateMappedRow"],"duration":1,"failureDetails":[{"matcherResult":{"message":"\u001b[2mexpect(\u001b[22m\u001b[31mreceived\u001b[39m\u001b[2m).\u001b[22mtoBeDefined\u001b[2m()\u001b[22m\n\nReceived: \u001b[31mundefined\u001b[39m","pass":false}}],"failureMessages":["Error: \u001b[2mexpect(\u001b[22m\u001b[31mreceived\u001b[39m\u001b[2m).\u001b[22mtoBeDefined\u001b[2m()\u001b[22m\n\nReceived: \u001b[31mundefined\u001b[39m\n    at Object.toBeDefined (/Users/ayurparishkar/Downloads/project 4/src/features/inventory/__tests__/validateMappedRow.test.ts:30:25)\n    at Promise.then.completed (/Users/ayurparishkar/Downloads/project 4/node_modules/jest-circus/build/utils.js:298:28)\n    at new Promise (<anonymous>)\n    at callAsyncCircusFn (/Users/ayurparishkar/Downloads/project 4/node_modules/jest-circus/build/utils.js:231:10)\n    at _callCircusTest (/Users/ayurparishkar/Downloads/project 4/node_modules/jest-circus/build/run.js:316:40)\n    at processTicksAndRejections (node:internal/process/task_queues:105:5)\n    at _runTest (/Users/ayurparishkar/Downloads/project 4/node_modules/jest-circus/build/run.js:252:3)\n    at _runTestsForDescribeBlock (/Users/ayurparishkar/Downloads/project 4/node_modules/jest-circus/build/run.js:126:9)\n    at _runTestsForDescribeBlock (/Users/ayurparishkar/Downloads/project 4/node_modules/jest-circus/build/run.js:121:9)\n    at run (/Users/ayurparishkar/Downloads/project 4/node_modules/jest-circus/build/run.js:71:3)\n    at runAndTransformResultsToJestFormat (/Users/ayurparishkar/Downloads/project 4/node_modules/jest-circus/build/legacy-code-todo-rewrite/jestAdapterInit.js:122:21)"],"fullName":"validateMappedRow returns errors for invalid types","invocations":1,"location":null,"numPassingAsserts":0,"retryReasons":[],"status":"failed","title":"returns errors for invalid types"},{"ancestorTitles":["validateMappedRow"],"duration":2,"failureDetails":[],"failureMessages":[],"fullName":"validateMappedRow handles empty row gracefully","invocations":1,"location":null,"numPassingAsserts":1,"retryReasons":[],"status":"passed","title":"handles empty row gracefully"}],"endTime":1747906450190,"message":"\u001b[1m\u001b[31m  \u001b[1m● \u001b[22m\u001b[1mvalidateMappedRow › returns errors for invalid stock\u001b[39m\u001b[22m\n\n    \u001b[2mexpect(\u001b[22m\u001b[31mreceived\u001b[39m\u001b[2m).\u001b[22mtoHaveProperty\u001b[2m(\u001b[22m\u001b[32mpath\u001b[39m\u001b[2m)\u001b[22m\n\n    Expected path: \u001b[32m\"stock\"\u001b[39m\n    Received path: \u001b[31m[]\u001b[39m\n\n    Received value: \u001b[31m{}\u001b[39m\n\u001b[2m\u001b[22m\n\u001b[2m    \u001b[0m \u001b[90m 22 |\u001b[39m     \u001b[36mconst\u001b[39m row \u001b[33m=\u001b[39m { name\u001b[33m:\u001b[39m \u001b[32m'Ashwagandha'\u001b[39m\u001b[33m,\u001b[39m stock\u001b[33m:\u001b[39m \u001b[33m-\u001b[39m\u001b[35m5\u001b[39m\u001b[33m,\u001b[39m brand\u001b[33m:\u001b[39m \u001b[32m'Kottakkal'\u001b[39m }\u001b[33m;\u001b[39m\u001b[22m\n\u001b[2m     \u001b[90m 23 |\u001b[39m     \u001b[36mconst\u001b[39m errors \u001b[33m=\u001b[39m validateMappedRow(row\u001b[33m,\u001b[39m schema)\u001b[33m;\u001b[39m\u001b[22m\n\u001b[2m    \u001b[31m\u001b[1m>\u001b[22m\u001b[2m\u001b[39m\u001b[90m 24 |\u001b[39m     expect(errors)\u001b[33m.\u001b[39mtoHaveProperty(\u001b[32m'stock'\u001b[39m)\u001b[33m;\u001b[39m\u001b[22m\n\u001b[2m     \u001b[90m    |\u001b[39m                    \u001b[31m\u001b[1m^\u001b[22m\u001b[2m\u001b[39m\u001b[22m\n\u001b[2m     \u001b[90m 25 |\u001b[39m   })\u001b[33m;\u001b[39m\u001b[22m\n\u001b[2m     \u001b[90m 26 |\u001b[39m\u001b[22m\n\u001b[2m     \u001b[90m 27 |\u001b[39m   it(\u001b[32m'returns errors for invalid types'\u001b[39m\u001b[33m,\u001b[39m () \u001b[33m=>\u001b[39m {\u001b[0m\u001b[22m\n\u001b[2m\u001b[22m\n\u001b[2m      \u001b[2mat Object.toHaveProperty (\u001b[22m\u001b[2m\u001b[0m\u001b[36msrc/features/inventory/__tests__/validateMappedRow.test.ts\u001b[39m\u001b[0m\u001b[2m:24:20)\u001b[22m\u001b[2m\u001b[22m\n\n\u001b[1m\u001b[31m  \u001b[1m● \u001b[22m\u001b[1mvalidateMappedRow › returns errors for invalid types\u001b[39m\u001b[22m\n\n    \u001b[2mexpect(\u001b[22m\u001b[31mreceived\u001b[39m\u001b[2m).\u001b[22mtoBeDefined\u001b[2m()\u001b[22m\n\n    Received: \u001b[31mundefined\u001b[39m\n\u001b[2m\u001b[22m\n\u001b[2m    \u001b[0m \u001b[90m 28 |\u001b[39m     \u001b[36mconst\u001b[39m row \u001b[33m=\u001b[39m { name\u001b[33m:\u001b[39m \u001b[35m123\u001b[39m\u001b[33m,\u001b[39m stock\u001b[33m:\u001b[39m \u001b[32m'ten'\u001b[39m\u001b[33m,\u001b[39m brand\u001b[33m:\u001b[39m \u001b[35m456\u001b[39m }\u001b[33m;\u001b[39m\u001b[22m\n\u001b[2m     \u001b[90m 29 |\u001b[39m     \u001b[36mconst\u001b[39m errors \u001b[33m=\u001b[39m validateMappedRow(row\u001b[33m,\u001b[39m schema)\u001b[33m;\u001b[39m\u001b[22m\n\u001b[2m    \u001b[31m\u001b[1m>\u001b[22m\u001b[2m\u001b[39m\u001b[90m 30 |\u001b[39m     expect(errors\u001b[33m.\u001b[39mname)\u001b[33m.\u001b[39mtoBeDefined()\u001b[33m;\u001b[39m\u001b[22m\n\u001b[2m     \u001b[90m    |\u001b[39m                         \u001b[31m\u001b[1m^\u001b[22m\u001b[2m\u001b[39m\u001b[22m\n\u001b[2m     \u001b[90m 31 |\u001b[39m     expect(errors\u001b[33m.\u001b[39mstock)\u001b[33m.\u001b[39mtoBeDefined()\u001b[33m;\u001b[39m\u001b[22m\n\u001b[2m     \u001b[90m 32 |\u001b[39m   })\u001b[33m;\u001b[39m\u001b[22m\n\u001b[2m     \u001b[90m 33 |\u001b[39m\u001b[0m\u001b[22m\n\u001b[2m\u001b[22m\n\u001b[2m      \u001b[2mat Object.toBeDefined (\u001b[22m\u001b[2m\u001b[0m\u001b[36msrc/features/inventory/__tests__/validateMappedRow.test.ts\u001b[39m\u001b[0m\u001b[2m:30:25)\u001b[22m\u001b[2m\u001b[22m\n","name":"/Users/ayurparishkar/Downloads/project 4/src/features/inventory/__tests__/validateMappedRow.test.ts","startTime":1747906448119,"status":"failed","summary":""},{"assertionResults":[{"ancestorTitles":["getRecurringConflicts"],"duration":27,"failureDetails":[{"matcherResult":{"actual":[],"expected":[{"date":"2025-06-01","slot":"09:00","therapistIds":["t1"]},{"date":"2025-06-02","slot":"09:00","therapistIds":["t2"]}],"message":"\u001b[2mexpect(\u001b[22m\u001b[31mreceived\u001b[39m\u001b[2m).\u001b[22mtoEqual\u001b[2m(\u001b[22m\u001b[32mexpected\u001b[39m\u001b[2m) // deep equality\u001b[22m\n\n\u001b[32m- Expected  - 16\u001b[39m\n\u001b[31m+ Received  +  1\u001b[39m\n\n\u001b[32m- Array [\u001b[39m\n\u001b[32m-   Object {\u001b[39m\n\u001b[32m-     \"date\": \"2025-06-01\",\u001b[39m\n\u001b[32m-     \"slot\": \"09:00\",\u001b[39m\n\u001b[32m-     \"therapistIds\": Array [\u001b[39m\n\u001b[32m-       \"t1\",\u001b[39m\n\u001b[32m-     ],\u001b[39m\n\u001b[32m-   },\u001b[39m\n\u001b[32m-   Object {\u001b[39m\n\u001b[32m-     \"date\": \"2025-06-02\",\u001b[39m\n\u001b[32m-     \"slot\": \"09:00\",\u001b[39m\n\u001b[32m-     \"therapistIds\": Array [\u001b[39m\n\u001b[32m-       \"t2\",\u001b[39m\n\u001b[32m-     ],\u001b[39m\n\u001b[32m-   },\u001b[39m\n\u001b[32m- ]\u001b[39m\n\u001b[31m+ Array []\u001b[39m","name":"toEqual","pass":false}}],"failureMessages":["Error: \u001b[2mexpect(\u001b[22m\u001b[31mreceived\u001b[39m\u001b[2m).\u001b[22mtoEqual\u001b[2m(\u001b[22m\u001b[32mexpected\u001b[39m\u001b[2m) // deep equality\u001b[22m\n\n\u001b[32m- Expected  - 16\u001b[39m\n\u001b[31m+ Received  +  1\u001b[39m\n\n\u001b[32m- Array [\u001b[39m\n\u001b[32m-   Object {\u001b[39m\n\u001b[32m-     \"date\": \"2025-06-01\",\u001b[39m\n\u001b[32m-     \"slot\": \"09:00\",\u001b[39m\n\u001b[32m-     \"therapistIds\": Array [\u001b[39m\n\u001b[32m-       \"t1\",\u001b[39m\n\u001b[32m-     ],\u001b[39m\n\u001b[32m-   },\u001b[39m\n\u001b[32m-   Object {\u001b[39m\n\u001b[32m-     \"date\": \"2025-06-02\",\u001b[39m\n\u001b[32m-     \"slot\": \"09:00\",\u001b[39m\n\u001b[32m-     \"therapistIds\": Array [\u001b[39m\n\u001b[32m-       \"t2\",\u001b[39m\n\u001b[32m-     ],\u001b[39m\n\u001b[32m-   },\u001b[39m\n\u001b[32m- ]\u001b[39m\n\u001b[31m+ Array []\u001b[39m\n    at Object.toEqual (/Users/ayurparishkar/Downloads/project 4/src/features/appointments/__tests__/conflictCalculations.test.ts:15:20)\n    at Promise.then.completed (/Users/ayurparishkar/Downloads/project 4/node_modules/jest-circus/build/utils.js:298:28)\n    at new Promise (<anonymous>)\n    at callAsyncCircusFn (/Users/ayurparishkar/Downloads/project 4/node_modules/jest-circus/build/utils.js:231:10)\n    at _callCircusTest (/Users/ayurparishkar/Downloads/project 4/node_modules/jest-circus/build/run.js:316:40)\n    at processTicksAndRejections (node:internal/process/task_queues:105:5)\n    at _runTest (/Users/ayurparishkar/Downloads/project 4/node_modules/jest-circus/build/run.js:252:3)\n    at _runTestsForDescribeBlock (/Users/ayurparishkar/Downloads/project 4/node_modules/jest-circus/build/run.js:126:9)\n    at _runTestsForDescribeBlock (/Users/ayurparishkar/Downloads/project 4/node_modules/jest-circus/build/run.js:121:9)\n    at run (/Users/ayurparishkar/Downloads/project 4/node_modules/jest-circus/build/run.js:71:3)\n    at runAndTransformResultsToJestFormat (/Users/ayurparishkar/Downloads/project 4/node_modules/jest-circus/build/legacy-code-todo-rewrite/jestAdapterInit.js:122:21)"],"fullName":"getRecurringConflicts finds recurring conflicts for given days and slot","invocations":1,"location":null,"numPassingAsserts":0,"retryReasons":[],"status":"failed","title":"finds recurring conflicts for given days and slot"}],"endTime":1747906450270,"message":"\u001b[1m\u001b[31m  \u001b[1m● \u001b[22m\u001b[1mgetRecurringConflicts › finds recurring conflicts for given days and slot\u001b[39m\u001b[22m\n\n    \u001b[2mexpect(\u001b[22m\u001b[31mreceived\u001b[39m\u001b[2m).\u001b[22mtoEqual\u001b[2m(\u001b[22m\u001b[32mexpected\u001b[39m\u001b[2m) // deep equality\u001b[22m\n\n    \u001b[32m- Expected  - 16\u001b[39m\n    \u001b[31m+ Received  +  1\u001b[39m\n\n    \u001b[32m- Array [\u001b[39m\n    \u001b[32m-   Object {\u001b[39m\n    \u001b[32m-     \"date\": \"2025-06-01\",\u001b[39m\n    \u001b[32m-     \"slot\": \"09:00\",\u001b[39m\n    \u001b[32m-     \"therapistIds\": Array [\u001b[39m\n    \u001b[32m-       \"t1\",\u001b[39m\n    \u001b[32m-     ],\u001b[39m\n    \u001b[32m-   },\u001b[39m\n    \u001b[32m-   Object {\u001b[39m\n    \u001b[32m-     \"date\": \"2025-06-02\",\u001b[39m\n    \u001b[32m-     \"slot\": \"09:00\",\u001b[39m\n    \u001b[32m-     \"therapistIds\": Array [\u001b[39m\n    \u001b[32m-       \"t2\",\u001b[39m\n    \u001b[32m-     ],\u001b[39m\n    \u001b[32m-   },\u001b[39m\n    \u001b[32m- ]\u001b[39m\n    \u001b[31m+ Array []\u001b[39m\n\u001b[2m\u001b[22m\n\u001b[2m    \u001b[0m \u001b[90m 13 |\u001b[39m   it(\u001b[32m'finds recurring conflicts for given days and slot'\u001b[39m\u001b[33m,\u001b[39m () \u001b[33m=>\u001b[39m {\u001b[22m\n\u001b[2m     \u001b[90m 14 |\u001b[39m     \u001b[36mconst\u001b[39m result \u001b[33m=\u001b[39m getRecurringConflicts(appointments\u001b[33m,\u001b[39m \u001b[32m'2025-06-01'\u001b[39m\u001b[33m,\u001b[39m \u001b[35m3\u001b[39m\u001b[33m,\u001b[39m \u001b[32m'09:00'\u001b[39m\u001b[33m,\u001b[39m [\u001b[32m't1'\u001b[39m\u001b[33m,\u001b[39m \u001b[32m't2'\u001b[39m]\u001b[33m,\u001b[39m addDays)\u001b[33m;\u001b[39m\u001b[22m\n\u001b[2m    \u001b[31m\u001b[1m>\u001b[22m\u001b[2m\u001b[39m\u001b[90m 15 |\u001b[39m     expect(result)\u001b[33m.\u001b[39mtoEqual([\u001b[22m\n\u001b[2m     \u001b[90m    |\u001b[39m                    \u001b[31m\u001b[1m^\u001b[22m\u001b[2m\u001b[39m\u001b[22m\n\u001b[2m     \u001b[90m 16 |\u001b[39m       { date\u001b[33m:\u001b[39m \u001b[32m'2025-06-01'\u001b[39m\u001b[33m,\u001b[39m slot\u001b[33m:\u001b[39m \u001b[32m'09:00'\u001b[39m\u001b[33m,\u001b[39m therapistIds\u001b[33m:\u001b[39m [\u001b[32m't1'\u001b[39m] }\u001b[33m,\u001b[39m\u001b[22m\n\u001b[2m     \u001b[90m 17 |\u001b[39m       { date\u001b[33m:\u001b[39m \u001b[32m'2025-06-02'\u001b[39m\u001b[33m,\u001b[39m slot\u001b[33m:\u001b[39m \u001b[32m'09:00'\u001b[39m\u001b[33m,\u001b[39m therapistIds\u001b[33m:\u001b[39m [\u001b[32m't2'\u001b[39m] }\u001b[33m,\u001b[39m\u001b[22m\n\u001b[2m     \u001b[90m 18 |\u001b[39m     ])\u001b[33m;\u001b[39m\u001b[0m\u001b[22m\n\u001b[2m\u001b[22m\n\u001b[2m      \u001b[2mat Object.toEqual (\u001b[22m\u001b[2m\u001b[0m\u001b[36msrc/features/appointments/__tests__/conflictCalculations.test.ts\u001b[39m\u001b[0m\u001b[2m:15:20)\u001b[22m\u001b[2m\u001b[22m\n","name":"/Users/ayurparishkar/Downloads/project 4/src/features/appointments/__tests__/conflictCalculations.test.ts","startTime":1747906448105,"status":"failed","summary":""},{"assertionResults":[{"ancestorTitles":["buildScheduleMatrix"],"duration":5,"failureDetails":[],"failureMessages":[],"fullName":"buildScheduleMatrix should be defined","invocations":1,"location":null,"numPassingAsserts":1,"retryReasons":[],"status":"passed","title":"should be defined"},{"ancestorTitles":["buildScheduleMatrix"],"duration":6,"failureDetails":[{}],"failureMessages":["TypeError: Cannot read properties of undefined (reading '101')\n    at Object.<anonymous> (/Users/ayurparishkar/Downloads/project 4/src/features/appointments/__tests__/buildScheduleMatrix.test.ts:15:30)\n    at Promise.then.completed (/Users/ayurparishkar/Downloads/project 4/node_modules/jest-circus/build/utils.js:298:28)\n    at new Promise (<anonymous>)\n    at callAsyncCircusFn (/Users/ayurparishkar/Downloads/project 4/node_modules/jest-circus/build/utils.js:231:10)\n    at _callCircusTest (/Users/ayurparishkar/Downloads/project 4/node_modules/jest-circus/build/run.js:316:40)\n    at processTicksAndRejections (node:internal/process/task_queues:105:5)\n    at _runTest (/Users/ayurparishkar/Downloads/project 4/node_modules/jest-circus/build/run.js:252:3)\n    at _runTestsForDescribeBlock (/Users/ayurparishkar/Downloads/project 4/node_modules/jest-circus/build/run.js:126:9)\n    at _runTestsForDescribeBlock (/Users/ayurparishkar/Downloads/project 4/node_modules/jest-circus/build/run.js:121:9)\n    at run (/Users/ayurparishkar/Downloads/project 4/node_modules/jest-circus/build/run.js:71:3)\n    at runAndTransformResultsToJestFormat (/Users/ayurparishkar/Downloads/project 4/node_modules/jest-circus/build/legacy-code-todo-rewrite/jestAdapterInit.js:122:21)"],"fullName":"buildScheduleMatrix returns correct matrix for slots and rooms","invocations":1,"location":null,"numPassingAsserts":0,"retryReasons":[],"status":"failed","title":"returns correct matrix for slots and rooms"},{"ancestorTitles":["buildScheduleMatrix"],"duration":1,"failureDetails":[],"failureMessages":[],"fullName":"buildScheduleMatrix returns empty matrix if no appointments","invocations":1,"location":null,"numPassingAsserts":1,"retryReasons":[],"status":"passed","title":"returns empty matrix if no appointments"},{"ancestorTitles":["buildScheduleMatrix"],"duration":2,"failureDetails":[],"failureMessages":[],"fullName":"buildScheduleMatrix handles empty slots or rooms","invocations":1,"location":null,"numPassingAsserts":2,"retryReasons":[],"status":"passed","title":"handles empty slots or rooms"}],"endTime":1747906450306,"message":"\u001b[1m\u001b[31m  \u001b[1m● \u001b[22m\u001b[1mbuildScheduleMatrix › returns correct matrix for slots and rooms\u001b[39m\u001b[22m\n\n    TypeError: Cannot read properties of undefined (reading '101')\n\u001b[2m\u001b[22m\n\u001b[2m    \u001b[0m \u001b[90m 13 |\u001b[39m     ]\u001b[33m;\u001b[39m\u001b[22m\n\u001b[2m     \u001b[90m 14 |\u001b[39m     \u001b[36mconst\u001b[39m matrix \u001b[33m=\u001b[39m buildScheduleMatrix(date\u001b[33m,\u001b[39m appointments)\u001b[33m;\u001b[39m\u001b[22m\n\u001b[2m    \u001b[31m\u001b[1m>\u001b[22m\u001b[2m\u001b[39m\u001b[90m 15 |\u001b[39m     expect(matrix[\u001b[32m'09:00 AM'\u001b[39m][\u001b[32m'101'\u001b[39m]\u001b[33m.\u001b[39mpatientId)\u001b[33m.\u001b[39mtoBe(\u001b[32m'p1'\u001b[39m)\u001b[33m;\u001b[39m\u001b[22m\n\u001b[2m     \u001b[90m    |\u001b[39m                              \u001b[31m\u001b[1m^\u001b[22m\u001b[2m\u001b[39m\u001b[22m\n\u001b[2m     \u001b[90m 16 |\u001b[39m     expect(matrix[\u001b[32m'09:30 AM'\u001b[39m][\u001b[32m'102'\u001b[39m]\u001b[33m.\u001b[39mpatientId)\u001b[33m.\u001b[39mtoBe(\u001b[32m'p2'\u001b[39m)\u001b[33m;\u001b[39m\u001b[22m\n\u001b[2m     \u001b[90m 17 |\u001b[39m   })\u001b[33m;\u001b[39m\u001b[22m\n\u001b[2m     \u001b[90m 18 |\u001b[39m   it(\u001b[32m'returns empty matrix if no appointments'\u001b[39m\u001b[33m,\u001b[39m () \u001b[33m=>\u001b[39m {\u001b[0m\u001b[22m\n\u001b[2m\u001b[22m\n\u001b[2m      \u001b[2mat Object.<anonymous> (\u001b[22m\u001b[2m\u001b[0m\u001b[36msrc/features/appointments/__tests__/buildScheduleMatrix.test.ts\u001b[39m\u001b[0m\u001b[2m:15:30)\u001b[22m\u001b[2m\u001b[22m\n","name":"/Users/ayurparishkar/Downloads/project 4/src/features/appointments/__tests__/buildScheduleMatrix.test.ts","startTime":1747906448113,"status":"failed","summary":""},{"assertionResults":[{"ancestorTitles":["getRecurringSlotAlternatives"],"duration":21,"failureDetails":[{"matcherResult":{"actual":"10:00","expected":"09:00","message":"\u001b[2mexpect(\u001b[22m\u001b[31mreceived\u001b[39m\u001b[2m).\u001b[22mtoBe\u001b[2m(\u001b[22m\u001b[32mexpected\u001b[39m\u001b[2m) // Object.is equality\u001b[22m\n\nExpected: \u001b[32m\"0\u001b[7m9\u001b[27m:00\"\u001b[39m\nReceived: \u001b[31m\"\u001b[7m1\u001b[27m0:00\"\u001b[39m","name":"toBe","pass":false}}],"failureMessages":["Error: \u001b[2mexpect(\u001b[22m\u001b[31mreceived\u001b[39m\u001b[2m).\u001b[22mtoBe\u001b[2m(\u001b[22m\u001b[32mexpected\u001b[39m\u001b[2m) // Object.is equality\u001b[22m\n\nExpected: \u001b[32m\"0\u001b[7m9\u001b[27m:00\"\u001b[39m\nReceived: \u001b[31m\"\u001b[7m1\u001b[27m0:00\"\u001b[39m\n    at Object.toBe (/Users/ayurparishkar/Downloads/project 4/src/features/appointments/__tests__/recurringSlotAlternatives.test.ts:34:14)\n    at Promise.then.completed (/Users/ayurparishkar/Downloads/project 4/node_modules/jest-circus/build/utils.js:298:28)\n    at new Promise (<anonymous>)\n    at callAsyncCircusFn (/Users/ayurparishkar/Downloads/project 4/node_modules/jest-circus/build/utils.js:231:10)\n    at _callCircusTest (/Users/ayurparishkar/Downloads/project 4/node_modules/jest-circus/build/run.js:316:40)\n    at processTicksAndRejections (node:internal/process/task_queues:105:5)\n    at _runTest (/Users/ayurparishkar/Downloads/project 4/node_modules/jest-circus/build/run.js:252:3)\n    at _runTestsForDescribeBlock (/Users/ayurparishkar/Downloads/project 4/node_modules/jest-circus/build/run.js:126:9)\n    at _runTestsForDescribeBlock (/Users/ayurparishkar/Downloads/project 4/node_modules/jest-circus/build/run.js:121:9)\n    at run (/Users/ayurparishkar/Downloads/project 4/node_modules/jest-circus/build/run.js:71:3)\n    at runAndTransformResultsToJestFormat (/Users/ayurparishkar/Downloads/project 4/node_modules/jest-circus/build/legacy-code-todo-rewrite/jestAdapterInit.js:122:21)"],"fullName":"getRecurringSlotAlternatives returns alternatives prioritizing patient preference and gender","invocations":1,"location":null,"numPassingAsserts":1,"retryReasons":[],"status":"failed","title":"returns alternatives prioritizing patient preference and gender"},{"ancestorTitles":["getRecurringSlotAlternatives"],"duration":0,"failureDetails":[],"failureMessages":[],"fullName":"getRecurringSlotAlternatives returns reason \"Time Slot is in the past\" for past slots","invocations":1,"location":null,"numPassingAsserts":1,"retryReasons":[],"status":"passed","title":"returns reason \"Time Slot is in the past\" for past slots"},{"ancestorTitles":["getRecurringSlotAlternatives"],"duration":2,"failureDetails":[],"failureMessages":[],"fullName":"getRecurringSlotAlternatives returns reason \"Selected Room is not available\" if room is booked","invocations":1,"location":null,"numPassingAsserts":1,"retryReasons":[],"status":"passed","title":"returns reason \"Selected Room is not available\" if room is booked"},{"ancestorTitles":["getRecurringSlotAlternatives"],"duration":23,"failureDetails":[{"matcherResult":{"actual":"Selected Room is not available","expected":"Therapists are busy","message":"\u001b[2mexpect(\u001b[22m\u001b[31mreceived\u001b[39m\u001b[2m).\u001b[22mtoBe\u001b[2m(\u001b[22m\u001b[32mexpected\u001b[39m\u001b[2m) // Object.is equality\u001b[22m\n\nExpected: \u001b[32m\"Therapists are busy\"\u001b[39m\nReceived: \u001b[31m\"Selected Room is not available\"\u001b[39m","name":"toBe","pass":false}}],"failureMessages":["Error: \u001b[2mexpect(\u001b[22m\u001b[31mreceived\u001b[39m\u001b[2m).\u001b[22mtoBe\u001b[2m(\u001b[22m\u001b[32mexpected\u001b[39m\u001b[2m) // Object.is equality\u001b[22m\n\nExpected: \u001b[32m\"Therapists are busy\"\u001b[39m\nReceived: \u001b[31m\"Selected Room is not available\"\u001b[39m\n    at Object.toBe (/Users/ayurparishkar/Downloads/project 4/src/features/appointments/__tests__/recurringSlotAlternatives.test.ts:91:30)\n    at Promise.then.completed (/Users/ayurparishkar/Downloads/project 4/node_modules/jest-circus/build/utils.js:298:28)\n    at new Promise (<anonymous>)\n    at callAsyncCircusFn (/Users/ayurparishkar/Downloads/project 4/node_modules/jest-circus/build/utils.js:231:10)\n    at _callCircusTest (/Users/ayurparishkar/Downloads/project 4/node_modules/jest-circus/build/run.js:316:40)\n    at processTicksAndRejections (node:internal/process/task_queues:105:5)\n    at _runTest (/Users/ayurparishkar/Downloads/project 4/node_modules/jest-circus/build/run.js:252:3)\n    at _runTestsForDescribeBlock (/Users/ayurparishkar/Downloads/project 4/node_modules/jest-circus/build/run.js:126:9)\n    at _runTestsForDescribeBlock (/Users/ayurparishkar/Downloads/project 4/node_modules/jest-circus/build/run.js:121:9)\n    at run (/Users/ayurparishkar/Downloads/project 4/node_modules/jest-circus/build/run.js:71:3)\n    at runAndTransformResultsToJestFormat (/Users/ayurparishkar/Downloads/project 4/node_modules/jest-circus/build/legacy-code-todo-rewrite/jestAdapterInit.js:122:21)"],"fullName":"getRecurringSlotAlternatives returns reason \"Therapists are busy\" if all therapists of patient gender are unavailable","invocations":1,"location":null,"numPassingAsserts":0,"retryReasons":[],"status":"failed","title":"returns reason \"Therapists are busy\" if all therapists of patient gender are unavailable"},{"ancestorTitles":["getRecurringSlotAlternatives"],"duration":14,"failureDetails":[],"failureMessages":[],"fullName":"getRecurringSlotAlternatives uses - as the separator for slot-room alternatives","invocations":1,"location":null,"numPassingAsserts":1,"retryReasons":[],"status":"passed","title":"uses - as the separator for slot-room alternatives"}],"endTime":1747906450313,"message":"\u001b[1m\u001b[31m  \u001b[1m● \u001b[22m\u001b[1mgetRecurringSlotAlternatives › returns alternatives prioritizing patient preference and gender\u001b[39m\u001b[22m\n\n    \u001b[2mexpect(\u001b[22m\u001b[31mreceived\u001b[39m\u001b[2m).\u001b[22mtoBe\u001b[2m(\u001b[22m\u001b[32mexpected\u001b[39m\u001b[2m) // Object.is equality\u001b[22m\n\n    Expected: \u001b[32m\"0\u001b[7m9\u001b[27m:00\"\u001b[39m\n    Received: \u001b[31m\"\u001b[7m1\u001b[27m0:00\"\u001b[39m\n\u001b[2m\u001b[22m\n\u001b[2m    \u001b[0m \u001b[90m 32 |\u001b[39m     expect(dayResult\u001b[33m.\u001b[39malternatives\u001b[33m.\u001b[39mlength)\u001b[33m.\u001b[39mtoBeGreaterThan(\u001b[35m0\u001b[39m)\u001b[33m;\u001b[39m\u001b[22m\n\u001b[2m     \u001b[90m 33 |\u001b[39m     \u001b[36mconst\u001b[39m { slot\u001b[33m,\u001b[39m roomNumber } \u001b[33m=\u001b[39m dayResult\u001b[33m.\u001b[39malternatives[\u001b[35m0\u001b[39m]\u001b[33m;\u001b[39m\u001b[22m\n\u001b[2m    \u001b[31m\u001b[1m>\u001b[22m\u001b[2m\u001b[39m\u001b[90m 34 |\u001b[39m expect(slot)\u001b[33m.\u001b[39mtoBe(\u001b[32m'09:00'\u001b[39m)\u001b[33m;\u001b[39m\u001b[22m\n\u001b[2m     \u001b[90m    |\u001b[39m              \u001b[31m\u001b[1m^\u001b[22m\u001b[2m\u001b[39m\u001b[22m\n\u001b[2m     \u001b[90m 35 |\u001b[39m   })\u001b[33m;\u001b[39m\u001b[22m\n\u001b[2m     \u001b[90m 36 |\u001b[39m\u001b[22m\n\u001b[2m     \u001b[90m 37 |\u001b[39m   it(\u001b[32m'returns reason \"Time Slot is in the past\" for past slots'\u001b[39m\u001b[33m,\u001b[39m () \u001b[33m=>\u001b[39m {\u001b[0m\u001b[22m\n\u001b[2m\u001b[22m\n\u001b[2m      \u001b[2mat Object.toBe (\u001b[22m\u001b[2m\u001b[0m\u001b[36msrc/features/appointments/__tests__/recurringSlotAlternatives.test.ts\u001b[39m\u001b[0m\u001b[2m:34:14)\u001b[22m\u001b[2m\u001b[22m\n\n\u001b[1m\u001b[31m  \u001b[1m● \u001b[22m\u001b[1mgetRecurringSlotAlternatives › returns reason \"Therapists are busy\" if all therapists of patient gender are unavailable\u001b[39m\u001b[22m\n\n    \u001b[2mexpect(\u001b[22m\u001b[31mreceived\u001b[39m\u001b[2m).\u001b[22mtoBe\u001b[2m(\u001b[22m\u001b[32mexpected\u001b[39m\u001b[2m) // Object.is equality\u001b[22m\n\n    Expected: \u001b[32m\"Therapists are busy\"\u001b[39m\n    Received: \u001b[31m\"Selected Room is not available\"\u001b[39m\n\u001b[2m\u001b[22m\n\u001b[2m    \u001b[0m \u001b[90m 89 |\u001b[39m     })\u001b[33m;\u001b[39m\u001b[22m\n\u001b[2m     \u001b[90m 90 |\u001b[39m     \u001b[36mconst\u001b[39m dayResult \u001b[33m=\u001b[39m result[\u001b[32m'2025-06-01'\u001b[39m]\u001b[33m;\u001b[39m\u001b[22m\n\u001b[2m    \u001b[31m\u001b[1m>\u001b[22m\u001b[2m\u001b[39m\u001b[90m 91 |\u001b[39m     expect(dayResult\u001b[33m.\u001b[39mreason)\u001b[33m.\u001b[39mtoBe(\u001b[32m'Therapists are busy'\u001b[39m)\u001b[33m;\u001b[39m\u001b[22m\n\u001b[2m     \u001b[90m    |\u001b[39m                              \u001b[31m\u001b[1m^\u001b[22m\u001b[2m\u001b[39m\u001b[22m\n\u001b[2m     \u001b[90m 92 |\u001b[39m   })\u001b[33m;\u001b[39m\u001b[22m\n\u001b[2m     \u001b[90m 93 |\u001b[39m\u001b[22m\n\u001b[2m     \u001b[90m 94 |\u001b[39m   it(\u001b[32m'uses - as the separator for slot-room alternatives'\u001b[39m\u001b[33m,\u001b[39m () \u001b[33m=>\u001b[39m {\u001b[0m\u001b[22m\n\u001b[2m\u001b[22m\n\u001b[2m      \u001b[2mat Object.toBe (\u001b[22m\u001b[2m\u001b[0m\u001b[36msrc/features/appointments/__tests__/recurringSlotAlternatives.test.ts\u001b[39m\u001b[0m\u001b[2m:91:30)\u001b[22m\u001b[2m\u001b[22m\n","name":"/Users/ayurparishkar/Downloads/project 4/src/features/appointments/__tests__/recurringSlotAlternatives.test.ts","startTime":1747906448114,"status":"failed","summary":""},{"assertionResults":[{"ancestorTitles":["PatientPicker"],"duration":277,"failureDetails":[],"failureMessages":[],"fullName":"PatientPicker renders patient options","invocations":1,"location":null,"numPassingAsserts":2,"retryReasons":[],"status":"passed","title":"renders patient options"}],"endTime":1747906451645,"message":"","name":"/Users/ayurparishkar/Downloads/project 4/src/features/appointments/__tests__/PatientPicker.test.tsx","startTime":1747906450347,"status":"passed","summary":""},{"assertionResults":[{"ancestorTitles":["ScheduleMatrix"],"duration":218,"failureDetails":[],"failureMessages":[],"fullName":"ScheduleMatrix renders matrix and slots","invocations":1,"location":null,"numPassingAsserts":4,"retryReasons":[],"status":"passed","title":"renders matrix and slots"}],"endTime":1747906451735,"message":"","name":"/Users/ayurparishkar/Downloads/project 4/src/features/appointments/__tests__/ScheduleMatrix.test.tsx","startTime":1747906450735,"status":"passed","summary":""},{"assertionResults":[{"ancestorTitles":["RecurringSlotPreview","Mobile compatibility and accessibility"],"duration":964,"failureDetails":[{}],"failureMessages":["Error: Element type is invalid: expected a string (for built-in components) or a class/function (for composite components) but got: undefined. You likely forgot to export your component from the file it's defined in, or you might have mixed up default and named imports.\n\nCheck the render method of `RecurringSlotPreview`.\n    at Error (/Users/ayurparishkar/Downloads/project 4/node_modules/react-test-renderer/cjs/react-test-renderer.development.js:12185:28)\n    at createFiberFromTypeAndProps (/Users/ayurparishkar/Downloads/project 4/node_modules/react-test-renderer/cjs/react-test-renderer.development.js:12199:14)\n    at createFiberFromElement (/Users/ayurparishkar/Downloads/project 4/node_modules/react-test-renderer/cjs/react-test-renderer.development.js:4475:26)\n    at createChild (/Users/ayurparishkar/Downloads/project 4/node_modules/react-test-renderer/cjs/react-test-renderer.development.js:4805:25)\n    at reconcileChildrenArray (/Users/ayurparishkar/Downloads/project 4/node_modules/react-test-renderer/cjs/react-test-renderer.development.js:5122:30)\n    at reconcileChildFibersImpl (/Users/ayurparishkar/Downloads/project 4/node_modules/react-test-renderer/cjs/react-test-renderer.development.js:5227:33)\n    at mountChildFibers (/Users/ayurparishkar/Downloads/project 4/node_modules/react-test-renderer/cjs/react-test-renderer.development.js:5735:13)\n    at reconcileChildren (/Users/ayurparishkar/Downloads/project 4/node_modules/react-test-renderer/cjs/react-test-renderer.development.js:6020:7)\n    at updateFunctionComponent (/Users/ayurparishkar/Downloads/project 4/node_modules/react-test-renderer/cjs/react-test-renderer.development.js:7474:18)\n    at callback (/Users/ayurparishkar/Downloads/project 4/node_modules/react-test-renderer/cjs/react-test-renderer.development.js:1574:13)\n    at runWithFiberInDEV (/Users/ayurparishkar/Downloads/project 4/node_modules/react-test-renderer/cjs/react-test-renderer.development.js:10972:22)\n    at performUnitOfWork (/Users/ayurparishkar/Downloads/project 4/node_modules/react-test-renderer/cjs/react-test-renderer.development.js:10816:41)\n    at workLoopSync (/Users/ayurparishkar/Downloads/project 4/node_modules/react-test-renderer/cjs/react-test-renderer.development.js:10797:11)\n    at renderRootSync (/Users/ayurparishkar/Downloads/project 4/node_modules/react-test-renderer/cjs/react-test-renderer.development.js:10384:39)\n    at performWorkOnRoot (/Users/ayurparishkar/Downloads/project 4/node_modules/react-test-renderer/cjs/react-test-renderer.development.js:2094:7)\n    at callback (/Users/ayurparishkar/Downloads/project 4/node_modules/react/cjs/react.development.js:862:34)\n    at flushActQueue (/Users/ayurparishkar/Downloads/project 4/node_modules/react/cjs/react.development.js:1151:10)\n    at actImplementation (/Users/ayurparishkar/Downloads/project 4/node_modules/@testing-library/react-native/src/act.ts:30:25)\n    at renderWithAct (/Users/ayurparishkar/Downloads/project 4/node_modules/@testing-library/react-native/src/render-act.ts:12:11)\n    at renderInternal (/Users/ayurparishkar/Downloads/project 4/node_modules/@testing-library/react-native/src/render.tsx:81:33)\n    at renderInternal (/Users/ayurparishkar/Downloads/project 4/node_modules/@testing-library/react-native/src/render.tsx:44:10)\n    at Object.<anonymous> (/Users/ayurparishkar/Downloads/project 4/src/features/appointments/__tests__/RecurringSlotPreview.test.tsx:25:51)\n    at Promise.then.completed (/Users/ayurparishkar/Downloads/project 4/node_modules/jest-circus/build/utils.js:298:28)\n    at new Promise (<anonymous>)\n    at callAsyncCircusFn (/Users/ayurparishkar/Downloads/project 4/node_modules/jest-circus/build/utils.js:231:10)\n    at _callCircusTest (/Users/ayurparishkar/Downloads/project 4/node_modules/jest-circus/build/run.js:316:40)\n    at processTicksAndRejections (node:internal/process/task_queues:105:5)\n    at _runTest (/Users/ayurparishkar/Downloads/project 4/node_modules/jest-circus/build/run.js:252:3)\n    at _runTestsForDescribeBlock (/Users/ayurparishkar/Downloads/project 4/node_modules/jest-circus/build/run.js:126:9)\n    at _runTestsForDescribeBlock (/Users/ayurparishkar/Downloads/project 4/node_modules/jest-circus/build/run.js:121:9)\n    at _runTestsForDescribeBlock (/Users/ayurparishkar/Downloads/project 4/node_modules/jest-circus/build/run.js:121:9)\n    at run (/Users/ayurparishkar/Downloads/project 4/node_modules/jest-circus/build/run.js:71:3)\n    at runAndTransformResultsToJestFormat (/Users/ayurparishkar/Downloads/project 4/node_modules/jest-circus/build/legacy-code-todo-rewrite/jestAdapterInit.js:122:21)"],"fullName":"RecurringSlotPreview Mobile compatibility and accessibility has accessible labels for all fields and buttons","invocations":1,"location":null,"numPassingAsserts":0,"retryReasons":[],"status":"failed","title":"has accessible labels for all fields and buttons"},{"ancestorTitles":["RecurringSlotPreview","Mobile compatibility and accessibility"],"duration":45,"failureDetails":[{}],"failureMessages":["Error: Element type is invalid: expected a string (for built-in components) or a class/function (for composite components) but got: undefined. You likely forgot to export your component from the file it's defined in, or you might have mixed up default and named imports.\n\nCheck the render method of `RecurringSlotPreview`.\n    at Error (/Users/ayurparishkar/Downloads/project 4/node_modules/react-test-renderer/cjs/react-test-renderer.development.js:12185:28)\n    at createFiberFromTypeAndProps (/Users/ayurparishkar/Downloads/project 4/node_modules/react-test-renderer/cjs/react-test-renderer.development.js:12199:14)\n    at createFiberFromElement (/Users/ayurparishkar/Downloads/project 4/node_modules/react-test-renderer/cjs/react-test-renderer.development.js:4475:26)\n    at createChild (/Users/ayurparishkar/Downloads/project 4/node_modules/react-test-renderer/cjs/react-test-renderer.development.js:4805:25)\n    at reconcileChildrenArray (/Users/ayurparishkar/Downloads/project 4/node_modules/react-test-renderer/cjs/react-test-renderer.development.js:5122:30)\n    at reconcileChildFibersImpl (/Users/ayurparishkar/Downloads/project 4/node_modules/react-test-renderer/cjs/react-test-renderer.development.js:5227:33)\n    at mountChildFibers (/Users/ayurparishkar/Downloads/project 4/node_modules/react-test-renderer/cjs/react-test-renderer.development.js:5735:13)\n    at reconcileChildren (/Users/ayurparishkar/Downloads/project 4/node_modules/react-test-renderer/cjs/react-test-renderer.development.js:6020:7)\n    at updateFunctionComponent (/Users/ayurparishkar/Downloads/project 4/node_modules/react-test-renderer/cjs/react-test-renderer.development.js:7474:18)\n    at callback (/Users/ayurparishkar/Downloads/project 4/node_modules/react-test-renderer/cjs/react-test-renderer.development.js:1574:13)\n    at runWithFiberInDEV (/Users/ayurparishkar/Downloads/project 4/node_modules/react-test-renderer/cjs/react-test-renderer.development.js:10972:22)\n    at performUnitOfWork (/Users/ayurparishkar/Downloads/project 4/node_modules/react-test-renderer/cjs/react-test-renderer.development.js:10816:41)\n    at workLoopSync (/Users/ayurparishkar/Downloads/project 4/node_modules/react-test-renderer/cjs/react-test-renderer.development.js:10797:11)\n    at renderRootSync (/Users/ayurparishkar/Downloads/project 4/node_modules/react-test-renderer/cjs/react-test-renderer.development.js:10384:39)\n    at performWorkOnRoot (/Users/ayurparishkar/Downloads/project 4/node_modules/react-test-renderer/cjs/react-test-renderer.development.js:2094:7)\n    at callback (/Users/ayurparishkar/Downloads/project 4/node_modules/react/cjs/react.development.js:862:34)\n    at flushActQueue (/Users/ayurparishkar/Downloads/project 4/node_modules/react/cjs/react.development.js:1151:10)\n    at actImplementation (/Users/ayurparishkar/Downloads/project 4/node_modules/@testing-library/react-native/src/act.ts:30:25)\n    at renderWithAct (/Users/ayurparishkar/Downloads/project 4/node_modules/@testing-library/react-native/src/render-act.ts:12:11)\n    at renderInternal (/Users/ayurparishkar/Downloads/project 4/node_modules/@testing-library/react-native/src/render.tsx:81:33)\n    at renderInternal (/Users/ayurparishkar/Downloads/project 4/node_modules/@testing-library/react-native/src/render.tsx:44:10)\n    at Object.<anonymous> (/Users/ayurparishkar/Downloads/project 4/src/features/appointments/__tests__/RecurringSlotPreview.test.tsx:30:35)\n    at Promise.then.completed (/Users/ayurparishkar/Downloads/project 4/node_modules/jest-circus/build/utils.js:298:28)\n    at new Promise (<anonymous>)\n    at callAsyncCircusFn (/Users/ayurparishkar/Downloads/project 4/node_modules/jest-circus/build/utils.js:231:10)\n    at _callCircusTest (/Users/ayurparishkar/Downloads/project 4/node_modules/jest-circus/build/run.js:316:40)\n    at _runTest (/Users/ayurparishkar/Downloads/project 4/node_modules/jest-circus/build/run.js:252:3)\n    at _runTestsForDescribeBlock (/Users/ayurparishkar/Downloads/project 4/node_modules/jest-circus/build/run.js:126:9)\n    at _runTestsForDescribeBlock (/Users/ayurparishkar/Downloads/project 4/node_modules/jest-circus/build/run.js:121:9)\n    at _runTestsForDescribeBlock (/Users/ayurparishkar/Downloads/project 4/node_modules/jest-circus/build/run.js:121:9)\n    at run (/Users/ayurparishkar/Downloads/project 4/node_modules/jest-circus/build/run.js:71:3)\n    at runAndTransformResultsToJestFormat (/Users/ayurparishkar/Downloads/project 4/node_modules/jest-circus/build/legacy-code-todo-rewrite/jestAdapterInit.js:122:21)"],"fullName":"RecurringSlotPreview Mobile compatibility and accessibility renders correctly on small device (mobile viewport)","invocations":1,"location":null,"numPassingAsserts":0,"retryReasons":[],"status":"failed","title":"renders correctly on small device (mobile viewport)"},{"ancestorTitles":["RecurringSlotPreview","Mobile compatibility and accessibility"],"duration":41,"failureDetails":[{}],"failureMessages":["Error: Element type is invalid: expected a string (for built-in components) or a class/function (for composite components) but got: undefined. You likely forgot to export your component from the file it's defined in, or you might have mixed up default and named imports.\n\nCheck the render method of `RecurringSlotPreview`.\n    at Error (/Users/ayurparishkar/Downloads/project 4/node_modules/react-test-renderer/cjs/react-test-renderer.development.js:12185:28)\n    at createFiberFromTypeAndProps (/Users/ayurparishkar/Downloads/project 4/node_modules/react-test-renderer/cjs/react-test-renderer.development.js:12199:14)\n    at createFiberFromElement (/Users/ayurparishkar/Downloads/project 4/node_modules/react-test-renderer/cjs/react-test-renderer.development.js:4475:26)\n    at createChild (/Users/ayurparishkar/Downloads/project 4/node_modules/react-test-renderer/cjs/react-test-renderer.development.js:4805:25)\n    at reconcileChildrenArray (/Users/ayurparishkar/Downloads/project 4/node_modules/react-test-renderer/cjs/react-test-renderer.development.js:5122:30)\n    at reconcileChildFibersImpl (/Users/ayurparishkar/Downloads/project 4/node_modules/react-test-renderer/cjs/react-test-renderer.development.js:5227:33)\n    at mountChildFibers (/Users/ayurparishkar/Downloads/project 4/node_modules/react-test-renderer/cjs/react-test-renderer.development.js:5735:13)\n    at reconcileChildren (/Users/ayurparishkar/Downloads/project 4/node_modules/react-test-renderer/cjs/react-test-renderer.development.js:6020:7)\n    at updateFunctionComponent (/Users/ayurparishkar/Downloads/project 4/node_modules/react-test-renderer/cjs/react-test-renderer.development.js:7474:18)\n    at callback (/Users/ayurparishkar/Downloads/project 4/node_modules/react-test-renderer/cjs/react-test-renderer.development.js:1574:13)\n    at runWithFiberInDEV (/Users/ayurparishkar/Downloads/project 4/node_modules/react-test-renderer/cjs/react-test-renderer.development.js:10972:22)\n    at performUnitOfWork (/Users/ayurparishkar/Downloads/project 4/node_modules/react-test-renderer/cjs/react-test-renderer.development.js:10816:41)\n    at workLoopSync (/Users/ayurparishkar/Downloads/project 4/node_modules/react-test-renderer/cjs/react-test-renderer.development.js:10797:11)\n    at renderRootSync (/Users/ayurparishkar/Downloads/project 4/node_modules/react-test-renderer/cjs/react-test-renderer.development.js:10384:39)\n    at performWorkOnRoot (/Users/ayurparishkar/Downloads/project 4/node_modules/react-test-renderer/cjs/react-test-renderer.development.js:2094:7)\n    at callback (/Users/ayurparishkar/Downloads/project 4/node_modules/react/cjs/react.development.js:862:34)\n    at flushActQueue (/Users/ayurparishkar/Downloads/project 4/node_modules/react/cjs/react.development.js:1151:10)\n    at actImplementation (/Users/ayurparishkar/Downloads/project 4/node_modules/@testing-library/react-native/src/act.ts:30:25)\n    at renderWithAct (/Users/ayurparishkar/Downloads/project 4/node_modules/@testing-library/react-native/src/render-act.ts:12:11)\n    at renderInternal (/Users/ayurparishkar/Downloads/project 4/node_modules/@testing-library/react-native/src/render.tsx:81:33)\n    at renderInternal (/Users/ayurparishkar/Downloads/project 4/node_modules/@testing-library/react-native/src/render.tsx:44:10)\n    at Object.<anonymous> (/Users/ayurparishkar/Downloads/project 4/src/features/appointments/__tests__/RecurringSlotPreview.test.tsx:38:37)\n    at Promise.then.completed (/Users/ayurparishkar/Downloads/project 4/node_modules/jest-circus/build/utils.js:298:28)\n    at new Promise (<anonymous>)\n    at callAsyncCircusFn (/Users/ayurparishkar/Downloads/project 4/node_modules/jest-circus/build/utils.js:231:10)\n    at _callCircusTest (/Users/ayurparishkar/Downloads/project 4/node_modules/jest-circus/build/run.js:316:40)\n    at _runTest (/Users/ayurparishkar/Downloads/project 4/node_modules/jest-circus/build/run.js:252:3)\n    at _runTestsForDescribeBlock (/Users/ayurparishkar/Downloads/project 4/node_modules/jest-circus/build/run.js:126:9)\n    at _runTestsForDescribeBlock (/Users/ayurparishkar/Downloads/project 4/node_modules/jest-circus/build/run.js:121:9)\n    at _runTestsForDescribeBlock (/Users/ayurparishkar/Downloads/project 4/node_modules/jest-circus/build/run.js:121:9)\n    at run (/Users/ayurparishkar/Downloads/project 4/node_modules/jest-circus/build/run.js:71:3)\n    at runAndTransformResultsToJestFormat (/Users/ayurparishkar/Downloads/project 4/node_modules/jest-circus/build/legacy-code-todo-rewrite/jestAdapterInit.js:122:21)"],"fullName":"RecurringSlotPreview Mobile compatibility and accessibility is scrollable when content overflows","invocations":1,"location":null,"numPassingAsserts":0,"retryReasons":[],"status":"failed","title":"is scrollable when content overflows"},{"ancestorTitles":["RecurringSlotPreview","Mobile compatibility and accessibility"],"duration":65,"failureDetails":[{}],"failureMessages":["Error: Element type is invalid: expected a string (for built-in components) or a class/function (for composite components) but got: undefined. You likely forgot to export your component from the file it's defined in, or you might have mixed up default and named imports.\n\nCheck the render method of `RecurringSlotPreview`.\n    at Error (/Users/ayurparishkar/Downloads/project 4/node_modules/react-test-renderer/cjs/react-test-renderer.development.js:12185:28)\n    at createFiberFromTypeAndProps (/Users/ayurparishkar/Downloads/project 4/node_modules/react-test-renderer/cjs/react-test-renderer.development.js:12199:14)\n    at createFiberFromElement (/Users/ayurparishkar/Downloads/project 4/node_modules/react-test-renderer/cjs/react-test-renderer.development.js:4475:26)\n    at createChild (/Users/ayurparishkar/Downloads/project 4/node_modules/react-test-renderer/cjs/react-test-renderer.development.js:4805:25)\n    at reconcileChildrenArray (/Users/ayurparishkar/Downloads/project 4/node_modules/react-test-renderer/cjs/react-test-renderer.development.js:5122:30)\n    at reconcileChildFibersImpl (/Users/ayurparishkar/Downloads/project 4/node_modules/react-test-renderer/cjs/react-test-renderer.development.js:5227:33)\n    at mountChildFibers (/Users/ayurparishkar/Downloads/project 4/node_modules/react-test-renderer/cjs/react-test-renderer.development.js:5735:13)\n    at reconcileChildren (/Users/ayurparishkar/Downloads/project 4/node_modules/react-test-renderer/cjs/react-test-renderer.development.js:6020:7)\n    at updateFunctionComponent (/Users/ayurparishkar/Downloads/project 4/node_modules/react-test-renderer/cjs/react-test-renderer.development.js:7474:18)\n    at callback (/Users/ayurparishkar/Downloads/project 4/node_modules/react-test-renderer/cjs/react-test-renderer.development.js:1574:13)\n    at runWithFiberInDEV (/Users/ayurparishkar/Downloads/project 4/node_modules/react-test-renderer/cjs/react-test-renderer.development.js:10972:22)\n    at performUnitOfWork (/Users/ayurparishkar/Downloads/project 4/node_modules/react-test-renderer/cjs/react-test-renderer.development.js:10816:41)\n    at workLoopSync (/Users/ayurparishkar/Downloads/project 4/node_modules/react-test-renderer/cjs/react-test-renderer.development.js:10797:11)\n    at renderRootSync (/Users/ayurparishkar/Downloads/project 4/node_modules/react-test-renderer/cjs/react-test-renderer.development.js:10384:39)\n    at performWorkOnRoot (/Users/ayurparishkar/Downloads/project 4/node_modules/react-test-renderer/cjs/react-test-renderer.development.js:2094:7)\n    at callback (/Users/ayurparishkar/Downloads/project 4/node_modules/react/cjs/react.development.js:862:34)\n    at flushActQueue (/Users/ayurparishkar/Downloads/project 4/node_modules/react/cjs/react.development.js:1151:10)\n    at actImplementation (/Users/ayurparishkar/Downloads/project 4/node_modules/@testing-library/react-native/src/act.ts:30:25)\n    at renderWithAct (/Users/ayurparishkar/Downloads/project 4/node_modules/@testing-library/react-native/src/render-act.ts:12:11)\n    at renderInternal (/Users/ayurparishkar/Downloads/project 4/node_modules/@testing-library/react-native/src/render.tsx:81:33)\n    at renderInternal (/Users/ayurparishkar/Downloads/project 4/node_modules/@testing-library/react-native/src/render.tsx:44:10)\n    at Object.<anonymous> (/Users/ayurparishkar/Downloads/project 4/src/features/appointments/__tests__/RecurringSlotPreview.test.tsx:42:40)\n    at Promise.then.completed (/Users/ayurparishkar/Downloads/project 4/node_modules/jest-circus/build/utils.js:298:28)\n    at new Promise (<anonymous>)\n    at callAsyncCircusFn (/Users/ayurparishkar/Downloads/project 4/node_modules/jest-circus/build/utils.js:231:10)\n    at _callCircusTest (/Users/ayurparishkar/Downloads/project 4/node_modules/jest-circus/build/run.js:316:40)\n    at _runTest (/Users/ayurparishkar/Downloads/project 4/node_modules/jest-circus/build/run.js:252:3)\n    at _runTestsForDescribeBlock (/Users/ayurparishkar/Downloads/project 4/node_modules/jest-circus/build/run.js:126:9)\n    at _runTestsForDescribeBlock (/Users/ayurparishkar/Downloads/project 4/node_modules/jest-circus/build/run.js:121:9)\n    at _runTestsForDescribeBlock (/Users/ayurparishkar/Downloads/project 4/node_modules/jest-circus/build/run.js:121:9)\n    at run (/Users/ayurparishkar/Downloads/project 4/node_modules/jest-circus/build/run.js:71:3)\n    at runAndTransformResultsToJestFormat (/Users/ayurparishkar/Downloads/project 4/node_modules/jest-circus/build/legacy-code-todo-rewrite/jestAdapterInit.js:122:21)"],"fullName":"RecurringSlotPreview Mobile compatibility and accessibility keeps input visible when keyboard is open","invocations":1,"location":null,"numPassingAsserts":0,"retryReasons":[],"status":"failed","title":"keeps input visible when keyboard is open"},{"ancestorTitles":["RecurringSlotPreview"],"duration":156,"failureDetails":[{}],"failureMessages":["Error: Element type is invalid: expected a string (for built-in components) or a class/function (for composite components) but got: undefined. You likely forgot to export your component from the file it's defined in, or you might have mixed up default and named imports.\n\nCheck the render method of `RecurringSlotPreview`.\n    at Error (/Users/ayurparishkar/Downloads/project 4/node_modules/react-test-renderer/cjs/react-test-renderer.development.js:12185:28)\n    at createFiberFromTypeAndProps (/Users/ayurparishkar/Downloads/project 4/node_modules/react-test-renderer/cjs/react-test-renderer.development.js:12199:14)\n    at createFiberFromElement (/Users/ayurparishkar/Downloads/project 4/node_modules/react-test-renderer/cjs/react-test-renderer.development.js:4475:26)\n    at createChild (/Users/ayurparishkar/Downloads/project 4/node_modules/react-test-renderer/cjs/react-test-renderer.development.js:4805:25)\n    at reconcileChildrenArray (/Users/ayurparishkar/Downloads/project 4/node_modules/react-test-renderer/cjs/react-test-renderer.development.js:5122:30)\n    at reconcileChildFibersImpl (/Users/ayurparishkar/Downloads/project 4/node_modules/react-test-renderer/cjs/react-test-renderer.development.js:5227:33)\n    at mountChildFibers (/Users/ayurparishkar/Downloads/project 4/node_modules/react-test-renderer/cjs/react-test-renderer.development.js:5735:13)\n    at reconcileChildren (/Users/ayurparishkar/Downloads/project 4/node_modules/react-test-renderer/cjs/react-test-renderer.development.js:6020:7)\n    at updateFunctionComponent (/Users/ayurparishkar/Downloads/project 4/node_modules/react-test-renderer/cjs/react-test-renderer.development.js:7474:18)\n    at callback (/Users/ayurparishkar/Downloads/project 4/node_modules/react-test-renderer/cjs/react-test-renderer.development.js:1574:13)\n    at runWithFiberInDEV (/Users/ayurparishkar/Downloads/project 4/node_modules/react-test-renderer/cjs/react-test-renderer.development.js:10972:22)\n    at performUnitOfWork (/Users/ayurparishkar/Downloads/project 4/node_modules/react-test-renderer/cjs/react-test-renderer.development.js:10816:41)\n    at workLoopSync (/Users/ayurparishkar/Downloads/project 4/node_modules/react-test-renderer/cjs/react-test-renderer.development.js:10797:11)\n    at renderRootSync (/Users/ayurparishkar/Downloads/project 4/node_modules/react-test-renderer/cjs/react-test-renderer.development.js:10384:39)\n    at performWorkOnRoot (/Users/ayurparishkar/Downloads/project 4/node_modules/react-test-renderer/cjs/react-test-renderer.development.js:2094:7)\n    at callback (/Users/ayurparishkar/Downloads/project 4/node_modules/react/cjs/react.development.js:862:34)\n    at flushActQueue (/Users/ayurparishkar/Downloads/project 4/node_modules/react/cjs/react.development.js:1151:10)\n    at actImplementation (/Users/ayurparishkar/Downloads/project 4/node_modules/@testing-library/react-native/src/act.ts:30:25)\n    at renderWithAct (/Users/ayurparishkar/Downloads/project 4/node_modules/@testing-library/react-native/src/render-act.ts:12:11)\n    at renderInternal (/Users/ayurparishkar/Downloads/project 4/node_modules/@testing-library/react-native/src/render.tsx:81:33)\n    at renderInternal (/Users/ayurparishkar/Downloads/project 4/node_modules/@testing-library/react-native/src/render.tsx:44:10)\n    at Object.<anonymous> (/Users/ayurparishkar/Downloads/project 4/src/features/appointments/__tests__/RecurringSlotPreview.test.tsx:50:11)\n    at Promise.then.completed (/Users/ayurparishkar/Downloads/project 4/node_modules/jest-circus/build/utils.js:298:28)\n    at new Promise (<anonymous>)\n    at callAsyncCircusFn (/Users/ayurparishkar/Downloads/project 4/node_modules/jest-circus/build/utils.js:231:10)\n    at _callCircusTest (/Users/ayurparishkar/Downloads/project 4/node_modules/jest-circus/build/run.js:316:40)\n    at _runTest (/Users/ayurparishkar/Downloads/project 4/node_modules/jest-circus/build/run.js:252:3)\n    at _runTestsForDescribeBlock (/Users/ayurparishkar/Downloads/project 4/node_modules/jest-circus/build/run.js:126:9)\n    at _runTestsForDescribeBlock (/Users/ayurparishkar/Downloads/project 4/node_modules/jest-circus/build/run.js:121:9)\n    at run (/Users/ayurparishkar/Downloads/project 4/node_modules/jest-circus/build/run.js:71:3)\n    at runAndTransformResultsToJestFormat (/Users/ayurparishkar/Downloads/project 4/node_modules/jest-circus/build/legacy-code-todo-rewrite/jestAdapterInit.js:122:21)"],"fullName":"RecurringSlotPreview renders without crashing","invocations":1,"location":null,"numPassingAsserts":0,"retryReasons":[],"status":"failed","title":"renders without crashing"}],"endTime":1747906451793,"message":"\u001b[1m\u001b[31m  \u001b[1m● \u001b[22m\u001b[1mRecurringSlotPreview › Mobile compatibility and accessibility › has accessible labels for all fields and buttons\u001b[39m\u001b[22m\n\n    Element type is invalid: expected a string (for built-in components) or a class/function (for composite components) but got: undefined. You likely forgot to export your component from the file it's defined in, or you might have mixed up default and named imports.\n\n    Check the render method of `RecurringSlotPreview`.\n\u001b[2m\u001b[22m\n\u001b[2m    \u001b[0m \u001b[90m 23 |\u001b[39m   describe(\u001b[32m'Mobile compatibility and accessibility'\u001b[39m\u001b[33m,\u001b[39m () \u001b[33m=>\u001b[39m {\u001b[22m\n\u001b[2m     \u001b[90m 24 |\u001b[39m     it(\u001b[32m'has accessible labels for all fields and buttons'\u001b[39m\u001b[33m,\u001b[39m () \u001b[33m=>\u001b[39m {\u001b[22m\n\u001b[2m    \u001b[31m\u001b[1m>\u001b[22m\u001b[2m\u001b[39m\u001b[90m 25 |\u001b[39m       \u001b[36mconst\u001b[39m { getByLabelText\u001b[33m,\u001b[39m getByRole } \u001b[33m=\u001b[39m render(\u001b[33m<\u001b[39m\u001b[33mRecurringSlotPreview\u001b[39m {\u001b[33m...\u001b[39mbaseProps} \u001b[33m/\u001b[39m\u001b[33m>\u001b[39m)\u001b[33m;\u001b[39m\u001b[22m\n\u001b[2m     \u001b[90m    |\u001b[39m                                                   \u001b[31m\u001b[1m^\u001b[22m\u001b[2m\u001b[39m\u001b[22m\n\u001b[2m     \u001b[90m 26 |\u001b[39m       expect(getByLabelText(\u001b[35m/recurring slot/i\u001b[39m))\u001b[33m.\u001b[39mtoBeTruthy()\u001b[33m;\u001b[39m\u001b[22m\n\u001b[2m     \u001b[90m 27 |\u001b[39m       expect(getByRole(\u001b[32m'button'\u001b[39m\u001b[33m,\u001b[39m { name\u001b[33m:\u001b[39m \u001b[35m/close|cancel/i\u001b[39m }))\u001b[33m.\u001b[39mtoBeTruthy()\u001b[33m;\u001b[39m\u001b[22m\n\u001b[2m     \u001b[90m 28 |\u001b[39m     })\u001b[33m;\u001b[39m\u001b[0m\u001b[22m\n\u001b[2m\u001b[22m\n\u001b[2m      \u001b[2mat Error (\u001b[22m\u001b[2mnode_modules/react-test-renderer/cjs/react-test-renderer.development.js\u001b[2m:12185:28)\u001b[22m\u001b[2m\u001b[22m\n\u001b[2m      \u001b[2mat createFiberFromTypeAndProps (\u001b[22m\u001b[2mnode_modules/react-test-renderer/cjs/react-test-renderer.development.js\u001b[2m:12199:14)\u001b[22m\u001b[2m\u001b[22m\n\u001b[2m      \u001b[2mat createFiberFromElement (\u001b[22m\u001b[2mnode_modules/react-test-renderer/cjs/react-test-renderer.development.js\u001b[2m:4475:26)\u001b[22m\u001b[2m\u001b[22m\n\u001b[2m      \u001b[2mat createChild (\u001b[22m\u001b[2mnode_modules/react-test-renderer/cjs/react-test-renderer.development.js\u001b[2m:4805:25)\u001b[22m\u001b[2m\u001b[22m\n\u001b[2m      \u001b[2mat reconcileChildrenArray (\u001b[22m\u001b[2mnode_modules/react-test-renderer/cjs/react-test-renderer.development.js\u001b[2m:5122:30)\u001b[22m\u001b[2m\u001b[22m\n\u001b[2m      \u001b[2mat reconcileChildFibersImpl (\u001b[22m\u001b[2mnode_modules/react-test-renderer/cjs/react-test-renderer.development.js\u001b[2m:5227:33)\u001b[22m\u001b[2m\u001b[22m\n\u001b[2m      \u001b[2mat mountChildFibers (\u001b[22m\u001b[2mnode_modules/react-test-renderer/cjs/react-test-renderer.development.js\u001b[2m:5735:13)\u001b[22m\u001b[2m\u001b[22m\n\u001b[2m      \u001b[2mat reconcileChildren (\u001b[22m\u001b[2mnode_modules/react-test-renderer/cjs/react-test-renderer.development.js\u001b[2m:6020:7)\u001b[22m\u001b[2m\u001b[22m\n\u001b[2m      \u001b[2mat updateFunctionComponent (\u001b[22m\u001b[2mnode_modules/react-test-renderer/cjs/react-test-renderer.development.js\u001b[2m:7474:18)\u001b[22m\u001b[2m\u001b[22m\n\u001b[2m      \u001b[2mat callback (\u001b[22m\u001b[2mnode_modules/react-test-renderer/cjs/react-test-renderer.development.js\u001b[2m:1574:13)\u001b[22m\u001b[2m\u001b[22m\n\u001b[2m      \u001b[2mat runWithFiberInDEV (\u001b[22m\u001b[2mnode_modules/react-test-renderer/cjs/react-test-renderer.development.js\u001b[2m:10972:22)\u001b[22m\u001b[2m\u001b[22m\n\u001b[2m      \u001b[2mat performUnitOfWork (\u001b[22m\u001b[2mnode_modules/react-test-renderer/cjs/react-test-renderer.development.js\u001b[2m:10816:41)\u001b[22m\u001b[2m\u001b[22m\n\u001b[2m      \u001b[2mat workLoopSync (\u001b[22m\u001b[2mnode_modules/react-test-renderer/cjs/react-test-renderer.development.js\u001b[2m:10797:11)\u001b[22m\u001b[2m\u001b[22m\n\u001b[2m      \u001b[2mat renderRootSync (\u001b[22m\u001b[2mnode_modules/react-test-renderer/cjs/react-test-renderer.development.js\u001b[2m:10384:39)\u001b[22m\u001b[2m\u001b[22m\n\u001b[2m      \u001b[2mat performWorkOnRoot (\u001b[22m\u001b[2mnode_modules/react-test-renderer/cjs/react-test-renderer.development.js\u001b[2m:2094:7)\u001b[22m\u001b[2m\u001b[22m\n\u001b[2m      \u001b[2mat callback (\u001b[22m\u001b[2mnode_modules/react/cjs/react.development.js\u001b[2m:862:34)\u001b[22m\u001b[2m\u001b[22m\n\u001b[2m      \u001b[2mat flushActQueue (\u001b[22m\u001b[2mnode_modules/react/cjs/react.development.js\u001b[2m:1151:10)\u001b[22m\u001b[2m\u001b[22m\n\u001b[2m      \u001b[2mat actImplementation (\u001b[22m\u001b[2mnode_modules/@testing-library/react-native/src/act.ts\u001b[2m:30:25)\u001b[22m\u001b[2m\u001b[22m\n\u001b[2m      \u001b[2mat renderWithAct (\u001b[22m\u001b[2mnode_modules/@testing-library/react-native/src/render-act.ts\u001b[2m:12:11)\u001b[22m\u001b[2m\u001b[22m\n\u001b[2m      \u001b[2mat renderInternal (\u001b[22m\u001b[2mnode_modules/@testing-library/react-native/src/render.tsx\u001b[2m:81:33)\u001b[22m\u001b[2m\u001b[22m\n\u001b[2m      \u001b[2mat renderInternal (\u001b[22m\u001b[2mnode_modules/@testing-library/react-native/src/render.tsx\u001b[2m:44:10)\u001b[22m\u001b[2m\u001b[22m\n\u001b[2m      \u001b[2mat Object.<anonymous> (\u001b[22m\u001b[2m\u001b[0m\u001b[36msrc/features/appointments/__tests__/RecurringSlotPreview.test.tsx\u001b[39m\u001b[0m\u001b[2m:25:51)\u001b[22m\u001b[2m\u001b[22m\n\n\u001b[1m\u001b[31m  \u001b[1m● \u001b[22m\u001b[1mRecurringSlotPreview › Mobile compatibility and accessibility › renders correctly on small device (mobile viewport)\u001b[39m\u001b[22m\n\n    Element type is invalid: expected a string (for built-in components) or a class/function (for composite components) but got: undefined. You likely forgot to export your component from the file it's defined in, or you might have mixed up default and named imports.\n\n    Check the render method of `RecurringSlotPreview`.\n\u001b[2m\u001b[22m\n\u001b[2m    \u001b[0m \u001b[90m 28 |\u001b[39m     })\u001b[33m;\u001b[39m\u001b[22m\n\u001b[2m     \u001b[90m 29 |\u001b[39m     it(\u001b[32m'renders correctly on small device (mobile viewport)'\u001b[39m\u001b[33m,\u001b[39m () \u001b[33m=>\u001b[39m {\u001b[22m\n\u001b[2m    \u001b[31m\u001b[1m>\u001b[22m\u001b[2m\u001b[39m\u001b[90m 30 |\u001b[39m       \u001b[36mconst\u001b[39m { getByText } \u001b[33m=\u001b[39m render(\u001b[33m<\u001b[39m\u001b[33mRecurringSlotPreview\u001b[39m {\u001b[33m...\u001b[39mbaseProps} \u001b[33m/\u001b[39m\u001b[33m>\u001b[39m\u001b[33m,\u001b[39m {\u001b[22m\n\u001b[2m     \u001b[90m    |\u001b[39m                                   \u001b[31m\u001b[1m^\u001b[22m\u001b[2m\u001b[39m\u001b[22m\n\u001b[2m     \u001b[90m 31 |\u001b[39m         wrapper\u001b[33m:\u001b[39m ({ children }) \u001b[33m=>\u001b[39m (\u001b[22m\n\u001b[2m     \u001b[90m 32 |\u001b[39m           \u001b[33m<\u001b[39m\u001b[33mdiv\u001b[39m style\u001b[33m=\u001b[39m{{ width\u001b[33m:\u001b[39m \u001b[35m320\u001b[39m\u001b[33m,\u001b[39m height\u001b[33m:\u001b[39m \u001b[35m600\u001b[39m }}\u001b[33m>\u001b[39m{children}\u001b[33m<\u001b[39m\u001b[33m/\u001b[39m\u001b[33mdiv\u001b[39m\u001b[33m>\u001b[39m\u001b[22m\n\u001b[2m     \u001b[90m 33 |\u001b[39m         )\u001b[33m,\u001b[39m\u001b[0m\u001b[22m\n\u001b[2m\u001b[22m\n\u001b[2m      \u001b[2mat Error (\u001b[22m\u001b[2mnode_modules/react-test-renderer/cjs/react-test-renderer.development.js\u001b[2m:12185:28)\u001b[22m\u001b[2m\u001b[22m\n\u001b[2m      \u001b[2mat createFiberFromTypeAndProps (\u001b[22m\u001b[2mnode_modules/react-test-renderer/cjs/react-test-renderer.development.js\u001b[2m:12199:14)\u001b[22m\u001b[2m\u001b[22m\n\u001b[2m      \u001b[2mat createFiberFromElement (\u001b[22m\u001b[2mnode_modules/react-test-renderer/cjs/react-test-renderer.development.js\u001b[2m:4475:26)\u001b[22m\u001b[2m\u001b[22m\n\u001b[2m      \u001b[2mat createChild (\u001b[22m\u001b[2mnode_modules/react-test-renderer/cjs/react-test-renderer.development.js\u001b[2m:4805:25)\u001b[22m\u001b[2m\u001b[22m\n\u001b[2m      \u001b[2mat reconcileChildrenArray (\u001b[22m\u001b[2mnode_modules/react-test-renderer/cjs/react-test-renderer.development.js\u001b[2m:5122:30)\u001b[22m\u001b[2m\u001b[22m\n\u001b[2m      \u001b[2mat reconcileChildFibersImpl (\u001b[22m\u001b[2mnode_modules/react-test-renderer/cjs/react-test-renderer.development.js\u001b[2m:5227:33)\u001b[22m\u001b[2m\u001b[22m\n\u001b[2m      \u001b[2mat mountChildFibers (\u001b[22m\u001b[2mnode_modules/react-test-renderer/cjs/react-test-renderer.development.js\u001b[2m:5735:13)\u001b[22m\u001b[2m\u001b[22m\n\u001b[2m      \u001b[2mat reconcileChildren (\u001b[22m\u001b[2mnode_modules/react-test-renderer/cjs/react-test-renderer.development.js\u001b[2m:6020:7)\u001b[22m\u001b[2m\u001b[22m\n\u001b[2m      \u001b[2mat updateFunctionComponent (\u001b[22m\u001b[2mnode_modules/react-test-renderer/cjs/react-test-renderer.development.js\u001b[2m:7474:18)\u001b[22m\u001b[2m\u001b[22m\n\u001b[2m      \u001b[2mat callback (\u001b[22m\u001b[2mnode_modules/react-test-renderer/cjs/react-test-renderer.development.js\u001b[2m:1574:13)\u001b[22m\u001b[2m\u001b[22m\n\u001b[2m      \u001b[2mat runWithFiberInDEV (\u001b[22m\u001b[2mnode_modules/react-test-renderer/cjs/react-test-renderer.development.js\u001b[2m:10972:22)\u001b[22m\u001b[2m\u001b[22m\n\u001b[2m      \u001b[2mat performUnitOfWork (\u001b[22m\u001b[2mnode_modules/react-test-renderer/cjs/react-test-renderer.development.js\u001b[2m:10816:41)\u001b[22m\u001b[2m\u001b[22m\n\u001b[2m      \u001b[2mat workLoopSync (\u001b[22m\u001b[2mnode_modules/react-test-renderer/cjs/react-test-renderer.development.js\u001b[2m:10797:11)\u001b[22m\u001b[2m\u001b[22m\n\u001b[2m      \u001b[2mat renderRootSync (\u001b[22m\u001b[2mnode_modules/react-test-renderer/cjs/react-test-renderer.development.js\u001b[2m:10384:39)\u001b[22m\u001b[2m\u001b[22m\n\u001b[2m      \u001b[2mat performWorkOnRoot (\u001b[22m\u001b[2mnode_modules/react-test-renderer/cjs/react-test-renderer.development.js\u001b[2m:2094:7)\u001b[22m\u001b[2m\u001b[22m\n\u001b[2m      \u001b[2mat callback (\u001b[22m\u001b[2mnode_modules/react/cjs/react.development.js\u001b[2m:862:34)\u001b[22m\u001b[2m\u001b[22m\n\u001b[2m      \u001b[2mat flushActQueue (\u001b[22m\u001b[2mnode_modules/react/cjs/react.development.js\u001b[2m:1151:10)\u001b[22m\u001b[2m\u001b[22m\n\u001b[2m      \u001b[2mat actImplementation (\u001b[22m\u001b[2mnode_modules/@testing-library/react-native/src/act.ts\u001b[2m:30:25)\u001b[22m\u001b[2m\u001b[22m\n\u001b[2m      \u001b[2mat renderWithAct (\u001b[22m\u001b[2mnode_modules/@testing-library/react-native/src/render-act.ts\u001b[2m:12:11)\u001b[22m\u001b[2m\u001b[22m\n\u001b[2m      \u001b[2mat renderInternal (\u001b[22m\u001b[2mnode_modules/@testing-library/react-native/src/render.tsx\u001b[2m:81:33)\u001b[22m\u001b[2m\u001b[22m\n\u001b[2m      \u001b[2mat renderInternal (\u001b[22m\u001b[2mnode_modules/@testing-library/react-native/src/render.tsx\u001b[2m:44:10)\u001b[22m\u001b[2m\u001b[22m\n\u001b[2m      \u001b[2mat Object.<anonymous> (\u001b[22m\u001b[2m\u001b[0m\u001b[36msrc/features/appointments/__tests__/RecurringSlotPreview.test.tsx\u001b[39m\u001b[0m\u001b[2m:30:35)\u001b[22m\u001b[2m\u001b[22m\n\n\u001b[1m\u001b[31m  \u001b[1m● \u001b[22m\u001b[1mRecurringSlotPreview › Mobile compatibility and accessibility › is scrollable when content overflows\u001b[39m\u001b[22m\n\n    Element type is invalid: expected a string (for built-in components) or a class/function (for composite components) but got: undefined. You likely forgot to export your component from the file it's defined in, or you might have mixed up default and named imports.\n\n    Check the render method of `RecurringSlotPreview`.\n\u001b[2m\u001b[22m\n\u001b[2m    \u001b[0m \u001b[90m 36 |\u001b[39m     })\u001b[33m;\u001b[39m\u001b[22m\n\u001b[2m     \u001b[90m 37 |\u001b[39m     it(\u001b[32m'is scrollable when content overflows'\u001b[39m\u001b[33m,\u001b[39m () \u001b[33m=>\u001b[39m {\u001b[22m\n\u001b[2m    \u001b[31m\u001b[1m>\u001b[22m\u001b[2m\u001b[39m\u001b[90m 38 |\u001b[39m       \u001b[36mconst\u001b[39m { getByTestId } \u001b[33m=\u001b[39m render(\u001b[33m<\u001b[39m\u001b[33mRecurringSlotPreview\u001b[39m {\u001b[33m...\u001b[39mbaseProps} \u001b[33m/\u001b[39m\u001b[33m>\u001b[39m)\u001b[33m;\u001b[39m\u001b[22m\n\u001b[2m     \u001b[90m    |\u001b[39m                                     \u001b[31m\u001b[1m^\u001b[22m\u001b[2m\u001b[39m\u001b[22m\n\u001b[2m     \u001b[90m 39 |\u001b[39m       expect(getByTestId(\u001b[32m'recurring-slot-preview-scroll'\u001b[39m))\u001b[33m.\u001b[39mtoBeTruthy()\u001b[33m;\u001b[39m\u001b[22m\n\u001b[2m     \u001b[90m 40 |\u001b[39m     })\u001b[33m;\u001b[39m\u001b[22m\n\u001b[2m     \u001b[90m 41 |\u001b[39m     it(\u001b[32m'keeps input visible when keyboard is open'\u001b[39m\u001b[33m,\u001b[39m () \u001b[33m=>\u001b[39m {\u001b[0m\u001b[22m\n\u001b[2m\u001b[22m\n\u001b[2m      \u001b[2mat Error (\u001b[22m\u001b[2mnode_modules/react-test-renderer/cjs/react-test-renderer.development.js\u001b[2m:12185:28)\u001b[22m\u001b[2m\u001b[22m\n\u001b[2m      \u001b[2mat createFiberFromTypeAndProps (\u001b[22m\u001b[2mnode_modules/react-test-renderer/cjs/react-test-renderer.development.js\u001b[2m:12199:14)\u001b[22m\u001b[2m\u001b[22m\n\u001b[2m      \u001b[2mat createFiberFromElement (\u001b[22m\u001b[2mnode_modules/react-test-renderer/cjs/react-test-renderer.development.js\u001b[2m:4475:26)\u001b[22m\u001b[2m\u001b[22m\n\u001b[2m      \u001b[2mat createChild (\u001b[22m\u001b[2mnode_modules/react-test-renderer/cjs/react-test-renderer.development.js\u001b[2m:4805:25)\u001b[22m\u001b[2m\u001b[22m\n\u001b[2m      \u001b[2mat reconcileChildrenArray (\u001b[22m\u001b[2mnode_modules/react-test-renderer/cjs/react-test-renderer.development.js\u001b[2m:5122:30)\u001b[22m\u001b[2m\u001b[22m\n\u001b[2m      \u001b[2mat reconcileChildFibersImpl (\u001b[22m\u001b[2mnode_modules/react-test-renderer/cjs/react-test-renderer.development.js\u001b[2m:5227:33)\u001b[22m\u001b[2m\u001b[22m\n\u001b[2m      \u001b[2mat mountChildFibers (\u001b[22m\u001b[2mnode_modules/react-test-renderer/cjs/react-test-renderer.development.js\u001b[2m:5735:13)\u001b[22m\u001b[2m\u001b[22m\n\u001b[2m      \u001b[2mat reconcileChildren (\u001b[22m\u001b[2mnode_modules/react-test-renderer/cjs/react-test-renderer.development.js\u001b[2m:6020:7)\u001b[22m\u001b[2m\u001b[22m\n\u001b[2m      \u001b[2mat updateFunctionComponent (\u001b[22m\u001b[2mnode_modules/react-test-renderer/cjs/react-test-renderer.development.js\u001b[2m:7474:18)\u001b[22m\u001b[2m\u001b[22m\n\u001b[2m      \u001b[2mat callback (\u001b[22m\u001b[2mnode_modules/react-test-renderer/cjs/react-test-renderer.development.js\u001b[2m:1574:13)\u001b[22m\u001b[2m\u001b[22m\n\u001b[2m      \u001b[2mat runWithFiberInDEV (\u001b[22m\u001b[2mnode_modules/react-test-renderer/cjs/react-test-renderer.development.js\u001b[2m:10972:22)\u001b[22m\u001b[2m\u001b[22m\n\u001b[2m      \u001b[2mat performUnitOfWork (\u001b[22m\u001b[2mnode_modules/react-test-renderer/cjs/react-test-renderer.development.js\u001b[2m:10816:41)\u001b[22m\u001b[2m\u001b[22m\n\u001b[2m      \u001b[2mat workLoopSync (\u001b[22m\u001b[2mnode_modules/react-test-renderer/cjs/react-test-renderer.development.js\u001b[2m:10797:11)\u001b[22m\u001b[2m\u001b[22m\n\u001b[2m      \u001b[2mat renderRootSync (\u001b[22m\u001b[2mnode_modules/react-test-renderer/cjs/react-test-renderer.development.js\u001b[2m:10384:39)\u001b[22m\u001b[2m\u001b[22m\n\u001b[2m      \u001b[2mat performWorkOnRoot (\u001b[22m\u001b[2mnode_modules/react-test-renderer/cjs/react-test-renderer.development.js\u001b[2m:2094:7)\u001b[22m\u001b[2m\u001b[22m\n\u001b[2m      \u001b[2mat callback (\u001b[22m\u001b[2mnode_modules/react/cjs/react.development.js\u001b[2m:862:34)\u001b[22m\u001b[2m\u001b[22m\n\u001b[2m      \u001b[2mat flushActQueue (\u001b[22m\u001b[2mnode_modules/react/cjs/react.development.js\u001b[2m:1151:10)\u001b[22m\u001b[2m\u001b[22m\n\u001b[2m      \u001b[2mat actImplementation (\u001b[22m\u001b[2mnode_modules/@testing-library/react-native/src/act.ts\u001b[2m:30:25)\u001b[22m\u001b[2m\u001b[22m\n\u001b[2m      \u001b[2mat renderWithAct (\u001b[22m\u001b[2mnode_modules/@testing-library/react-native/src/render-act.ts\u001b[2m:12:11)\u001b[22m\u001b[2m\u001b[22m\n\u001b[2m      \u001b[2mat renderInternal (\u001b[22m\u001b[2mnode_modules/@testing-library/react-native/src/render.tsx\u001b[2m:81:33)\u001b[22m\u001b[2m\u001b[22m\n\u001b[2m      \u001b[2mat renderInternal (\u001b[22m\u001b[2mnode_modules/@testing-library/react-native/src/render.tsx\u001b[2m:44:10)\u001b[22m\u001b[2m\u001b[22m\n\u001b[2m      \u001b[2mat Object.<anonymous> (\u001b[22m\u001b[2m\u001b[0m\u001b[36msrc/features/appointments/__tests__/RecurringSlotPreview.test.tsx\u001b[39m\u001b[0m\u001b[2m:38:37)\u001b[22m\u001b[2m\u001b[22m\n\n\u001b[1m\u001b[31m  \u001b[1m● \u001b[22m\u001b[1mRecurringSlotPreview › Mobile compatibility and accessibility › keeps input visible when keyboard is open\u001b[39m\u001b[22m\n\n    Element type is invalid: expected a string (for built-in components) or a class/function (for composite components) but got: undefined. You likely forgot to export your component from the file it's defined in, or you might have mixed up default and named imports.\n\n    Check the render method of `RecurringSlotPreview`.\n\u001b[2m\u001b[22m\n\u001b[2m    \u001b[0m \u001b[90m 40 |\u001b[39m     })\u001b[33m;\u001b[39m\u001b[22m\n\u001b[2m     \u001b[90m 41 |\u001b[39m     it(\u001b[32m'keeps input visible when keyboard is open'\u001b[39m\u001b[33m,\u001b[39m () \u001b[33m=>\u001b[39m {\u001b[22m\n\u001b[2m    \u001b[31m\u001b[1m>\u001b[22m\u001b[2m\u001b[39m\u001b[90m 42 |\u001b[39m       \u001b[36mconst\u001b[39m { getByLabelText } \u001b[33m=\u001b[39m render(\u001b[33m<\u001b[39m\u001b[33mRecurringSlotPreview\u001b[39m {\u001b[33m...\u001b[39mbaseProps} \u001b[33m/\u001b[39m\u001b[33m>\u001b[39m)\u001b[33m;\u001b[39m\u001b[22m\n\u001b[2m     \u001b[90m    |\u001b[39m                                        \u001b[31m\u001b[1m^\u001b[22m\u001b[2m\u001b[39m\u001b[22m\n\u001b[2m     \u001b[90m 43 |\u001b[39m       \u001b[36mconst\u001b[39m input \u001b[33m=\u001b[39m getByLabelText(\u001b[35m/recurring slot/i\u001b[39m)\u001b[33m;\u001b[39m\u001b[22m\n\u001b[2m     \u001b[90m 44 |\u001b[39m       fireEvent(input\u001b[33m,\u001b[39m \u001b[32m'focus'\u001b[39m)\u001b[33m;\u001b[39m\u001b[22m\n\u001b[2m     \u001b[90m 45 |\u001b[39m       \u001b[90m// expect(input).toBeVisible();\u001b[39m\u001b[0m\u001b[22m\n\u001b[2m\u001b[22m\n\u001b[2m      \u001b[2mat Error (\u001b[22m\u001b[2mnode_modules/react-test-renderer/cjs/react-test-renderer.development.js\u001b[2m:12185:28)\u001b[22m\u001b[2m\u001b[22m\n\u001b[2m      \u001b[2mat createFiberFromTypeAndProps (\u001b[22m\u001b[2mnode_modules/react-test-renderer/cjs/react-test-renderer.development.js\u001b[2m:12199:14)\u001b[22m\u001b[2m\u001b[22m\n\u001b[2m      \u001b[2mat createFiberFromElement (\u001b[22m\u001b[2mnode_modules/react-test-renderer/cjs/react-test-renderer.development.js\u001b[2m:4475:26)\u001b[22m\u001b[2m\u001b[22m\n\u001b[2m      \u001b[2mat createChild (\u001b[22m\u001b[2mnode_modules/react-test-renderer/cjs/react-test-renderer.development.js\u001b[2m:4805:25)\u001b[22m\u001b[2m\u001b[22m\n\u001b[2m      \u001b[2mat reconcileChildrenArray (\u001b[22m\u001b[2mnode_modules/react-test-renderer/cjs/react-test-renderer.development.js\u001b[2m:5122:30)\u001b[22m\u001b[2m\u001b[22m\n\u001b[2m      \u001b[2mat reconcileChildFibersImpl (\u001b[22m\u001b[2mnode_modules/react-test-renderer/cjs/react-test-renderer.development.js\u001b[2m:5227:33)\u001b[22m\u001b[2m\u001b[22m\n\u001b[2m      \u001b[2mat mountChildFibers (\u001b[22m\u001b[2mnode_modules/react-test-renderer/cjs/react-test-renderer.development.js\u001b[2m:5735:13)\u001b[22m\u001b[2m\u001b[22m\n\u001b[2m      \u001b[2mat reconcileChildren (\u001b[22m\u001b[2mnode_modules/react-test-renderer/cjs/react-test-renderer.development.js\u001b[2m:6020:7)\u001b[22m\u001b[2m\u001b[22m\n\u001b[2m      \u001b[2mat updateFunctionComponent (\u001b[22m\u001b[2mnode_modules/react-test-renderer/cjs/react-test-renderer.development.js\u001b[2m:7474:18)\u001b[22m\u001b[2m\u001b[22m\n\u001b[2m      \u001b[2mat callback (\u001b[22m\u001b[2mnode_modules/react-test-renderer/cjs/react-test-renderer.development.js\u001b[2m:1574:13)\u001b[22m\u001b[2m\u001b[22m\n\u001b[2m      \u001b[2mat runWithFiberInDEV (\u001b[22m\u001b[2mnode_modules/react-test-renderer/cjs/react-test-renderer.development.js\u001b[2m:10972:22)\u001b[22m\u001b[2m\u001b[22m\n\u001b[2m      \u001b[2mat performUnitOfWork (\u001b[22m\u001b[2mnode_modules/react-test-renderer/cjs/react-test-renderer.development.js\u001b[2m:10816:41)\u001b[22m\u001b[2m\u001b[22m\n\u001b[2m      \u001b[2mat workLoopSync (\u001b[22m\u001b[2mnode_modules/react-test-renderer/cjs/react-test-renderer.development.js\u001b[2m:10797:11)\u001b[22m\u001b[2m\u001b[22m\n\u001b[2m      \u001b[2mat renderRootSync (\u001b[22m\u001b[2mnode_modules/react-test-renderer/cjs/react-test-renderer.development.js\u001b[2m:10384:39)\u001b[22m\u001b[2m\u001b[22m\n\u001b[2m      \u001b[2mat performWorkOnRoot (\u001b[22m\u001b[2mnode_modules/react-test-renderer/cjs/react-test-renderer.development.js\u001b[2m:2094:7)\u001b[22m\u001b[2m\u001b[22m\n\u001b[2m      \u001b[2mat callback (\u001b[22m\u001b[2mnode_modules/react/cjs/react.development.js\u001b[2m:862:34)\u001b[22m\u001b[2m\u001b[22m\n\u001b[2m      \u001b[2mat flushActQueue (\u001b[22m\u001b[2mnode_modules/react/cjs/react.development.js\u001b[2m:1151:10)\u001b[22m\u001b[2m\u001b[22m\n\u001b[2m      \u001b[2mat actImplementation (\u001b[22m\u001b[2mnode_modules/@testing-library/react-native/src/act.ts\u001b[2m:30:25)\u001b[22m\u001b[2m\u001b[22m\n\u001b[2m      \u001b[2mat renderWithAct (\u001b[22m\u001b[2mnode_modules/@testing-library/react-native/src/render-act.ts\u001b[2m:12:11)\u001b[22m\u001b[2m\u001b[22m\n\u001b[2m      \u001b[2mat renderInternal (\u001b[22m\u001b[2mnode_modules/@testing-library/react-native/src/render.tsx\u001b[2m:81:33)\u001b[22m\u001b[2m\u001b[22m\n\u001b[2m      \u001b[2mat renderInternal (\u001b[22m\u001b[2mnode_modules/@testing-library/react-native/src/render.tsx\u001b[2m:44:10)\u001b[22m\u001b[2m\u001b[22m\n\u001b[2m      \u001b[2mat Object.<anonymous> (\u001b[22m\u001b[2m\u001b[0m\u001b[36msrc/features/appointments/__tests__/RecurringSlotPreview.test.tsx\u001b[39m\u001b[0m\u001b[2m:42:40)\u001b[22m\u001b[2m\u001b[22m\n\n\u001b[1m\u001b[31m  \u001b[1m● \u001b[22m\u001b[1mRecurringSlotPreview › renders without crashing\u001b[39m\u001b[22m\n\n    Element type is invalid: expected a string (for built-in components) or a class/function (for composite components) but got: undefined. You likely forgot to export your component from the file it's defined in, or you might have mixed up default and named imports.\n\n    Check the render method of `RecurringSlotPreview`.\n\u001b[2m\u001b[22m\n\u001b[2m    \u001b[0m \u001b[90m 48 |\u001b[39m\u001b[22m\n\u001b[2m     \u001b[90m 49 |\u001b[39m   it(\u001b[32m'renders without crashing'\u001b[39m\u001b[33m,\u001b[39m () \u001b[33m=>\u001b[39m {\u001b[22m\n\u001b[2m    \u001b[31m\u001b[1m>\u001b[22m\u001b[2m\u001b[39m\u001b[90m 50 |\u001b[39m     render(\u001b[33m<\u001b[39m\u001b[33mRecurringSlotPreview\u001b[39m {\u001b[33m...\u001b[39mbaseProps} \u001b[33m/\u001b[39m\u001b[33m>\u001b[39m)\u001b[33m;\u001b[39m\u001b[22m\n\u001b[2m     \u001b[90m    |\u001b[39m           \u001b[31m\u001b[1m^\u001b[22m\u001b[2m\u001b[39m\u001b[22m\n\u001b[2m     \u001b[90m 51 |\u001b[39m   })\u001b[33m;\u001b[39m\u001b[22m\n\u001b[2m     \u001b[90m 52 |\u001b[39m   \u001b[90m// Add more tests here\u001b[39m\u001b[22m\n\u001b[2m     \u001b[90m 53 |\u001b[39m })\u001b[33m;\u001b[39m\u001b[0m\u001b[22m\n\u001b[2m\u001b[22m\n\u001b[2m      \u001b[2mat Error (\u001b[22m\u001b[2mnode_module
[...]
ges":[],"fullName":"validateMappedRow returns no errors for valid row","invocations":1,"location":null,"numPassingAsserts":1,"retryReasons":[],"status":"passed","title":"returns no errors for valid row"},{"ancestorTitles":["validateMappedRow"],"duration":0,"failureDetails":[],"failureMessages":[],"fullName":"validateMappedRow returns required error for missing required fields","invocations":1,"location":null,"numPassingAsserts":1,"retryReasons":[],"status":"passed","title":"returns required error for missing required fields"},{"ancestorTitles":["validateMappedRow"],"duration":1,"failureDetails":[],"failureMessages":[],"fullName":"validateMappedRow returns number error for invalid number","invocations":1,"location":null,"numPassingAsserts":1,"retryReasons":[],"status":"passed","title":"returns number error for invalid number"},{"ancestorTitles":["validateMappedRow"],"duration":0,"failureDetails":[],"failureMessages":[],"fullName":"validateMappedRow returns date error for invalid date","invocations":1,"location":null,"numPassingAsserts":1,"retryReasons":[],"status":"passed","title":"returns date error for invalid date"}],"endTime":1747906454049,"message":"","name":"/Users/ayurparishkar/Downloads/project 4/src/utils/__tests__/validateMappedRow.test.ts","startTime":1747906453806,"status":"passed","summary":""},{"assertionResults":[{"ancestorTitles":["appointmentsSlice"],"duration":2,"failureDetails":[],"failureMessages":[],"fullName":"appointmentsSlice should return the initial state","invocations":1,"location":null,"numPassingAsserts":1,"retryReasons":[],"status":"passed","title":"should return the initial state"},{"ancestorTitles":["appointmentsSlice"],"duration":60,"failureDetails":[],"failureMessages":[],"fullName":"appointmentsSlice should handle addAppointment","invocations":1,"location":null,"numPassingAsserts":1,"retryReasons":[],"status":"passed","title":"should handle addAppointment"},{"ancestorTitles":["appointmentsSlice"],"duration":2,"failureDetails":[],"failureMessages":[],"fullName":"appointmentsSlice should handle addAppointments","invocations":1,"location":null,"numPassingAsserts":1,"retryReasons":[],"status":"passed","title":"should handle addAppointments"},{"ancestorTitles":["appointmentsSlice"],"duration":0,"failureDetails":[],"failureMessages":[],"fullName":"appointmentsSlice should handle setAppointments","invocations":1,"location":null,"numPassingAsserts":1,"retryReasons":[],"status":"passed","title":"should handle setAppointments"},{"ancestorTitles":["appointmentsSlice"],"duration":1,"failureDetails":[],"failureMessages":[],"fullName":"appointmentsSlice should handle clearAppointments","invocations":1,"location":null,"numPassingAsserts":1,"retryReasons":[],"status":"passed","title":"should handle clearAppointments"},{"ancestorTitles":["appointmentsSlice"],"duration":0,"failureDetails":[],"failureMessages":[],"fullName":"appointmentsSlice should handle clearAppointmentsError","invocations":1,"location":null,"numPassingAsserts":1,"retryReasons":[],"status":"passed","title":"should handle clearAppointmentsError"}],"endTime":1747906454324,"message":"","name":"/Users/ayurparishkar/Downloads/project 4/src/features/appointments/__tests__/appointmentsSlice.test.ts","startTime":1747906453906,"status":"passed","summary":""},{"assertionResults":[{"ancestorTitles":["isSlotInPast"],"duration":0,"failureDetails":[],"failureMessages":[],"fullName":"isSlotInPast returns true for past slots","invocations":1,"location":null,"numPassingAsserts":1,"retryReasons":[],"status":"passed","title":"returns true for past slots"},{"ancestorTitles":["isSlotInPast"],"duration":0,"failureDetails":[],"failureMessages":[],"fullName":"isSlotInPast returns false for future slots","invocations":1,"location":null,"numPassingAsserts":1,"retryReasons":[],"status":"passed","title":"returns false for future slots"}],"endTime":1747906454186,"message":"","name":"/Users/ayurparishkar/Downloads/project 4/src/features/appointments/__tests__/isSlotInPast.test.ts","startTime":1747906453934,"status":"passed","summary":""},{"assertionResults":[{"ancestorTitles":["NewAppointmentModal"],"duration":33,"failureDetails":[],"failureMessages":[],"fullName":"NewAppointmentModal renders doctor and therapy tabs","invocations":1,"location":null,"numPassingAsserts":2,"retryReasons":[],"status":"passed","title":"renders doctor and therapy tabs"},{"ancestorTitles":["NewAppointmentModal"],"duration":24,"failureDetails":[],"failureMessages":[],"fullName":"NewAppointmentModal does not render content when not visible","invocations":1,"location":null,"numPassingAsserts":2,"retryReasons":[],"status":"passed","title":"does not render content when not visible"},{"ancestorTitles":["NewAppointmentModal"],"duration":31,"failureDetails":[],"failureMessages":[],"fullName":"NewAppointmentModal switches tabs correctly","invocations":1,"location":null,"numPassingAsserts":2,"retryReasons":[],"status":"passed","title":"switches tabs correctly"},{"ancestorTitles":["NewAppointmentModal"],"duration":9,"failureDetails":[],"failureMessages":[],"fullName":"NewAppointmentModal calls onClose when close button is pressed","invocations":1,"location":null,"numPassingAsserts":1,"retryReasons":[],"status":"passed","title":"calls onClose when close button is pressed"}],"endTime":1747906454334,"message":"","name":"/Users/ayurparishkar/Downloads/project 4/src/features/appointments/__tests__/NewAppointmentModal.test.tsx","startTime":1747906453853,"status":"passed","summary":""},{"assertionResults":[{"ancestorTitles":["InventorySchema"],"duration":2,"failureDetails":[],"failureMessages":[],"fullName":"InventorySchema should contain all required fields with correct types and labels","invocations":1,"location":null,"numPassingAsserts":2,"retryReasons":[],"status":"passed","title":"should contain all required fields with correct types and labels"}],"endTime":1747906454423,"message":"","name":"/Users/ayurparishkar/Downloads/project 4/src/utils/__tests__/inventorySchema.test.ts","startTime":1747906454054,"status":"passed","summary":""},{"assertionResults":[{"ancestorTitles":["clientsSlice"],"duration":2,"failureDetails":[],"failureMessages":[],"fullName":"clientsSlice should return the initial state","invocations":1,"location":null,"numPassingAsserts":1,"retryReasons":[],"status":"passed","title":"should return the initial state"},{"ancestorTitles":["clientsSlice"],"duration":2,"failureDetails":[],"failureMessages":[],"fullName":"clientsSlice should handle addClient","invocations":1,"location":null,"numPassingAsserts":1,"retryReasons":[],"status":"passed","title":"should handle addClient"},{"ancestorTitles":["clientsSlice"],"duration":3,"failureDetails":[],"failureMessages":[],"fullName":"clientsSlice should handle updateClient (existing)","invocations":1,"location":null,"numPassingAsserts":1,"retryReasons":[],"status":"passed","title":"should handle updateClient (existing)"},{"ancestorTitles":["clientsSlice"],"duration":1,"failureDetails":[],"failureMessages":[],"fullName":"clientsSlice should handle updateClient (non-existing)","invocations":1,"location":null,"numPassingAsserts":1,"retryReasons":[],"status":"passed","title":"should handle updateClient (non-existing)"},{"ancestorTitles":["clientsSlice"],"duration":0,"failureDetails":[],"failureMessages":[],"fullName":"clientsSlice should handle clearClientsError","invocations":1,"location":null,"numPassingAsserts":1,"retryReasons":[],"status":"passed","title":"should handle clearClientsError"},{"ancestorTitles":["clientsSlice"],"duration":1,"failureDetails":[],"failureMessages":[],"fullName":"clientsSlice should handle fetchClients.pending","invocations":1,"location":null,"numPassingAsserts":2,"retryReasons":[],"status":"passed","title":"should handle fetchClients.pending"},{"ancestorTitles":["clientsSlice"],"duration":1,"failureDetails":[],"failureMessages":[],"fullName":"clientsSlice should handle fetchClients.fulfilled","invocations":1,"location":null,"numPassingAsserts":2,"retryReasons":[],"status":"passed","title":"should handle fetchClients.fulfilled"},{"ancestorTitles":["clientsSlice"],"duration":1,"failureDetails":[],"failureMessages":[],"fullName":"clientsSlice should handle fetchClients.rejected","invocations":1,"location":null,"numPassingAsserts":2,"retryReasons":[],"status":"passed","title":"should handle fetchClients.rejected"}],"endTime":1747906454481,"message":"","name":"/Users/ayurparishkar/Downloads/project 4/src/features/clients/__tests__/clientsSlice.test.ts","startTime":1747906453995,"status":"passed","summary":""},{"assertionResults":[{"ancestorTitles":["canBookAppointment"],"duration":10,"failureDetails":[],"failureMessages":[],"fullName":"canBookAppointment returns false if therapist is not available","invocations":1,"location":null,"numPassingAsserts":1,"retryReasons":[],"status":"passed","title":"returns false if therapist is not available"},{"ancestorTitles":["canBookAppointment"],"duration":0,"failureDetails":[],"failureMessages":[],"fullName":"canBookAppointment returns true if all are available","invocations":1,"location":null,"numPassingAsserts":1,"retryReasons":[],"status":"passed","title":"returns true if all are available"}],"endTime":1747906454486,"message":"","name":"/Users/ayurparishkar/Downloads/project 4/src/features/appointments/__tests__/rulesEngine.test.ts","startTime":1747906454121,"status":"passed","summary":""},{"assertionResults":[],"coverage":{},"endTime":1747906455575,"message":"  \u001b[1m● \u001b[22mTest suite failed to run\n\n    TypeError: Cannot read properties of undefined (reading 'get')\n\n    \u001b[0m \u001b[90m 17 |\u001b[39m }\n     \u001b[90m 18 |\u001b[39m\n    \u001b[31m\u001b[1m>\u001b[22m\u001b[39m\u001b[90m 19 |\u001b[39m \u001b[36mconst\u001b[39m windowHeight \u001b[33m=\u001b[39m \u001b[33mDimensions\u001b[39m\u001b[33m.\u001b[39m\u001b[36mget\u001b[39m(\u001b[32m'window'\u001b[39m)\u001b[33m.\u001b[39mheight\u001b[33m;\u001b[39m\n     \u001b[90m    |\u001b[39m                                 \u001b[31m\u001b[1m^\u001b[22m\u001b[39m\n     \u001b[90m 20 |\u001b[39m\n     \u001b[90m 21 |\u001b[39m \u001b[36mconst\u001b[39m \u001b[33mGenericTimePicker\u001b[39m\u001b[33m:\u001b[39m \u001b[33mReact\u001b[39m\u001b[33m.\u001b[39m\u001b[33mFC\u001b[39m\u001b[33m<\u001b[39m\u001b[33mGenericTimePickerProps\u001b[39m\u001b[33m>\u001b[39m \u001b[33m=\u001b[39m ({\n     \u001b[90m 22 |\u001b[39m   label\u001b[33m,\u001b[39m\u001b[0m\n\n      \u001b[2mat Object.get (\u001b[22msrc/utils/GenericTimePicker.tsx\u001b[2m:19:33)\u001b[22m\n      \u001b[2mat Object.require (\u001b[22msrc/features/appointments/modal/TherapyAppointments.tsx\u001b[2m:7:1)\u001b[22m\n      \u001b[2mat Object.require (\u001b[22m\u001b[0m\u001b[36msrc/features/appointments/__tests__/TherapyAppointments.test.tsx\u001b[39m\u001b[0m\u001b[2m:3:1)\u001b[22m\n      \u001b[2mat asyncGeneratorStep (\u001b[22mnode_modules/@babel/runtime/helpers/asyncToGenerator.js\u001b[2m:3:17)\u001b[22m\n      \u001b[2mat asyncGeneratorStep (\u001b[22mnode_modules/@babel/runtime/helpers/asyncToGenerator.js\u001b[2m:17:9)\u001b[22m\n","name":"/Users/ayurparishkar/Downloads/project 4/src/features/appointments/__tests__/TherapyAppointments.test.tsx","startTime":1747906455575,"status":"failed","summary":""},{"assertionResults":[],"coverage":{},"endTime":1747906455575,"message":"  \u001b[1m● \u001b[22mTest suite failed to run\n\n    TypeError: Cannot read properties of undefined (reading 'get')\n\n    \u001b[0m \u001b[90m 17 |\u001b[39m }\n     \u001b[90m 18 |\u001b[39m\n    \u001b[31m\u001b[1m>\u001b[22m\u001b[39m\u001b[90m 19 |\u001b[39m \u001b[36mconst\u001b[39m windowHeight \u001b[33m=\u001b[39m \u001b[33mDimensions\u001b[39m\u001b[33m.\u001b[39m\u001b[36mget\u001b[39m(\u001b[32m'window'\u001b[39m)\u001b[33m.\u001b[39mheight\u001b[33m;\u001b[39m\n     \u001b[90m    |\u001b[39m                                 \u001b[31m\u001b[1m^\u001b[22m\u001b[39m\n     \u001b[90m 20 |\u001b[39m\n     \u001b[90m 21 |\u001b[39m \u001b[36mconst\u001b[39m \u001b[33mGenericTimePicker\u001b[39m\u001b[33m:\u001b[39m \u001b[33mReact\u001b[39m\u001b[33m.\u001b[39m\u001b[33mFC\u001b[39m\u001b[33m<\u001b[39m\u001b[33mGenericTimePickerProps\u001b[39m\u001b[33m>\u001b[39m \u001b[33m=\u001b[39m ({\n     \u001b[90m 22 |\u001b[39m   label\u001b[33m,\u001b[39m\u001b[0m\n\n      \u001b[2mat Object.get (\u001b[22msrc/utils/GenericTimePicker.tsx\u001b[2m:19:33)\u001b[22m\n      \u001b[2mat Object.require (\u001b[22msrc/features/appointments/modal/TherapyAppointments.tsx\u001b[2m:7:1)\u001b[22m\n      \u001b[2mat Object.require (\u001b[22m\u001b[0m\u001b[36msrc/features/appointments/__tests__/minimalRender.test.tsx\u001b[39m\u001b[0m\u001b[2m:3:1)\u001b[22m\n      \u001b[2mat asyncGeneratorStep (\u001b[22mnode_modules/@babel/runtime/helpers/asyncToGenerator.js\u001b[2m:3:17)\u001b[22m\n      \u001b[2mat asyncGeneratorStep (\u001b[22mnode_modules/@babel/runtime/helpers/asyncToGenerator.js\u001b[2m:17:9)\u001b[22m\n","name":"/Users/ayurparishkar/Downloads/project 4/src/features/appointments/__tests__/minimalRender.test.tsx","startTime":1747906455575,"status":"failed","summary":""},{"assertionResults":[],"coverage":{},"endTime":1747906455575,"message":"  \u001b[1m● \u001b[22mTest suite failed to run\n\n    TypeError: Cannot read properties of undefined (reading 'get')\n\n    \u001b[0m \u001b[90m 4 |\u001b[39m jest\u001b[33m.\u001b[39mmock(\u001b[32m'react-native-vector-icons/MaterialCommunityIcons'\u001b[39m\u001b[33m,\u001b[39m () \u001b[33m=>\u001b[39m \u001b[32m'Icon'\u001b[39m)\u001b[33m;\u001b[39m\n     \u001b[90m 5 |\u001b[39m \u001b[36mimport\u001b[39m { render\u001b[33m,\u001b[39m fireEvent } \u001b[36mfrom\u001b[39m \u001b[32m'@testing-library/react-native'\u001b[39m\u001b[33m;\u001b[39m\n    \u001b[31m\u001b[1m>\u001b[22m\u001b[39m\u001b[90m 6 |\u001b[39m \u001b[36mimport\u001b[39m { \u001b[33mProvider\u001b[39m \u001b[36mas\u001b[39m \u001b[33mPaperProvider\u001b[39m } \u001b[36mfrom\u001b[39m \u001b[32m'react-native-paper'\u001b[39m\u001b[33m;\u001b[39m\n     \u001b[90m   |\u001b[39m \u001b[31m\u001b[1m^\u001b[22m\u001b[39m\n     \u001b[90m 7 |\u001b[39m \u001b[36mimport\u001b[39m \u001b[33mInventoryTable\u001b[39m \u001b[36mfrom\u001b[39m \u001b[32m'../components/InventoryTable'\u001b[39m\u001b[33m;\u001b[39m\n     \u001b[90m 8 |\u001b[39m\n     \u001b[90m 9 |\u001b[39m \u001b[36mconst\u001b[39m mockData \u001b[33m=\u001b[39m [\u001b[0m\n\n      \u001b[2mat Object.get (\u001b[22mnode_modules/react-native-paper/src/core/SafeAreaProviderCompat.tsx\u001b[2m:25:46)\u001b[22m\n      \u001b[2mat Object.require (\u001b[22mnode_modules/react-native-paper/src/core/PaperProvider.tsx\u001b[2m:9:1)\u001b[22m\n      \u001b[2mat Object.require (\u001b[22mnode_modules/react-native-paper/src/index.tsx\u001b[2m:13:1)\u001b[22m\n      \u001b[2mat Object.require (\u001b[22m\u001b[0m\u001b[36msrc/features/inventory/__tests__/InventoryTable.test.tsx\u001b[39m\u001b[0m\u001b[2m:6:1)\u001b[22m\n      \u001b[2mat asyncGeneratorStep (\u001b[22mnode_modules/@babel/runtime/helpers/asyncToGenerator.js\u001b[2m:3:17)\u001b[22m\n      \u001b[2mat asyncGeneratorStep (\u001b[22mnode_modules/@babel/runtime/helpers/asyncToGenerator.js\u001b[2m:17:9)\u001b[22m\n","name":"/Users/ayurparishkar/Downloads/project 4/src/features/inventory/__tests__/InventoryTable.test.tsx","startTime":1747906455575,"status":"failed","summary":""},{"assertionResults":[{"ancestorTitles":["getRecommendedSlots"],"duration":0,"failureDetails":[],"failureMessages":[],"fullName":"getRecommendedSlots returns empty array if patient is not found","invocations":1,"location":null,"numPassingAsserts":1,"retryReasons":[],"status":"passed","title":"returns empty array if patient is not found"},{"ancestorTitles":["getRecommendedSlots"],"duration":1,"failureDetails":[],"failureMessages":[],"fullName":"getRecommendedSlots returns recommendations for same therapist and same gender","invocations":1,"location":null,"numPassingAsserts":2,"retryReasons":[],"status":"passed","title":"returns recommendations for same therapist and same gender"},{"ancestorTitles":["getRecommendedSlots"],"duration":1,"failureDetails":[],"failureMessages":[],"fullName":"getRecommendedSlots does not return slots for unavailable or booked rooms","invocations":1,"location":null,"numPassingAsserts":1,"retryReasons":[],"status":"passed","title":"does not return slots for unavailable or booked rooms"},{"ancestorTitles":["getRecommendedSlots"],"duration":0,"failureDetails":[],"failureMessages":[],"fullName":"getRecommendedSlots returns \"other\" reason if therapist is not same or same gender","invocations":1,"location":null,"numPassingAsserts":1,"retryReasons":[],"status":"passed","title":"returns \"other\" reason if therapist is not same or same gender"}],"endTime":1747906454625,"message":"","name":"/Users/ayurparishkar/Downloads/project 4/src/features/appointments/__tests__/recommendationHelpers.test.ts","startTime":1747906454332,"status":"passed","summary":""},{"assertionResults":[{"ancestorTitles":["pathing utils","getClinicPath"],"duration":1,"failureDetails":[],"failureMessages":[],"fullName":"pathing utils getClinicPath returns path without subPath","invocations":1,"location":null,"numPassingAsserts":1,"retryReasons":[],"status":"passed","title":"returns path without subPath"},{"ancestorTitles":["pathing utils","getClinicPath"],"duration":0,"failureDetails":[],"failureMessages":[],"fullName":"pathing utils getClinicPath returns path with subPath","invocations":1,"location":null,"numPassingAsserts":1,"retryReasons":[],"status":"passed","title":"returns path with subPath"},{"ancestorTitles":["pathing utils","getClinicStoragePath"],"duration":0,"failureDetails":[],"failureMessages":[],"fullName":"pathing utils getClinicStoragePath returns correct storage path","invocations":1,"location":null,"numPassingAsserts":1,"retryReasons":[],"status":"passed","title":"returns correct storage path"},{"ancestorTitles":["pathing utils","normalizePhoneNumber"],"duration":1,"failureDetails":[],"failureMessages":[],"fullName":"pathing utils normalizePhoneNumber removes non-numeric characters","invocations":1,"location":null,"numPassingAsserts":2,"retryReasons":[],"status":"passed","title":"removes non-numeric characters"},{"ancestorTitles":["pathing utils","formatPhoneNumber"],"duration":0,"failureDetails":[],"failureMessages":[],"fullName":"pathing utils formatPhoneNumber formats a 10-digit number","invocations":1,"location":null,"numPassingAsserts":1,"retryReasons":[],"status":"passed","title":"formats a 10-digit number"},{"ancestorTitles":["pathing utils","formatPhoneNumber"],"duration":1,"failureDetails":[],"failureMessages":[],"fullName":"pathing utils formatPhoneNumber returns original if not 10 digits","invocations":1,"location":null,"numPassingAsserts":2,"retryReasons":[],"status":"passed","title":"returns original if not 10 digits"}],"endTime":1747906454658,"message":"","name":"/Users/ayurparishkar/Downloads/project 4/src/utils/__tests__/pathing.test.ts","startTime":1747906454403,"status":"passed","summary":""},{"assertionResults":[{"ancestorTitles":["getHeaderWithBack"],"duration":2,"failureDetails":[],"failureMessages":[],"fullName":"getHeaderWithBack returns correct title and headerLeft with back","invocations":1,"location":null,"numPassingAsserts":4,"retryReasons":[],"status":"passed","title":"returns correct title and headerLeft with back"},{"ancestorTitles":["getHeaderWithBack"],"duration":0,"failureDetails":[],"failureMessages":[],"fullName":"getHeaderWithBack returns null for headerLeft when showBack is false","invocations":1,"location":null,"numPassingAsserts":3,"retryReasons":[],"status":"passed","title":"returns null for headerLeft when showBack is false"}],"endTime":1747906454782,"message":"","name":"/Users/ayurparishkar/Downloads/project 4/src/utils/__tests__/navigationOptions.test.tsx","startTime":1747906454512,"status":"passed","summary":""}],"wasInterrupted":false}
