{"numFailedTestSuites":5,"numFailedTests":11,"numPassedTestSuites":33,"numPassedTests":132,"numPendingTestSuites":0,"numPendingTests":0,"numRuntimeErrorTestSuites":1,"numTodoTests":0,"numTotalTestSuites":38,"numTotalTests":143,"openHandles":[],"snapshot":{"added":0,"didUpdate":false,"failure":false,"filesAdded":0,"filesRemoved":0,"filesRemovedList":[],"filesUnmatched":0,"filesUpdated":0,"matched":0,"total":0,"unchecked":0,"uncheckedKeysByFile":[],"unmatched":0,"updated":0},"startTime":1747996311756,"success":false,"testResults":[{"assertionResults":[{"ancestorTitles":["checkTherapistsAvailability"],"duration":6,"failureDetails":[],"failureMessages":[],"fullName":"checkTherapistsAvailability returns available selected therapists and slots","invocations":1,"location":null,"numPassingAsserts":2,"retryReasons":[],"status":"passed","title":"returns available selected therapists and slots"},{"ancestorTitles":["checkTherapistsAvailability"],"duration":0,"failureDetails":[],"failureMessages":[],"fullName":"checkTherapistsAvailability returns other therapists of same gender if selected not available","invocations":1,"location":null,"numPassingAsserts":2,"retryReasons":[],"status":"passed","title":"returns other therapists of same gender if selected not available"},{"ancestorTitles":["checkTherapistsAvailability"],"duration":11,"failureDetails":[],"failureMessages":[],"fullName":"checkTherapistsAvailability returns empty therapists and up to 10 alternative slots if none available","invocations":1,"location":null,"numPassingAsserts":2,"retryReasons":[],"status":"passed","title":"returns empty therapists and up to 10 alternative slots if none available"},{"ancestorTitles":["checkTherapistsAvailability"],"duration":2,"failureDetails":[],"failureMessages":[],"fullName":"checkTherapistsAvailability auto-assigns if no therapist selected and any therapist is available","invocations":1,"location":null,"numPassingAsserts":2,"retryReasons":[],"status":"passed","title":"auto-assigns if no therapist selected and any therapist is available"},{"ancestorTitles":["checkRoomsAvailability"],"duration":3,"failureDetails":[],"failureMessages":[],"fullName":"checkRoomsAvailability returns available selected room and slots","invocations":1,"location":null,"numPassingAsserts":2,"retryReasons":[],"status":"passed","title":"returns available selected room and slots"},{"ancestorTitles":["checkRoomsAvailability"],"duration":1,"failureDetails":[],"failureMessages":[],"fullName":"checkRoomsAvailability returns other rooms if selected not available","invocations":1,"location":null,"numPassingAsserts":2,"retryReasons":[],"status":"passed","title":"returns other rooms if selected not available"},{"ancestorTitles":["checkRoomsAvailability"],"duration":0,"failureDetails":[],"failureMessages":[],"fullName":"checkRoomsAvailability returns empty rooms and up to 10 alternative slots if none available","invocations":1,"location":null,"numPassingAsserts":2,"retryReasons":[],"status":"passed","title":"returns empty rooms and up to 10 alternative slots if none available"},{"ancestorTitles":["checkRoomsAvailability"],"duration":1,"failureDetails":[],"failureMessages":[],"fullName":"checkRoomsAvailability auto-assigns if no room selected and any room is available","invocations":1,"location":null,"numPassingAsserts":2,"retryReasons":[],"status":"passed","title":"auto-assigns if no room selected and any room is available"},{"ancestorTitles":["getTopCommonSlots"],"duration":0,"failureDetails":[],"failureMessages":[],"fullName":"getTopCommonSlots returns the top N sorted common slots between two arrays","invocations":1,"location":null,"numPassingAsserts":1,"retryReasons":[],"status":"passed","title":"returns the top N sorted common slots between two arrays"},{"ancestorTitles":["getTopCommonSlots"],"duration":0,"failureDetails":[],"failureMessages":[],"fullName":"getTopCommonSlots returns an empty array if no common slots","invocations":1,"location":null,"numPassingAsserts":1,"retryReasons":[],"status":"passed","title":"returns an empty array if no common slots"}],"endTime":1747996314591,"message":"","name":"/Users/ayurparishkar/Downloads/project 4/src/features/appointments/__tests__/recurringSlotHelpers.test.ts","startTime":1747996312391,"status":"passed","summary":""},{"assertionResults":[{"ancestorTitles":["canBookAppointment"],"duration":11,"failureDetails":[{}],"failureMessages":["TypeError: (0 , _rulesEngine.canBookAppointment) is not a function\n    at Object.<anonymous> (/Users/ayurparishkar/Downloads/project 4/src/features/appointments/__tests__/rulesEngine.test.ts:8:38)\n    at Promise.then.completed (/Users/ayurparishkar/Downloads/project 4/node_modules/jest-circus/build/utils.js:298:28)\n    at new Promise (<anonymous>)\n    at callAsyncCircusFn (/Users/ayurparishkar/Downloads/project 4/node_modules/jest-circus/build/utils.js:231:10)\n    at _callCircusTest (/Users/ayurparishkar/Downloads/project 4/node_modules/jest-circus/build/run.js:316:40)\n    at processTicksAndRejections (node:internal/process/task_queues:105:5)\n    at _runTest (/Users/ayurparishkar/Downloads/project 4/node_modules/jest-circus/build/run.js:252:3)\n    at _runTestsForDescribeBlock (/Users/ayurparishkar/Downloads/project 4/node_modules/jest-circus/build/run.js:126:9)\n    at _runTestsForDescribeBlock (/Users/ayurparishkar/Downloads/project 4/node_modules/jest-circus/build/run.js:121:9)\n    at run (/Users/ayurparishkar/Downloads/project 4/node_modules/jest-circus/build/run.js:71:3)\n    at runAndTransformResultsToJestFormat (/Users/ayurparishkar/Downloads/project 4/node_modules/jest-circus/build/legacy-code-todo-rewrite/jestAdapterInit.js:122:21)"],"fullName":"canBookAppointment returns false if therapist is not available","invocations":1,"location":null,"numPassingAsserts":0,"retryReasons":[],"status":"failed","title":"returns false if therapist is not available"},{"ancestorTitles":["canBookAppointment"],"duration":1,"failureDetails":[{}],"failureMessages":["TypeError: (0 , _rulesEngine.canBookAppointment) is not a function\n    at Object.<anonymous> (/Users/ayurparishkar/Downloads/project 4/src/features/appointments/__tests__/rulesEngine.test.ts:21:38)\n    at Promise.then.completed (/Users/ayurparishkar/Downloads/project 4/node_modules/jest-circus/build/utils.js:298:28)\n    at new Promise (<anonymous>)\n    at callAsyncCircusFn (/Users/ayurparishkar/Downloads/project 4/node_modules/jest-circus/build/utils.js:231:10)\n    at _callCircusTest (/Users/ayurparishkar/Downloads/project 4/node_modules/jest-circus/build/run.js:316:40)\n    at processTicksAndRejections (node:internal/process/task_queues:105:5)\n    at _runTest (/Users/ayurparishkar/Downloads/project 4/node_modules/jest-circus/build/run.js:252:3)\n    at _runTestsForDescribeBlock (/Users/ayurparishkar/Downloads/project 4/node_modules/jest-circus/build/run.js:126:9)\n    at _runTestsForDescribeBlock (/Users/ayurparishkar/Downloads/project 4/node_modules/jest-circus/build/run.js:121:9)\n    at run (/Users/ayurparishkar/Downloads/project 4/node_modules/jest-circus/build/run.js:71:3)\n    at runAndTransformResultsToJestFormat (/Users/ayurparishkar/Downloads/project 4/node_modules/jest-circus/build/legacy-code-todo-rewrite/jestAdapterInit.js:122:21)"],"fullName":"canBookAppointment returns true if all are available","invocations":1,"location":null,"numPassingAsserts":0,"retryReasons":[],"status":"failed","title":"returns true if all are available"}],"endTime":1747996314642,"message":"\u001b[1m\u001b[31m  \u001b[1m● \u001b[22m\u001b[1mcanBookAppointment › returns false if therapist is not available\u001b[39m\u001b[22m\n\n    TypeError: (0 , _rulesEngine.canBookAppointment) is not a function\n\u001b[2m\u001b[22m\n\u001b[2m    \u001b[0m \u001b[90m  6 |\u001b[39m   ]\u001b[33m;\u001b[39m\u001b[22m\n\u001b[2m     \u001b[90m  7 |\u001b[39m   it(\u001b[32m'returns false if therapist is not available'\u001b[39m\u001b[33m,\u001b[39m () \u001b[33m=>\u001b[39m {\u001b[22m\n\u001b[2m    \u001b[31m\u001b[1m>\u001b[22m\u001b[2m\u001b[39m\u001b[90m  8 |\u001b[39m     \u001b[36mconst\u001b[39m result \u001b[33m=\u001b[39m canBookAppointment({\u001b[22m\n\u001b[2m     \u001b[90m    |\u001b[39m                                      \u001b[31m\u001b[1m^\u001b[22m\u001b[2m\u001b[39m\u001b[22m\n\u001b[2m     \u001b[90m  9 |\u001b[39m       therapistIds\u001b[33m:\u001b[39m [\u001b[32m't1'\u001b[39m]\u001b[33m,\u001b[39m\u001b[22m\n\u001b[2m     \u001b[90m 10 |\u001b[39m       roomNumber\u001b[33m:\u001b[39m \u001b[32m'101'\u001b[39m\u001b[33m,\u001b[39m\u001b[22m\n\u001b[2m     \u001b[90m 11 |\u001b[39m       date\u001b[33m:\u001b[39m \u001b[32m'2025-06-01'\u001b[39m\u001b[33m,\u001b[39m\u001b[0m\u001b[22m\n\u001b[2m\u001b[22m\n\u001b[2m      \u001b[2mat Object.<anonymous> (\u001b[22m\u001b[2m\u001b[0m\u001b[36msrc/features/appointments/__tests__/rulesEngine.test.ts\u001b[39m\u001b[0m\u001b[2m:8:38)\u001b[22m\u001b[2m\u001b[22m\n\n\u001b[1m\u001b[31m  \u001b[1m● \u001b[22m\u001b[1mcanBookAppointment › returns true if all are available\u001b[39m\u001b[22m\n\n    TypeError: (0 , _rulesEngine.canBookAppointment) is not a function\n\u001b[2m\u001b[22m\n\u001b[2m    \u001b[0m \u001b[90m 19 |\u001b[39m   })\u001b[33m;\u001b[39m\u001b[22m\n\u001b[2m     \u001b[90m 20 |\u001b[39m   it(\u001b[32m'returns true if all are available'\u001b[39m\u001b[33m,\u001b[39m () \u001b[33m=>\u001b[39m {\u001b[22m\n\u001b[2m    \u001b[31m\u001b[1m>\u001b[22m\u001b[2m\u001b[39m\u001b[90m 21 |\u001b[39m     \u001b[36mconst\u001b[39m result \u001b[33m=\u001b[39m canBookAppointment({\u001b[22m\n\u001b[2m     \u001b[90m    |\u001b[39m                                      \u001b[31m\u001b[1m^\u001b[22m\u001b[2m\u001b[39m\u001b[22m\n\u001b[2m     \u001b[90m 22 |\u001b[39m       therapistIds\u001b[33m:\u001b[39m [\u001b[32m't1'\u001b[39m]\u001b[33m,\u001b[39m\u001b[22m\n\u001b[2m     \u001b[90m 23 |\u001b[39m       roomNumber\u001b[33m:\u001b[39m \u001b[32m'101'\u001b[39m\u001b[33m,\u001b[39m\u001b[22m\n\u001b[2m     \u001b[90m 24 |\u001b[39m       date\u001b[33m:\u001b[39m \u001b[32m'2025-06-02'\u001b[39m\u001b[33m,\u001b[39m\u001b[0m\u001b[22m\n\u001b[2m\u001b[22m\n\u001b[2m      \u001b[2mat Object.<anonymous> (\u001b[22m\u001b[2m\u001b[0m\u001b[36msrc/features/appointments/__tests__/rulesEngine.test.ts\u001b[39m\u001b[0m\u001b[2m:21:38)\u001b[22m\u001b[2m\u001b[22m\n","name":"/Users/ayurparishkar/Downloads/project 4/src/features/appointments/__tests__/rulesEngine.test.ts","startTime":1747996312423,"status":"failed","summary":""},{"assertionResults":[{"ancestorTitles":["buildScheduleMatrix"],"duration":15,"failureDetails":[],"failureMessages":[],"fullName":"buildScheduleMatrix should be defined","invocations":1,"location":null,"numPassingAsserts":1,"retryReasons":[],"status":"passed","title":"should be defined"},{"ancestorTitles":["buildScheduleMatrix"],"duration":21,"failureDetails":[{}],"failureMessages":["TypeError: Cannot read properties of undefined (reading '101')\n    at Object.<anonymous> (/Users/ayurparishkar/Downloads/project 4/src/features/appointments/__tests__/buildScheduleMatrix.test.ts:15:30)\n    at Promise.then.completed (/Users/ayurparishkar/Downloads/project 4/node_modules/jest-circus/build/utils.js:298:28)\n    at new Promise (<anonymous>)\n    at callAsyncCircusFn (/Users/ayurparishkar/Downloads/project 4/node_modules/jest-circus/build/utils.js:231:10)\n    at _callCircusTest (/Users/ayurparishkar/Downloads/project 4/node_modules/jest-circus/build/run.js:316:40)\n    at processTicksAndRejections (node:internal/process/task_queues:105:5)\n    at _runTest (/Users/ayurparishkar/Downloads/project 4/node_modules/jest-circus/build/run.js:252:3)\n    at _runTestsForDescribeBlock (/Users/ayurparishkar/Downloads/project 4/node_modules/jest-circus/build/run.js:126:9)\n    at _runTestsForDescribeBlock (/Users/ayurparishkar/Downloads/project 4/node_modules/jest-circus/build/run.js:121:9)\n    at run (/Users/ayurparishkar/Downloads/project 4/node_modules/jest-circus/build/run.js:71:3)\n    at runAndTransformResultsToJestFormat (/Users/ayurparishkar/Downloads/project 4/node_modules/jest-circus/build/legacy-code-todo-rewrite/jestAdapterInit.js:122:21)"],"fullName":"buildScheduleMatrix returns correct matrix for slots and rooms","invocations":1,"location":null,"numPassingAsserts":0,"retryReasons":[],"status":"failed","title":"returns correct matrix for slots and rooms"},{"ancestorTitles":["buildScheduleMatrix"],"duration":1,"failureDetails":[],"failureMessages":[],"fullName":"buildScheduleMatrix returns empty matrix if no appointments","invocations":1,"location":null,"numPassingAsserts":1,"retryReasons":[],"status":"passed","title":"returns empty matrix if no appointments"},{"ancestorTitles":["buildScheduleMatrix"],"duration":1,"failureDetails":[],"failureMessages":[],"fullName":"buildScheduleMatrix handles empty slots or rooms","invocations":1,"location":null,"numPassingAsserts":2,"retryReasons":[],"status":"passed","title":"handles empty slots or rooms"}],"endTime":1747996314699,"message":"\u001b[1m\u001b[31m  \u001b[1m● \u001b[22m\u001b[1mbuildScheduleMatrix › returns correct matrix for slots and rooms\u001b[39m\u001b[22m\n\n    TypeError: Cannot read properties of undefined (reading '101')\n\u001b[2m\u001b[22m\n\u001b[2m    \u001b[0m \u001b[90m 13 |\u001b[39m     ]\u001b[33m;\u001b[39m\u001b[22m\n\u001b[2m     \u001b[90m 14 |\u001b[39m     \u001b[36mconst\u001b[39m matrix \u001b[33m=\u001b[39m buildScheduleMatrix(date\u001b[33m,\u001b[39m appointments)\u001b[33m;\u001b[39m\u001b[22m\n\u001b[2m    \u001b[31m\u001b[1m>\u001b[22m\u001b[2m\u001b[39m\u001b[90m 15 |\u001b[39m     expect(matrix[\u001b[32m'09:00 AM'\u001b[39m][\u001b[32m'101'\u001b[39m]\u001b[33m.\u001b[39mpatientId)\u001b[33m.\u001b[39mtoBe(\u001b[32m'p1'\u001b[39m)\u001b[33m;\u001b[39m\u001b[22m\n\u001b[2m     \u001b[90m    |\u001b[39m                              \u001b[31m\u001b[1m^\u001b[22m\u001b[2m\u001b[39m\u001b[22m\n\u001b[2m     \u001b[90m 16 |\u001b[39m     expect(matrix[\u001b[32m'09:30 AM'\u001b[39m][\u001b[32m'102'\u001b[39m]\u001b[33m.\u001b[39mpatientId)\u001b[33m.\u001b[39mtoBe(\u001b[32m'p2'\u001b[39m)\u001b[33m;\u001b[39m\u001b[22m\n\u001b[2m     \u001b[90m 17 |\u001b[39m   })\u001b[33m;\u001b[39m\u001b[22m\n\u001b[2m     \u001b[90m 18 |\u001b[39m   it(\u001b[32m'returns empty matrix if no appointments'\u001b[39m\u001b[33m,\u001b[39m () \u001b[33m=>\u001b[39m {\u001b[0m\u001b[22m\n\u001b[2m\u001b[22m\n\u001b[2m      \u001b[2mat Object.<anonymous> (\u001b[22m\u001b[2m\u001b[0m\u001b[36msrc/features/appointments/__tests__/buildScheduleMatrix.test.ts\u001b[39m\u001b[0m\u001b[2m:15:30)\u001b[22m\u001b[2m\u001b[22m\n","name":"/Users/ayurparishkar/Downloads/project 4/src/features/appointments/__tests__/buildScheduleMatrix.test.ts","startTime":1747996312407,"status":"failed","summary":""},{"assertionResults":[{"ancestorTitles":["PatientPicker"],"duration":383,"failureDetails":[],"failureMessages":[],"fullName":"PatientPicker renders patient options","invocations":1,"location":null,"numPassingAsserts":2,"retryReasons":[],"status":"passed","title":"renders patient options"}],"endTime":1747996315473,"message":"","name":"/Users/ayurparishkar/Downloads/project 4/src/features/appointments/__tests__/PatientPicker.test.tsx","startTime":1747996312434,"status":"passed","summary":""},{"assertionResults":[{"ancestorTitles":["TherapyPicker"],"duration":353,"failureDetails":[],"failureMessages":[],"fullName":"TherapyPicker renders therapy options","invocations":1,"location":null,"numPassingAsserts":2,"retryReasons":[],"status":"passed","title":"renders therapy options"},{"ancestorTitles":["TherapyPicker"],"duration":41,"failureDetails":[],"failureMessages":[],"fullName":"TherapyPicker calls setSelectedTherapy when a therapy is pressed","invocations":1,"location":null,"numPassingAsserts":1,"retryReasons":[],"status":"passed","title":"calls setSelectedTherapy when a therapy is pressed"}],"endTime":1747996315631,"message":"","name":"/Users/ayurparishkar/Downloads/project 4/src/features/appointments/__tests__/TherapyPicker.test.tsx","startTime":1747996312441,"status":"passed","summary":""},{"assertionResults":[{"ancestorTitles":["TouchableOpacity basic render"],"duration":163,"failureDetails":[],"failureMessages":[],"fullName":"TouchableOpacity basic render renders a TouchableOpacity","invocations":1,"location":null,"numPassingAsserts":1,"retryReasons":[],"status":"passed","title":"renders a TouchableOpacity"}],"endTime":1747996316137,"message":"","name":"/Users/ayurparishkar/Downloads/project 4/src/utils/__tests__/TouchableTest.test.tsx","startTime":1747996315032,"status":"passed","summary":""},{"assertionResults":[{"ancestorTitles":["parseExcel"],"duration":155,"failureDetails":[],"failureMessages":[],"fullName":"parseExcel parses valid Excel data","invocations":1,"location":null,"numPassingAsserts":3,"retryReasons":[],"status":"passed","title":"parses valid Excel data"},{"ancestorTitles":["parseExcel"],"duration":120,"failureDetails":[],"failureMessages":[],"fullName":"parseExcel returns empty array for empty worksheet","invocations":1,"location":null,"numPassingAsserts":1,"retryReasons":[],"status":"passed","title":"returns empty array for empty worksheet"},{"ancestorTitles":["parseExcel"],"duration":40,"failureDetails":[],"failureMessages":[],"fullName":"parseExcel handles missing fields gracefully","invocations":1,"location":null,"numPassingAsserts":3,"retryReasons":[],"status":"passed","title":"handles missing fields gracefully"},{"ancestorTitles":["parseExcel"],"duration":26,"failureDetails":[],"failureMessages":[],"fullName":"parseExcel ignores non-object rows (simulated by empty rows)","invocations":1,"location":null,"numPassingAsserts":3,"retryReasons":[],"status":"passed","title":"ignores non-object rows (simulated by empty rows)"}],"endTime":1747996316118,"message":"","name":"/Users/ayurparishkar/Downloads/project 4/src/features/inventory/__tests__/parseExcel.test.ts","startTime":1747996314755,"status":"passed","summary":""},{"assertionResults":[{"ancestorTitles":["ScheduleMatrix"],"duration":73,"failureDetails":[],"failureMessages":[],"fullName":"ScheduleMatrix renders matrix and slots","invocations":1,"location":null,"numPassingAsserts":4,"retryReasons":[],"status":"passed","title":"renders matrix and slots"}],"endTime":1747996316164,"message":"","name":"/Users/ayurparishkar/Downloads/project 4/src/features/appointments/__tests__/ScheduleMatrix.test.tsx","startTime":1747996315605,"status":"passed","summary":""},{"assertionResults":[{"ancestorTitles":["inventorySlice"],"duration":17,"failureDetails":[],"failureMessages":[],"fullName":"inventorySlice should return the initial state","invocations":1,"location":null,"numPassingAsserts":6,"retryReasons":[],"status":"passed","title":"should return the initial state"},{"ancestorTitles":["inventorySlice"],"duration":5,"failureDetails":[],"failureMessages":[],"fullName":"inventorySlice should handle setInventoryList","invocations":1,"location":null,"numPassingAsserts":2,"retryReasons":[],"status":"passed","title":"should handle setInventoryList"},{"ancestorTitles":["inventorySlice"],"duration":1,"failureDetails":[],"failureMessages":[],"fullName":"inventorySlice should handle setLoading","invocations":1,"location":null,"numPassingAsserts":1,"retryReasons":[],"status":"passed","title":"should handle setLoading"},{"ancestorTitles":["inventorySlice"],"duration":0,"failureDetails":[],"failureMessages":[],"fullName":"inventorySlice should handle setSuccessMessage","invocations":1,"location":null,"numPassingAsserts":1,"retryReasons":[],"status":"passed","title":"should handle setSuccessMessage"},{"ancestorTitles":["inventorySlice"],"duration":1,"failureDetails":[],"failureMessages":[],"fullName":"inventorySlice should handle setSearchQuery","invocations":1,"location":null,"numPassingAsserts":1,"retryReasons":[],"status":"passed","title":"should handle setSearchQuery"},{"ancestorTitles":["inventorySlice"],"duration":1,"failureDetails":[],"failureMessages":[],"fullName":"inventorySlice should handle setColumnFilter/clearColumnFilter/clearAllColumnFilters","invocations":1,"location":null,"numPassingAsserts":3,"retryReasons":[],"status":"passed","title":"should handle setColumnFilter/clearColumnFilter/clearAllColumnFilters"},{"ancestorTitles":["inventorySlice"],"duration":1,"failureDetails":[],"failureMessages":[],"fullName":"inventorySlice should handle setUploadErrors","invocations":1,"location":null,"numPassingAsserts":1,"retryReasons":[],"status":"passed","title":"should handle setUploadErrors"},{"ancestorTitles":["inventorySlice"],"duration":0,"failureDetails":[],"failureMessages":[],"fullName":"inventorySlice should handle setLastUploadSummary","invocations":1,"location":null,"numPassingAsserts":1,"retryReasons":[],"status":"passed","title":"should handle setLastUploadSummary"},{"ancestorTitles":["inventorySlice"],"duration":16,"failureDetails":[],"failureMessages":[],"fullName":"inventorySlice should handle clearInventoryState","invocations":1,"location":null,"numPassingAsserts":4,"retryReasons":[],"status":"passed","title":"should handle clearInventoryState"},{"ancestorTitles":["inventorySlice"],"duration":1,"failureDetails":[],"failureMessages":[],"fullName":"inventorySlice should handle async thunk fulfilled (addInventoryItem)","invocations":1,"location":null,"numPassingAsserts":1,"retryReasons":[],"status":"passed","title":"should handle async thunk fulfilled (addInventoryItem)"},{"ancestorTitles":["inventorySlice"],"duration":3,"failureDetails":[],"failureMessages":[],"fullName":"inventorySlice should handle async thunk fulfilled (updateInventoryItem)","invocations":1,"location":null,"numPassingAsserts":1,"retryReasons":[],"status":"passed","title":"should handle async thunk fulfilled (updateInventoryItem)"},{"ancestorTitles":["inventorySlice"],"duration":0,"failureDetails":[],"failureMessages":[],"fullName":"inventorySlice should handle async thunk fulfilled (deleteInventoryItem)","invocations":1,"location":null,"numPassingAsserts":1,"retryReasons":[],"status":"passed","title":"should handle async thunk fulfilled (deleteInventoryItem)"},{"ancestorTitles":["inventorySlice"],"duration":1,"failureDetails":[],"failureMessages":[],"fullName":"inventorySlice should handle addInventoryItem.pending and rejected","invocations":1,"location":null,"numPassingAsserts":3,"retryReasons":[],"status":"passed","title":"should handle addInventoryItem.pending and rejected"},{"ancestorTitles":["inventorySlice"],"duration":0,"failureDetails":[],"failureMessages":[],"fullName":"inventorySlice should handle uploadExcelFile.fulfilled","invocations":1,"location":null,"numPassingAsserts":2,"retryReasons":[],"status":"passed","title":"should handle uploadExcelFile.fulfilled"},{"ancestorTitles":["inventorySlice"],"duration":1,"failureDetails":[],"failureMessages":[],"fullName":"inventorySlice should handle retryFailedRows.fulfilled","invocations":1,"location":null,"numPassingAsserts":2,"retryReasons":[],"status":"passed","title":"should handle retryFailedRows.fulfilled"},{"ancestorTitles":["inventorySlice"],"duration":0,"failureDetails":[],"failureMessages":[],"fullName":"inventorySlice should handle edge case: updateInventoryItem for non-existing item","invocations":1,"location":null,"numPassingAsserts":1,"retryReasons":[],"status":"passed","title":"should handle edge case: updateInventoryItem for non-existing item"}],"endTime":1747996316287,"message":"","name":"/Users/ayurparishkar/Downloads/project 4/src/features/inventory/__tests__/inventorySlice.test.ts","startTime":1747996314849,"status":"passed","summary":""},{"assertionResults":[{"ancestorTitles":["CountryCodePicker"],"duration":207,"failureDetails":[],"failureMessages":[],"fullName":"CountryCodePicker renders the picker with the selected code","invocations":1,"location":null,"numPassingAsserts":1,"retryReasons":[],"status":"passed","title":"renders the picker with the selected code"},{"ancestorTitles":["CountryCodePicker"],"duration":86,"failureDetails":[],"failureMessages":[],"fullName":"CountryCodePicker opens the modal when pressed","invocations":1,"location":null,"numPassingAsserts":2,"retryReasons":[],"status":"passed","title":"opens the modal when pressed"},{"ancestorTitles":["CountryCodePicker"],"duration":46,"failureDetails":[],"failureMessages":[],"fullName":"CountryCodePicker calls onChange and closes modal when a country is selected","invocations":1,"location":null,"numPassingAsserts":2,"retryReasons":[],"status":"passed","title":"calls onChange and closes modal when a country is selected"},{"ancestorTitles":["CountryCodePicker"],"duration":28,"failureDetails":[],"failureMessages":[],"fullName":"CountryCodePicker closes the modal on backdrop press (onRequestClose)","invocations":1,"location":null,"numPassingAsserts":1,"retryReasons":[],"status":"passed","title":"closes the modal on backdrop press (onRequestClose)"},{"ancestorTitles":["CountryCodePicker"],"duration":88,"failureDetails":[],"failureMessages":[],"fullName":"CountryCodePicker renders all country codes in the list","invocations":1,"location":null,"numPassingAsserts":5,"retryReasons":[],"status":"passed","title":"renders all country codes in the list"}],"endTime":1747996316879,"message":"","name":"/Users/ayurparishkar/Downloads/project 4/src/features/clients/__tests__/CountryCodePicker.test.tsx","startTime":1747996315784,"status":"passed","summary":""},{"assertionResults":[{"ancestorTitles":["clientsSlice"],"duration":4,"failureDetails":[],"failureMessages":[],"fullName":"clientsSlice should return the initial state","invocations":1,"location":null,"numPassingAsserts":1,"retryReasons":[],"status":"passed","title":"should return the initial state"},{"ancestorTitles":["clientsSlice"],"duration":2,"failureDetails":[],"failureMessages":[],"fullName":"clientsSlice should handle addClient","invocations":1,"location":null,"numPassingAsserts":1,"retryReasons":[],"status":"passed","title":"should handle addClient"},{"ancestorTitles":["clientsSlice"],"duration":0,"failureDetails":[],"failureMessages":[],"fullName":"clientsSlice should handle updateClient (existing)","invocations":1,"location":null,"numPassingAsserts":1,"retryReasons":[],"status":"passed","title":"should handle updateClient (existing)"},{"ancestorTitles":["clientsSlice"],"duration":1,"failureDetails":[],"failureMessages":[],"fullName":"clientsSlice should handle updateClient (non-existing)","invocations":1,"location":null,"numPassingAsserts":1,"retryReasons":[],"status":"passed","title":"should handle updateClient (non-existing)"},{"ancestorTitles":["clientsSlice"],"duration":1,"failureDetails":[],"failureMessages":[],"fullName":"clientsSlice should handle clearClientsError","invocations":1,"location":null,"numPassingAsserts":1,"retryReasons":[],"status":"passed","title":"should handle clearClientsError"},{"ancestorTitles":["clientsSlice"],"duration":0,"failureDetails":[],"failureMessages":[],"fullName":"clientsSlice should handle fetchClients.pending","invocations":1,"location":null,"numPassingAsserts":2,"retryReasons":[],"status":"passed","title":"should handle fetchClients.pending"},{"ancestorTitles":["clientsSlice"],"duration":1,"failureDetails":[],"failureMessages":[],"fullName":"clientsSlice should handle fetchClients.fulfilled","invocations":1,"location":null,"numPassingAsserts":2,"retryReasons":[],"status":"passed","title":"should handle fetchClients.fulfilled"},{"ancestorTitles":["clientsSlice"],"duration":0,"failureDetails":[],"failureMessages":[],"fullName":"clientsSlice should handle fetchClients.rejected","invocations":1,"location":null,"numPassingAsserts":2,"retryReasons":[],"status":"passed","title":"should handle fetchClients.rejected"}],"endTime":1747996317082,"message":"","name":"/Users/ayurparishkar/Downloads/project 4/src/features/clients/__tests__/clientsSlice.test.ts","startTime":1747996316292,"status":"passed","summary":""},{"assertionResults":[{"ancestorTitles":["ClientsScreen"],"duration":89,"failureDetails":[],"failureMessages":[],"fullName":"ClientsScreen displays empty state when no clients are present","invocations":1,"location":null,"numPassingAsserts":1,"retryReasons":[],"status":"passed","title":"displays empty state when no clients are present"},{"ancestorTitles":["ClientsScreen"],"duration":55,"failureDetails":[],"failureMessages":[],"fullName":"ClientsScreen filters the client list by search","invocations":1,"location":null,"numPassingAsserts":2,"retryReasons":[],"status":"passed","title":"filters the client list by search"},{"ancestorTitles":["ClientsScreen"],"duration":925,"failureDetails":[{}],"failureMessages":["Error: Element type is invalid: expected a string (for built-in components) or a class/function (for composite components) but got: undefined. You likely forgot to export your component from the file it's defined in, or you might have mixed up default and named imports.\n\nCheck the render method of `PrefixPicker`.\n    at Error (/Users/ayurparishkar/Downloads/project 4/node_modules/react-test-renderer/cjs/react-test-renderer.development.js:12185:28)\n    at createFiberFromTypeAndProps (/Users/ayurparishkar/Downloads/project 4/node_modules/react-test-renderer/cjs/react-test-renderer.development.js:12199:14)\n    at createFiberFromElement (/Users/ayurparishkar/Downloads/project 4/node_modules/react-test-renderer/cjs/react-test-renderer.development.js:4475:26)\n    at createChild (/Users/ayurparishkar/Downloads/project 4/node_modules/react-test-renderer/cjs/react-test-renderer.development.js:4805:25)\n    at reconcileChildrenArray (/Users/ayurparishkar/Downloads/project 4/node_modules/react-test-renderer/cjs/react-test-renderer.development.js:5122:30)\n    at reconcileChildFibersImpl (/Users/ayurparishkar/Downloads/project 4/node_modules/react-test-renderer/cjs/react-test-renderer.development.js:5227:33)\n    at mountChildFibers (/Users/ayurparishkar/Downloads/project 4/node_modules/react-test-renderer/cjs/react-test-renderer.development.js:5735:13)\n    at reconcileChildren (/Users/ayurparishkar/Downloads/project 4/node_modules/react-test-renderer/cjs/react-test-renderer.development.js:6020:7)\n    at updateFunctionComponent (/Users/ayurparishkar/Downloads/project 4/node_modules/react-test-renderer/cjs/react-test-renderer.development.js:7474:18)\n    at callback (/Users/ayurparishkar/Downloads/project 4/node_modules/react-test-renderer/cjs/react-test-renderer.development.js:1574:13)\n    at runWithFiberInDEV (/Users/ayurparishkar/Downloads/project 4/node_modules/react-test-renderer/cjs/react-test-renderer.development.js:10972:22)\n    at performUnitOfWork (/Users/ayurparishkar/Downloads/project 4/node_modules/react-test-renderer/cjs/react-test-renderer.development.js:10816:41)\n    at workLoopSync (/Users/ayurparishkar/Downloads/project 4/node_modules/react-test-renderer/cjs/react-test-renderer.development.js:10797:11)\n    at renderRootSync (/Users/ayurparishkar/Downloads/project 4/node_modules/react-test-renderer/cjs/react-test-renderer.development.js:10384:39)\n    at performWorkOnRoot (/Users/ayurparishkar/Downloads/project 4/node_modules/react-test-renderer/cjs/react-test-renderer.development.js:2094:7)\n    at callback (/Users/ayurparishkar/Downloads/project 4/node_modules/react/cjs/react.development.js:862:34)\n    at flushActQueue (/Users/ayurparishkar/Downloads/project 4/node_modules/react/cjs/react.development.js:1151:10)\n    at actImplementation (/Users/ayurparishkar/Downloads/project 4/node_modules/@testing-library/react-native/src/act.ts:30:25)\n    at fireEvent (/Users/ayurparishkar/Downloads/project 4/node_modules/@testing-library/react-native/src/fire-event.ts:136:11)\n    at Function.apply (/Users/ayurparishkar/Downloads/project 4/node_modules/@testing-library/react-native/src/fire-event.ts:144:12)\n    at Object.press (/Users/ayurparishkar/Downloads/project 4/src/features/clients/__tests__/ClientsScreen.test.tsx:57:15)\n    at Generator.next (<anonymous>)\n    at asyncGeneratorStep (/Users/ayurparishkar/Downloads/project 4/node_modules/@babel/runtime/helpers/asyncToGenerator.js:3:17)\n    at asyncGeneratorStep (/Users/ayurparishkar/Downloads/project 4/node_modules/@babel/runtime/helpers/asyncToGenerator.js:17:9)\n    at _next (/Users/ayurparishkar/Downloads/project 4/node_modules/@babel/runtime/helpers/asyncToGenerator.js:22:7)\n    at new Promise (<anonymous>)\n    at Object.<anonymous> (/Users/ayurparishkar/Downloads/project 4/node_modules/@babel/runtime/helpers/asyncToGenerator.js:14:12)\n    at Promise.then.completed (/Users/ayurparishkar/Downloads/project 4/node_modules/jest-circus/build/utils.js:298:28)\n    at new Promise (<anonymous>)\n    at callAsyncCircusFn (/Users/ayurparishkar/Downloads/project 4/node_modules/jest-circus/build/utils.js:231:10)\n    at _callCircusTest (/Users/ayurparishkar/Downloads/project 4/node_modules/jest-circus/build/run.js:316:40)\n    at _runTest (/Users/ayurparishkar/Downloads/project 4/node_modules/jest-circus/build/run.js:252:3)\n    at _runTestsForDescribeBlock (/Users/ayurparishkar/Downloads/project 4/node_modules/jest-circus/build/run.js:126:9)\n    at _runTestsForDescribeBlock (/Users/ayurparishkar/Downloads/project 4/node_modules/jest-circus/build/run.js:121:9)\n    at run (/Users/ayurparishkar/Downloads/project 4/node_modules/jest-circus/build/run.js:71:3)\n    at runAndTransformResultsToJestFormat (/Users/ayurparishkar/Downloads/project 4/node_modules/jest-circus/build/legacy-code-todo-rewrite/jestAdapterInit.js:122:21)"],"fullName":"ClientsScreen opens Add Client modal and fills out form fields","invocations":1,"location":null,"numPassingAsserts":0,"retryReasons":[],"status":"failed","title":"opens Add Client modal and fills out form fields"},{"ancestorTitles":["ClientsScreen"],"duration":225,"failureDetails":[{}],"failureMessages":["Error: Element type is invalid: expected a string (for built-in components) or a class/function (for composite components) but got: undefined. You likely forgot to export your component from the file it's defined in, or you might have mixed up default and named imports.\n\nCheck the render method of `PrefixPicker`.\n    at Error (/Users/ayurparishkar/Downloads/project 4/node_modules/react-test-renderer/cjs/react-test-renderer.development.js:12185:28)\n    at createFiberFromTypeAndProps (/Users/ayurparishkar/Downloads/project 4/node_modules/react-test-renderer/cjs/react-test-renderer.development.js:12199:14)\n    at createFiberFromElement (/Users/ayurparishkar/Downloads/project 4/node_modules/react-test-renderer/cjs/react-test-renderer.development.js:4475:26)\n    at createChild (/Users/ayurparishkar/Downloads/project 4/node_modules/react-test-renderer/cjs/react-test-renderer.development.js:4805:25)\n    at reconcileChildrenArray (/Users/ayurparishkar/Downloads/project 4/node_modules/react-test-renderer/cjs/react-test-renderer.development.js:5122:30)\n    at reconcileChildFibersImpl (/Users/ayurparishkar/Downloads/project 4/node_modules/react-test-renderer/cjs/react-test-renderer.development.js:5227:33)\n    at mountChildFibers (/Users/ayurparishkar/Downloads/project 4/node_modules/react-test-renderer/cjs/react-test-renderer.development.js:5735:13)\n    at reconcileChildren (/Users/ayurparishkar/Downloads/project 4/node_modules/react-test-renderer/cjs/react-test-renderer.development.js:6020:7)\n    at updateFunctionComponent (/Users/ayurparishkar/Downloads/project 4/node_modules/react-test-renderer/cjs/react-test-renderer.development.js:7474:18)\n    at callback (/Users/ayurparishkar/Downloads/project 4/node_modules/react-test-renderer/cjs/react-test-renderer.development.js:1574:13)\n    at runWithFiberInDEV (/Users/ayurparishkar/Downloads/project 4/node_modules/react-test-renderer/cjs/react-test-renderer.development.js:10972:22)\n    at performUnitOfWork (/Users/ayurparishkar/Downloads/project 4/node_modules/react-test-renderer/cjs/react-test-renderer.development.js:10816:41)\n    at workLoopSync (/Users/ayurparishkar/Downloads/project 4/node_modules/react-test-renderer/cjs/react-test-renderer.development.js:10797:11)\n    at renderRootSync (/Users/ayurparishkar/Downloads/project 4/node_modules/react-test-renderer/cjs/react-test-renderer.development.js:10384:39)\n    at performWorkOnRoot (/Users/ayurparishkar/Downloads/project 4/node_modules/react-test-renderer/cjs/react-test-renderer.development.js:2094:7)\n    at callback (/Users/ayurparishkar/Downloads/project 4/node_modules/react/cjs/react.development.js:862:34)\n    at flushActQueue (/Users/ayurparishkar/Downloads/project 4/node_modules/react/cjs/react.development.js:1151:10)\n    at actImplementation (/Users/ayurparishkar/Downloads/project 4/node_modules/@testing-library/react-native/src/act.ts:30:25)\n    at fireEvent (/Users/ayurparishkar/Downloads/project 4/node_modules/@testing-library/react-native/src/fire-event.ts:136:11)\n    at Function.apply (/Users/ayurparishkar/Downloads/project 4/node_modules/@testing-library/react-native/src/fire-event.ts:144:12)\n    at Object.press (/Users/ayurparishkar/Downloads/project 4/src/features/clients/__tests__/ClientsScreen.test.tsx:68:15)\n    at Generator.next (<anonymous>)\n    at asyncGeneratorStep (/Users/ayurparishkar/Downloads/project 4/node_modules/@babel/runtime/helpers/asyncToGenerator.js:3:17)\n    at asyncGeneratorStep (/Users/ayurparishkar/Downloads/project 4/node_modules/@babel/runtime/helpers/asyncToGenerator.js:17:9)\n    at _next (/Users/ayurparishkar/Downloads/project 4/node_modules/@babel/runtime/helpers/asyncToGenerator.js:22:7)\n    at new Promise (<anonymous>)\n    at Object.<anonymous> (/Users/ayurparishkar/Downloads/project 4/node_modules/@babel/runtime/helpers/asyncToGenerator.js:14:12)\n    at Promise.then.completed (/Users/ayurparishkar/Downloads/project 4/node_modules/jest-circus/build/utils.js:298:28)\n    at new Promise (<anonymous>)\n    at callAsyncCircusFn (/Users/ayurparishkar/Downloads/project 4/node_modules/jest-circus/build/utils.js:231:10)\n    at _callCircusTest (/Users/ayurparishkar/Downloads/project 4/node_modules/jest-circus/build/run.js:316:40)\n    at _runTest (/Users/ayurparishkar/Downloads/project 4/node_modules/jest-circus/build/run.js:252:3)\n    at _runTestsForDescribeBlock (/Users/ayurparishkar/Downloads/project 4/node_modules/jest-circus/build/run.js:126:9)\n    at _runTestsForDescribeBlock (/Users/ayurparishkar/Downloads/project 4/node_modules/jest-circus/build/run.js:121:9)\n    at run (/Users/ayurparishkar/Downloads/project 4/node_modules/jest-circus/build/run.js:71:3)\n    at runAndTransformResultsToJestFormat (/Users/ayurparishkar/Downloads/project 4/node_modules/jest-circus/build/legacy-code-todo-rewrite/jestAdapterInit.js:122:21)"],"fullName":"ClientsScreen submits the form and updates state/UI","invocations":1,"location":null,"numPassingAsserts":0,"retryReasons":[],"status":"failed","title":"submits the form and updates state/UI"},{"ancestorTitles":["ClientsScreen"],"duration":118,"failureDetails":[{}],"failureMessages":["Error: Element type is invalid: expected a string (for built-in components) or a class/function (for composite components) but got: undefined. You likely forgot to export your component from the file it's defined in, or you might have mixed up default and named imports.\n\nCheck the render method of `PrefixPicker`.\n    at Error (/Users/ayurparishkar/Downloads/project 4/node_modules/react-test-renderer/cjs/react-test-renderer.development.js:12185:28)\n    at createFiberFromTypeAndProps (/Users/ayurparishkar/Downloads/project 4/node_modules/react-test-renderer/cjs/react-test-renderer.development.js:12199:14)\n    at createFiberFromElement (/Users/ayurparishkar/Downloads/project 4/node_modules/react-test-renderer/cjs/react-test-renderer.development.js:4475:26)\n    at createChild (/Users/ayurparishkar/Downloads/project 4/node_modules/react-test-renderer/cjs/react-test-renderer.development.js:4805:25)\n    at reconcileChildrenArray (/Users/ayurparishkar/Downloads/project 4/node_modules/react-test-renderer/cjs/react-test-renderer.development.js:5122:30)\n    at reconcileChildFibersImpl (/Users/ayurparishkar/Downloads/project 4/node_modules/react-test-renderer/cjs/react-test-renderer.development.js:5227:33)\n    at mountChildFibers (/Users/ayurparishkar/Downloads/project 4/node_modules/react-test-renderer/cjs/react-test-renderer.development.js:5735:13)\n    at reconcileChildren (/Users/ayurparishkar/Downloads/project 4/node_modules/react-test-renderer/cjs/react-test-renderer.development.js:6020:7)\n    at updateFunctionComponent (/Users/ayurparishkar/Downloads/project 4/node_modules/react-test-renderer/cjs/react-test-renderer.development.js:7474:18)\n    at callback (/Users/ayurparishkar/Downloads/project 4/node_modules/react-test-renderer/cjs/react-test-renderer.development.js:1574:13)\n    at runWithFiberInDEV (/Users/ayurparishkar/Downloads/project 4/node_modules/react-test-renderer/cjs/react-test-renderer.development.js:10972:22)\n    at performUnitOfWork (/Users/ayurparishkar/Downloads/project 4/node_modules/react-test-renderer/cjs/react-test-renderer.development.js:10816:41)\n    at workLoopSync (/Users/ayurparishkar/Downloads/project 4/node_modules/react-test-renderer/cjs/react-test-renderer.development.js:10797:11)\n    at renderRootSync (/Users/ayurparishkar/Downloads/project 4/node_modules/react-test-renderer/cjs/react-test-renderer.development.js:10384:39)\n    at performWorkOnRoot (/Users/ayurparishkar/Downloads/project 4/node_modules/react-test-renderer/cjs/react-test-renderer.development.js:2094:7)\n    at callback (/Users/ayurparishkar/Downloads/project 4/node_modules/react/cjs/react.development.js:862:34)\n    at flushActQueue (/Users/ayurparishkar/Downloads/project 4/node_modules/react/cjs/react.development.js:1151:10)\n    at actImplementation (/Users/ayurparishkar/Downloads/project 4/node_modules/@testing-library/react-native/src/act.ts:30:25)\n    at fireEvent (/Users/ayurparishkar/Downloads/project 4/node_modules/@testing-library/react-native/src/fire-event.ts:136:11)\n    at Function.apply (/Users/ayurparishkar/Downloads/project 4/node_modules/@testing-library/react-native/src/fire-event.ts:144:12)\n    at Object.press (/Users/ayurparishkar/Downloads/project 4/src/features/clients/__tests__/ClientsScreen.test.tsx:81:15)\n    at Generator.next (<anonymous>)\n    at asyncGeneratorStep (/Users/ayurparishkar/Downloads/project 4/node_modules/@babel/runtime/helpers/asyncToGenerator.js:3:17)\n    at asyncGeneratorStep (/Users/ayurparishkar/Downloads/project 4/node_modules/@babel/runtime/helpers/asyncToGenerator.js:17:9)\n    at _next (/Users/ayurparishkar/Downloads/project 4/node_modules/@babel/runtime/helpers/asyncToGenerator.js:22:7)\n    at new Promise (<anonymous>)\n    at Object.<anonymous> (/Users/ayurparishkar/Downloads/project 4/node_modules/@babel/runtime/helpers/asyncToGenerator.js:14:12)\n    at Promise.then.completed (/Users/ayurparishkar/Downloads/project 4/node_modules/jest-circus/build/utils.js:298:28)\n    at new Promise (<anonymous>)\n    at callAsyncCircusFn (/Users/ayurparishkar/Downloads/project 4/node_modules/jest-circus/build/utils.js:231:10)\n    at _callCircusTest (/Users/ayurparishkar/Downloads/project 4/node_modules/jest-circus/build/run.js:316:40)\n    at _runTest (/Users/ayurparishkar/Downloads/project 4/node_modules/jest-circus/build/run.js:252:3)\n    at _runTestsForDescribeBlock (/Users/ayurparishkar/Downloads/project 4/node_modules/jest-circus/build/run.js:126:9)\n    at _runTestsForDescribeBlock (/Users/ayurparishkar/Downloads/project 4/node_modules/jest-circus/build/run.js:121:9)\n    at run (/Users/ayurparishkar/Downloads/project 4/node_modules/jest-circus/build/run.js:71:3)\n    at runAndTransformResultsToJestFormat (/Users/ayurparishkar/Downloads/project 4/node_modules/jest-circus/build/legacy-code-todo-rewrite/jestAdapterInit.js:122:21)"],"fullName":"ClientsScreen shows validation errors for missing/invalid fields","invocations":1,"location":null,"numPassingAsserts":0,"retryReasons":[],"status":"failed","title":"shows validation errors for missing/invalid fields"}],"endTime":1747996316913,"message":"\u001b[1m\u001b[31m  \u001b[1m● \u001b[22m\u001b[1mClientsScreen › opens Add Client modal and fills out form fields\u001b[39m\u001b[22m\n\n    Element type is invalid: expected a string (for built-in components) or a class/function (for composite components) but got: undefined. You likely forgot to export your component from the file it's defined in, or you might have mixed up default and named imports.\n\n    Check the render method of `PrefixPicker`.\n\u001b[2m\u001b[22m\n\u001b[2m    \u001b[0m \u001b[90m 55 |\u001b[39m   it(\u001b[32m'opens Add Client modal and fills out form fields'\u001b[39m\u001b[33m,\u001b[39m \u001b[36masync\u001b[39m () \u001b[33m=>\u001b[39m {\u001b[22m\n\u001b[2m     \u001b[90m 56 |\u001b[39m     \u001b[36mconst\u001b[39m { getByPlaceholderText\u001b[33m,\u001b[39m getByTestId } \u001b[33m=\u001b[39m renderWithStore()\u001b[33m;\u001b[39m\u001b[22m\n\u001b[2m    \u001b[31m\u001b[1m>\u001b[22m\u001b[2m\u001b[39m\u001b[90m 57 |\u001b[39m     fireEvent\u001b[33m.\u001b[39mpress(getByTestId(\u001b[32m'add-client-button'\u001b[39m))\u001b[33m;\u001b[39m\u001b[22m\n\u001b[2m     \u001b[90m    |\u001b[39m               \u001b[31m\u001b[1m^\u001b[22m\u001b[2m\u001b[39m\u001b[22m\n\u001b[2m     \u001b[90m 58 |\u001b[39m     \u001b[36mconst\u001b[39m nameInput \u001b[33m=\u001b[39m getByPlaceholderText(\u001b[32m'Name'\u001b[39m)\u001b[33m;\u001b[39m\u001b[22m\n\u001b[2m     \u001b[90m 59 |\u001b[39m     \u001b[36mconst\u001b[39m mobileInput \u001b[33m=\u001b[39m getByPlaceholderText(\u001b[32m'Mobile'\u001b[39m)\u001b[33m;\u001b[39m\u001b[22m\n\u001b[2m     \u001b[90m 60 |\u001b[39m     fireEvent\u001b[33m.\u001b[39mchangeText(nameInput\u001b[33m,\u001b[39m \u001b[32m'Charlie'\u001b[39m)\u001b[33m;\u001b[39m\u001b[0m\u001b[22m\n\u001b[2m\u001b[22m\n\u001b[2m      \u001b[2mat Error (\u001b[22m\u001b[2mnode_modules/react-test-renderer/cjs/react-test-renderer.development.js\u001b[2m:12185:28)\u001b[22m\u001b[2m\u001b[22m\n\u001b[2m      \u001b[2mat createFiberFromTypeAndProps (\u001b[22m\u001b[2mnode_modules/react-test-renderer/cjs/react-test-renderer.development.js\u001b[2m:12199:14)\u001b[22m\u001b[2m\u001b[22m\n\u001b[2m      \u001b[2mat createFiberFromElement (\u001b[22m\u001b[2mnode_modules/react-test-renderer/cjs/react-test-renderer.development.js\u001b[2m:4475:26)\u001b[22m\u001b[2m\u001b[22m\n\u001b[2m      \u001b[2mat createChild (\u001b[22m\u001b[2mnode_modules/react-test-renderer/cjs/react-test-renderer.development.js\u001b[2m:4805:25)\u001b[22m\u001b[2m\u001b[22m\n\u001b[2m      \u001b[2mat reconcileChildrenArray (\u001b[22m\u001b[2mnode_modules/react-test-renderer/cjs/react-test-renderer.development.js\u001b[2m:5122:30)\u001b[22m\u001b[2m\u001b[22m\n\u001b[2m      \u001b[2mat reconcileChildFibersImpl (\u001b[22m\u001b[2mnode_modules/react-test-renderer/cjs/react-test-renderer.development.js\u001b[2m:5227:33)\u001b[22m\u001b[2m\u001b[22m\n\u001b[2m      \u001b[2mat mountChildFibers (\u001b[22m\u001b[2mnode_modules/react-test-renderer/cjs/react-test-renderer.development.js\u001b[2m:5735:13)\u001b[22m\u001b[2m\u001b[22m\n\u001b[2m      \u001b[2mat reconcileChildren (\u001b[22m\u001b[2mnode_modules/react-test-renderer/cjs/react-test-renderer.development.js\u001b[2m:6020:7)\u001b[22m\u001b[2m\u001b[22m\n\u001b[2m      \u001b[2mat updateFunctionComponent (\u001b[22m\u001b[2mnode_modules/react-test-renderer/cjs/react-test-renderer.development.js\u001b[2m:7474:18)\u001b[22m\u001b[2m\u001b[22m\n\u001b[2m      \u001b[2mat callback (\u001b[22m\u001b[2mnode_modules/react-test-renderer/cjs/react-test-renderer.development.js\u001b[2m:1574:13)\u001b[22m\u001b[2m\u001b[22m\n\u001b[2m      \u001b[2mat runWithFiberInDEV (\u001b[22m\u001b[2mnode_modules/react-test-renderer/cjs/react-test-renderer.development.js\u001b[2m:10972:22)\u001b[22m\u001b[2m\u001b[22m\n\u001b[2m      \u001b[2mat performUnitOfWork (\u001b[22m\u001b[2mnode_modules/react-test-renderer/cjs/react-test-renderer.development.js\u001b[2m:10816:41)\u001b[22m\u001b[2m\u001b[22m\n\u001b[2m      \u001b[2mat workLoopSync (\u001b[22m\u001b[2mnode_modules/react-test-renderer/cjs/react-test-renderer.development.js\u001b[2m:10797:11)\u001b[22m\u001b[2m\u001b[22m\n\u001b[2m      \u001b[2mat renderRootSync (\u001b[22m\u001b[2mnode_modules/react-test-renderer/cjs/react-test-renderer.development.js\u001b[2m:10384:39)\u001b[22m\u001b[2m\u001b[22m\n\u001b[2m      \u001b[2mat performWorkOnRoot (\u001b[22m\u001b[2mnode_modules/react-test-renderer/cjs/react-test-renderer.development.js\u001b[2m:2094:7)\u001b[22m\u001b[2m\u001b[22m\n\u001b[2m      \u001b[2mat callback (\u001b[22m\u001b[2mnode_modules/react/cjs/react.development.js\u001b[2m:862:34)\u001b[22m\u001b[2m\u001b[22m\n\u001b[2m      \u001b[2mat flushActQueue (\u001b[22m\u001b[2mnode_modules/react/cjs/react.development.js\u001b[2m:1151:10)\u001b[22m\u001b[2m\u001b[22m\n\u001b[2m      \u001b[2mat actImplementation (\u001b[22m\u001b[2mnode_modules/@testing-library/react-native/src/act.ts\u001b[2m:30:25)\u001b[22m\u001b[2m\u001b[22m\n\u001b[2m      \u001b[2mat fireEvent (\u001b[22m\u001b[2mnode_modules/@testing-library/react-native/src/fire-event.ts\u001b[2m:136:11)\u001b[22m\u001b[2m\u001b[22m\n\u001b[2m      \u001b[2mat Function.apply (\u001b[22m\u001b[2mnode_modules/@testing-library/react-native/src/fire-event.ts\u001b[2m:144:12)\u001b[22m\u001b[2m\u001b[22m\n\u001b[2m      \u001b[2mat Object.press (\u001b[22m\u001b[2m\u001b[0m\u001b[36msrc/features/clients/__tests__/ClientsScreen.test.tsx\u001b[39m\u001b[0m\u001b[2m:57:15)\u001b[22m\u001b[2m\u001b[22m\n\u001b[2m      \u001b[2mat asyncGeneratorStep (\u001b[22m\u001b[2mnode_modules/@babel/runtime/helpers/asyncToGenerator.js\u001b[2m:3:17)\u001b[22m\u001b[2m\u001b[22m\n\u001b[2m      \u001b[2mat asyncGeneratorStep (\u001b[22m\u001b[2mnode_modules/@babel/runtime/helpers/asyncToGenerator.js\u001b[2m:17:9)\u001b[22m\u001b[2m\u001b[22m\n\u001b[2m      \u001b[2mat _next (\u001b[22m\u001b[2mnode_modules/@babel/runtime/helpers/asyncToGenerator.js\u001b[2m:22:7)\u001b[22m\u001b[2m\u001b[22m\n\u001b[2m      \u001b[2mat Object.<anonymous> (\u001b[22m\u001b[2mnode_modules/@babel/runtime/helpers/asyncToGenerator.js\u001b[2m:14:12)\u001b[22m\u001b[2m\u001b[22m\n\n\u001b[1m\u001b[31m  \u001b[1m● \u001b[22m\u001b[1mClientsScreen › submits the form and updates state/UI\u001b[39m\u001b[22m\n\n    Element type is invalid: expected a string (for built-in components) or a class/function (for composite components) but got: undefined. You likely forgot to export your component from the file it's defined in, or you might have mixed up default and named imports.\n\n    Check the render method of `PrefixPicker`.\n\u001b[2m\u001b[22m\n\u001b[2m    \u001b[0m \u001b[90m 66 |\u001b[39m   it(\u001b[32m'submits the form and updates state/UI'\u001b[39m\u001b[33m,\u001b[39m \u001b[36masync\u001b[39m () \u001b[33m=>\u001b[39m {\u001b[22m\n\u001b[2m     \u001b[90m 67 |\u001b[39m     \u001b[36mconst\u001b[39m { getByText\u001b[33m,\u001b[39m getByPlaceholderText\u001b[33m,\u001b[39m queryByText\u001b[33m,\u001b[39m getByTestId } \u001b[33m=\u001b[39m renderWithStore({ clients\u001b[33m:\u001b[39m [] }\u001b[33m,\u001b[39m \u001b[36mtrue\u001b[39m)\u001b[33m;\u001b[39m\u001b[22m\n\u001b[2m    \u001b[31m\u001b[1m>\u001b[22m\u001b[2m\u001b[39m\u001b[90m 68 |\u001b[39m     fireEvent\u001b[33m.\u001b[39mpress(getByTestId(\u001b[32m'add-client-button'\u001b[39m))\u001b[33m;\u001b[39m\u001b[22m\n\u001b[2m     \u001b[90m    |\u001b[39m               \u001b[31m\u001b[1m^\u001b[22m\u001b[2m\u001b[39m\u001b[22m\n\u001b[2m     \u001b[90m 69 |\u001b[39m     fireEvent\u001b[33m.\u001b[39mchangeText(getByPlaceholderText(\u001b[32m'Name'\u001b[39m)\u001b[33m,\u001b[39m \u001b[32m'Dana'\u001b[39m)\u001b[33m;\u001b[39m\u001b[22m\n\u001b[2m     \u001b[90m 70 |\u001b[39m     fireEvent\u001b[33m.\u001b[39mchangeText(getByPlaceholderText(\u001b[32m'Mobile'\u001b[39m)\u001b[33m,\u001b[39m \u001b[32m'8889990000'\u001b[39m)\u001b[33m;\u001b[39m\u001b[22m\n\u001b[2m     \u001b[90m 71 |\u001b[39m     \u001b[90m// Save by pressing the Save icon button (find by testID)\u001b[39m\u001b[0m\u001b[22m\n\u001b[2m\u001b[22m\n\u001b[2m      \u001b[2mat Error (\u001b[22m\u001b[2mnode_modules/react-test-renderer/cjs/react-test-renderer.development.js\u001b[2m:12185:28)\u001b[22m\u001b[2m\u001b[22m\n\u001b[2m      \u001b[2mat createFiberFromTypeAndProps (\u001b[22m\u001b[2mnode_modules/react-test-renderer/cjs/react-test-renderer.development.js\u001b[2m:12199:14)\u001b[22m\u001b[2m\u001b[22m\n\u001b[2m      \u001b[2mat createFiberFromElement (\u001b[22m\u001b[2mnode_modules/react-test-renderer/cjs/react-test-renderer.development.js\u001b[2m:4475:26)\u001b[22m\u001b[2m\u001b[22m\n\u001b[2m      \u001b[2mat createChild (\u001b[22m\u001b[2mnode_modules/react-test-renderer/cjs/react-test-renderer.development.js\u001b[2m:4805:25)\u001b[22m\u001b[2m\u001b[22m\n\u001b[2m      \u001b[2mat reconcileChildrenArray (\u001b[22m\u001b[2mnode_modules/react-test-renderer/cjs/react-test-renderer.development.js\u001b[2m:5122:30)\u001b[22m\u001b[2m\u001b[22m\n\u001b[2m      \u001b[2mat reconcileChildFibersImpl (\u001b[22m\u001b[2mnode_modules/react-test-renderer/cjs/react-test-renderer.development.js\u001b[2m:5227:33)\u001b[22m\u001b[2m\u001b[22m\n\u001b[2m      \u001b[2mat mountChildFibers (\u001b[22m\u001b[2mnode_modules/react-test-renderer/cjs/react-test-renderer.development.js\u001b[2m:5735:13)\u001b[22m\u001b[2m\u001b[22m\n\u001b[2m      \u001b[2mat reconcileChildren (\u001b[22m\u001b[2mnode_modules/react-test-renderer/cjs/react-test-renderer.development.js\u001b[2m:6020:7)\u001b[22m\u001b[2m\u001b[22m\n\u001b[2m      \u001b[2mat updateFunctionComponent (\u001b[22m\u001b[2mnode_modules/react-test-renderer/cjs/react-test-renderer.development.js\u001b[2m:7474:18)\u001b[22m\u001b[2m\u001b[22m\n\u001b[2m      \u001b[2mat callback (\u001b[22m\u001b[2mnode_modules/react-test-renderer/cjs/react-test-renderer.development.js\u001b[2m:1574:13)\u001b[22m\u001b[2m\u001b[22m\n\u001b[2m      \u001b[2mat runWithFiberInDEV (\u001b[22m\u001b[2mnode_modules/react-test-renderer/cjs/react-test-renderer.development.js\u001b[2m:10972:22)\u001b[22m\u001b[2m\u001b[22m\n\u001b[2m      \u001b[2mat performUnitOfWork (\u001b[22m\u001b[2mnode_modules/react-test-renderer/cjs/react-test-renderer.development.js\u001b[2m:10816:41)\u001b[22m\u001b[2m\u001b[22m\n\u001b[2m      \u001b[2mat workLoopSync (\u001b[22m\u001b[2mnode_modules/react-test-renderer/cjs/react-test-renderer.development.js\u001b[2m:10797:11)\u001b[22m\u001b[2m\u001b[22m\n\u001b[2m      \u001b[2mat renderRootSync (\u001b[22m\u001b[2mnode_modules/react-test-renderer/cjs/react-test-renderer.development.js\u001b[2m:10384:39)\u001b[22m\u001b[2m\u001b[22m\n\u001b[2m      \u001b[2mat performWorkOnRoot (\u001b[22m\u001b[2mnode_modules/react-test-renderer/cjs/react-test-renderer.development.js\u001b[2m:2094:7)\u001b[22m\u001b[2m\u001b[22m\n\u001b[2m      \u001b[2mat callback (\u001b[22m\u001b[2mnode_modules/react/cjs/react.development.js\u001b[2m:862:34)\u001b[22m\u001b[2m\u001b[22m\n\u001b[2m      \u001b[2mat flushActQueue (\u001b[22m\u001b[2mnode_modules/react/cjs/react.development.js\u001b[2m:1151:10)\u001b[22m\u001b[2m\u001b[22m\n\u001b[2m      \u001b[2mat actImplementation (\u001b[22m\u001b[2mnode_modules/@testing-library/react-native/src/act.ts\u001b[2m:30:25)\u001b[22m\u001b[2m\u001b[22m\n\u001b[2m      \u001b[2mat fireEvent (\u001b[22m\u001b[2mnode_modules/@testing-library/react-native/src/fire-event.ts\u001b[2m:136:11)\u001b[22m\u001b[2m\u001b[22m\n\u001b[2m      \u001b[2mat Function.apply (\u001b[22m\u001b[2mnode_modules/@testing-library/react-native/src/fire-event.ts\u001b[2m:144:12)\u001b[22m\u001b[2m\u001b[22m\n\u001b[2m      \u001b[2mat Object.press (\u001b[22m\u001b[2m\u001b[0m\u001b[36msrc/features/clients/__tests__/ClientsScreen.test.tsx\u001b[39m\u001b[0m\u001b[2m:68:15)\u001b[22m\u001b[2m\u001b[22m\n\u001b[2m      \u001b[2mat asyncGeneratorStep (\u001b[22m\u001b[2mnode_modules/@babel/runtime/helpers/asyncToGenerator.js\u001b[2m:3:17)\u001b[22m\u001b[2m\u001b[22m\n\u001b[2m      \u001b[2mat asyncGeneratorStep (\u001b[22m\u001b[2mnode_modules/@babel/runtime/helpers/asyncToGenerator.js\u001b[2m:17:9)\u001b[22m\u001b[2m\u001b[22m\n\u001b[2m      \u001b[2mat _next (\u001b[22m\u001b[2mnode_modules/@babel/runtime/helpers/asyncToGenerator.js\u001b[2m:22:7)\u001b[22m\u001b[2m\u001b[22m\n\u001b[2m      \u001b[2mat Object.<anonymous> (\u001b[22m\u001b[2mnode_modules/@babel/runtime/helpers/asyncToGenerator.js\u001b[2m:14:12)\u001b[22m\u001b[2m\u001b[22m\n\n\u001b[1m\u001b[31m  \u001b[1m● \u001b[22m\u001b[1mClientsScreen › shows validation errors for missing/invalid fields\u001b[39m\u001b[22m\n\n    Element type is invalid: expected a string (for built-in components) or a class/function (for composite components) but got: undefined. You likely forgot to export your component from the file it's defined in, or you might have mixed up default and named imports.\n\n    Check the render method of `PrefixPicker`.\n\u001b[2m\u001b[22m\n\u001b[2m    \u001b[0m \u001b[90m 79 |\u001b[39m   it(\u001b[32m'shows validation errors for missing/invalid fields'\u001b[39m\u001b[33m,\u001b[39m \u001b[36masync\u001b[39m () \u001b[33m=>\u001b[39m {\u001b[22m\n\u001b[2m     \u001b[90m 80 |\u001b[39m     \u001b[36mconst\u001b[39m { getByText\u001b[33m,\u001b[39m getByPlaceholderText\u001b[33m,\u001b[39m getByTestId } \u001b[33m=\u001b[39m renderWithStore()\u001b[33m;\u001b[39m\u001b[22m\n\u001b[2m    \u001b[31m\u001b[1m>\u001b[22m\u001b[2m\u001b[39m\u001b[90m 81 |\u001b[39m     fireEvent\u001b[33m.\u001b[39mpress(getByTestId(\u001b[32m'add-client-button'\u001b[39m))\u001b[33m;\u001b[39m\u001b[22m\n\u001b[2m     \u001b[90m    |\u001b[39m               \u001b[31m\u001b[1m^\u001b[22m\u001b[2m\u001b[39m\u001b[22m\n\u001b[2m     \u001b[90m 82 |\u001b[39m     \u001b[90m// Try to save without filling fields\u001b[39m\u001b[22m\n\u001b[2m     \u001b[90m 83 |\u001b[39m     fireEvent\u001b[33m.\u001b[39mpress(getByTestId(\u001b[32m'save-client-button'\u001b[39m))\u001b[33m;\u001b[39m\u001b[22m\n\u001b[2m     \u001b[90m 84 |\u001b[39m     \u001b[36mawait\u001b[39m waitFor(() \u001b[33m=>\u001b[39m {\u001b[0m\u001b[22m\n\u001b[2m\u001b[22m\n\u001b[2m      \u001b[2mat Error (\u001b[22m\u001b[2mnode_modules/react-test-renderer/cjs/react-test-renderer.development.js\u001b[2m:12185:28)\u001b[22m\u001b[2m\u001b[22m\n\u001b[2m      \u001b[2mat createFiberFromTypeAndProps (\u001b[22m\u001b[2mnode_modules/react-test-renderer/cjs/react-test-renderer.development.js\u001b[2m:12199:14)\u001b[22m\u001b[2m\u001b[22m\n\u001b[2m      \u001b[2mat createFiberFromElement (\u001b[22m\u001b[2mnode_modules/react-test-renderer/cjs/react-test-renderer.development.js\u001b[2m:4475:26)\u001b[22m\u001b[2m\u001b[22m\n\u001b[2m      \u001b[2mat createChild (\u001b[22m\u001b[2mnode_modules/react-test-renderer/cjs/react-test-renderer.development.js\u001b[2m:4805:25)\u001b[22m\u001b[2m\u001b[22m\n\u001b[2m      \u001b[2mat reconcileChildrenArray (\u001b[22m\u001b[2mnode_modules/react-test-renderer/cjs/react-test-renderer.development.js\u001b[2m:5122:30)\u001b[22m\u001b[2m\u001b[22m\n\u001b[2m      \u001b[2mat reconcileChildFibersImpl (\u001b[22m\u001b[2mnode_modules/react-test-renderer/cjs/react-test-renderer.development.js\u001b[2m:5227:33)\u001b[22m\u001b[2m\u001b[22m\n\u001b[2m      \u001b[2mat mountChildFibers (\u001b[22m\u001b[2mnode_modules/react-test-renderer/cjs/react-test-renderer.development.js\u001b[2m:5735:13)\u001b[22m\u001b[2m\u001b[22m\n\u001b[2m      \u001b[2mat reconcileChildren (\u001b[22m\u001b[2mnode_modules/react-test-renderer/cjs/react-test-renderer.development.js\u001b[2m:6020:7)\u001b[22m\u001b[2m\u001b[22m\n\u001b[2m      \u001b[2mat updateFunctionComponent (\u001b[22m\u001b[2mnode_modules/react-test-renderer/cjs/react-test-renderer.development.js\u001b[2m:7474:18)\u001b[22m\u001b[2m\u001b[22m\n\u001b[2m      \u001b[2mat callback (\u001b[22m\u001b[2mnode_modules/react-test-renderer/cjs/react-test-renderer.development.js\u001b[2m:1574:13)\u001b[22m\u001b[2m\u001b[22m\n\u001b[2m      \u001b[2mat runWithFiberInDEV (\u001b[22m\u001b[2mnode_modules/react-test-renderer/cjs/react-test-renderer.development.js\u001b[2m:10972:22)\u001b[22m\u001b[2m\u001b[22m\n\u001b[2m      \u001b[2mat performUnitOfWork (\u001b[22m\u001b[2mnode_modules/react-test-renderer/cjs/react-test-renderer.development.js\u001b[2m:10816:41)\u001b[22m\u001b[2m\u001b[22m\n\u001b[2m      \u001b[2mat workLoopSync (\u001b[22m\u001b[2mnode_modules/react-test-renderer/cjs/react-test-renderer.development.js\u001b[2m:10797:11)\u001b[22m\u001b[2m\u001b[22m\n\u001b[2m      \u001b[2mat renderRootSync (\u001b[22m\u001b[2mnode_modules/react-test-renderer/cjs/react-test-renderer.development.js\u001b[2m:10384:39)\u001b[22m\u001b[2m\u001b[22m\n\u001b[2m      \u001b[2mat performWorkOnRoot (\u001b[22m\u001b[2mnode_modules/react-test-renderer/cjs/react-test-renderer.development.js\u001b[2m:2094:7)\u001b[22m\u001b[2m\u001b[22m\n\u001b[2m      \u001b[2mat callback (\u001b[22m\u001b[2mnode_modules/react/cjs/react.development.js\u001b[2m:862:34)\u001b[22m\u001b[2m\u001b[22m\n\u001b[2m      \u001b[2mat flushActQueue (\u001b[22m\u001b[2mnode_modules/react/cjs/react.development.js\u001b[2m:1151:10)\u001b[22m\u001b[2m\u001b[22m\n\u001b[2m      \u001b[2mat actImplementation (\u001b[22m\u001b[2mnode_modules/@testing-library/react-native/src/act.ts\u001b[2m:30:25)\u001b[22m\u001b[2m\u001b[22m\n\u001b[2m      \u001b[2mat fireEvent (\u001b[22m\u001b[2mnode_modules/@testing-library/react-native/src/fire-event.ts\u001b[2m:136:11)\u001b[22m\u001b[2m\u001b[22m\n\u001b[2m      \u001b[2mat Function.apply (\u001b[22m\u001b[2mnode_modules/@testing-library/react-native/src/fire-event.ts\u001b[2m:144:12)\u001b[22m\u001b[2m\u001b[22m\n\u001b[2m      \u001b[2mat Object.press (\u001b[22m\u001b[2m\u001b[0m\u001b[36msrc/features/clients/__tests__/ClientsScreen.test.tsx\u001b[39m\u001b[0m\u001b[2m:81:15)\u001b[22m\u001b[2m\u001b[22m\n\u001b[2m      \u001b[2mat asyncGeneratorStep (\u001b[22m\u001b[2mnode_modules/@babel/runtime/helpers/asyncToGenerator.js\u001b[2m:3:17)\u001b[22m\u001b[2m\u001b[22m\n\u001b[2m      \u001b[2mat asyncGeneratorStep (\u001b[22m\u001b[2mnode_modules/@babel/runtime/helpers/asyncToGenerator.js\u001b[2m:17:9)\u001b[22m\u001b[2m\u001b[22m\n\u001b[2m      \u001b[2mat _next (\u001b[22m\u001b[2mnode_modules/@babel/runtime/helpers/asyncToGenerator.js\u001b[2m:22:7)\u001b[22m\u001b[2m\u001b[22m\n\u001b[2m      \u001b[2mat Object.<anonymous> (\u001b[22m\u001b[2mnode_modules/@babel/runtime/helpers/asyncToGenerator.js\u001b[2m:14:12)\u001b[22m\u001b[2m\u001b[22m\n","name":"/Users/ayurparishkar/Downloads/project 4/src/features/clients/__tests__/ClientsScreen.test.tsx","startTime":1747996312405,"status":"failed","summary":""},{"assertionResults":[{"ancestorTitles":["TherapistPicker"],"duration":243,"failureDetails":[],"failureMessages":[],"fullName":"TherapistPicker renders therapist options","invocations":1,"location":null,"numPassingAsserts":2,"retryReasons":[],"status":"passed","title":"renders therapist options"}],"endTime":1747996317266,"message":"","name":"/Users/ayurparishkar/Downloads/project 4/src/features/appointments/__tests__/TherapistPicker.test.tsx","startTime":1747996316228,"status":"passed","summary":""},{"assertionResults":[{"ancestorTitles":["formatDate"],"duration":13,"failureDetails":[],"failureMessages":[],"fullName":"formatDate formats a Date object as YYYY-MM-DD","invocations":1,"location":null,"numPassingAsserts":1,"retryReasons":[],"status":"passed","title":"formats a Date object as YYYY-MM-DD"},{"ancestorTitles":["formatDate"],"duration":2,"failureDetails":[],"failureMessages":[],"fullName":"formatDate formats a string date as YYYY-MM-DD","invocations":1,"location":null,"numPassingAsserts":1,"retryReasons":[],"status":"passed","title":"formats a string date as YYYY-MM-DD"},{"ancestorTitles":["formatDate"],"duration":0,"failureDetails":[],"failureMessages":[],"fullName":"formatDate returns empty string for invalid date","invocations":1,"location":null,"numPassingAsserts":2,"retryReasons":[],"status":"passed","title":"returns empty string for invalid date"}],"endTime":1747996317118,"message":"","name":"/Users/ayurparishkar/Downloads/project 4/src/utils/__tests__/GenericDatePicker.test.tsx","startTime":1747996316383,"status":"passed","summary":""},{"assertionResults":[{"ancestorTitles":[],"duration":1,"failureDetails":[],"failureMessages":[],"fullName":"basic","invocations":1,"location":null,"numPassingAsserts":1,"retryReasons":[],"status":"passed","title":"basic"}],"endTime":1747996317441,"message":"","name":"/Users/ayurparishkar/Downloads/project 4/src/features/clients/__tests__/basic.test.ts","startTime":1747996317170,"status":"passed","summary":""},{"assertionResults":[{"ancestorTitles":["ConflictSummary"],"duration":8,"failureDetails":[],"failureMessages":[],"fullName":"ConflictSummary renders summary and details","invocations":1,"location":null,"numPassingAsserts":3,"retryReasons":[],"status":"passed","title":"renders summary and details"}],"endTime":1747996317512,"message":"","name":"/Users/ayurparishkar/Downloads/project 4/src/features/appointments/__tests__/ConflictSummary.test.tsx","startTime":1747996317077,"status":"passed","summary":""},{"assertionResults":[{"ancestorTitles":["RecurringSlotPreview","Mobile compatibility and accessibility"],"duration":884,"failureDetails":[{}],"failureMessages":["Error: Element type is invalid: expected a string (for built-in components) or a class/function (for composite components) but got: undefined. You likely forgot to export your component from the file it's defined in, or you might have mixed up default and named imports.\n\nCheck the render method of `RecurringSlotPreview`.\n    at Error (/Users/ayurparishkar/Downloads/project 4/node_modules/react-test-renderer/cjs/react-test-renderer.development.js:12185:28)\n    at createFiberFromTypeAndProps (/Users/ayurparishkar/Downloads/project 4/node_modules/react-test-renderer/cjs/react-test-renderer.development.js:12199:14)\n    at createFiberFromElement (/Users/ayurparishkar/Downloads/project 4/node_modules/react-test-renderer/cjs/react-test-renderer.development.js:4475:26)\n    at createChild (/Users/ayurparishkar/Downloads/project 4/node_modules/react-test-renderer/cjs/react-test-renderer.development.js:4805:25)\n    at reconcileChildrenArray (/Users/ayurparishkar/Downloads/project 4/node_modules/react-test-renderer/cjs/react-test-renderer.development.js:5122:30)\n    at reconcileChildFibersImpl (/Users/ayurparishkar/Downloads/project 4/node_modules/react-test-renderer/cjs/react-test-renderer.development.js:5227:33)\n    at mountChildFibers (/Users/ayurparishkar/Downloads/project 4/node_modules/react-test-renderer/cjs/react-test-renderer.development.js:5735:13)\n    at reconcileChildren (/Users/ayurparishkar/Downloads/project 4/node_modules/react-test-renderer/cjs/react-test-renderer.development.js:6020:7)\n    at updateFunctionComponent (/Users/ayurparishkar/Downloads/project 4/node_modules/react-test-renderer/cjs/react-test-renderer.development.js:7474:18)\n    at callback (/Users/ayurparishkar/Downloads/project 4/node_modules/react-test-renderer/cjs/react-test-renderer.development.js:1574:13)\n    at runWithFiberInDEV (/Users/ayurparishkar/Downloads/project 4/node_modules/react-test-renderer/cjs/react-test-renderer.development.js:10972:22)\n    at performUnitOfWork (/Users/ayurparishkar/Downloads/project 4/node_modules/react-test-renderer/cjs/react-test-renderer.development.js:10816:41)\n    at workLoopSync (/Users/ayurparishkar/Downloads/project 4/node_modules/react-test-renderer/cjs/react-test-renderer.development.js:10797:11)\n    at renderRootSync (/Users/ayurparishkar/Downloads/project 4/node_modules/react-test-renderer/cjs/react-test-renderer.development.js:10384:39)\n    at performWorkOnRoot (/Users/ayurparishkar/Downloads/project 4/node_modules/react-test-renderer/cjs/react-test-renderer.development.js:2094:7)\n    at callback (/Users/ayurparishkar/Downloads/project 4/node_modules/react/cjs/react.development.js:862:34)\n    at flushActQueue (/Users/ayurparishkar/Downloads/project 4/node_modules/react/cjs/react.development.js:1151:10)\n    at actImplementation (/Users/ayurparishkar/Downloads/project 4/node_modules/@testing-library/react-native/src/act.ts:30:25)\n    at renderWithAct (/Users/ayurparishkar/Downloads/project 4/node_modules/@testing-library/react-native/src/render-act.ts:12:11)\n    at renderInternal (/Users/ayurparishkar/Downloads/project 4/node_modules/@testing-library/react-native/src/render.tsx:81:33)\n    at renderInternal (/Users/ayurparishkar/Downloads/project 4/node_modules/@testing-library/react-native/src/render.tsx:44:10)\n    at Object.<anonymous> (/Users/ayurparishkar/Downloads/project 4/src/features/appointments/__tests__/RecurringSlotPreview.test.tsx:25:51)\n    at Promise.then.completed (/Users/ayurparishkar/Downloads/project 4/node_modules/jest-circus/build/utils.js:298:28)\n    at new Promise (<anonymous>)\n    at callAsyncCircusFn (/Users/ayurparishkar/Downloads/project 4/node_modules/jest-circus/build/utils.js:231:10)\n    at _callCircusTest (/Users/ayurparishkar/Downloads/project 4/node_modules/jest-circus/build/run.js:316:40)\n    at processTicksAndRejections (node:internal/process/task_queues:105:5)\n    at _runTest (/Users/ayurparishkar/Downloads/project 4/node_modules/jest-circus/build/run.js:252:3)\n    at _runTestsForDescribeBlock (/Users/ayurparishkar/Downloads/project 4/node_modules/jest-circus/build/run.js:126:9)\n    at _runTestsForDescribeBlock (/Users/ayurparishkar/Downloads/project 4/node_modules/jest-circus/build/run.js:121:9)\n    at _runTestsForDescribeBlock (/Users/ayurparishkar/Downloads/project 4/node_modules/jest-circus/build/run.js:121:9)\n    at run (/Users/ayurparishkar/Downloads/project 4/node_modules/jest-circus/build/run.js:71:3)\n    at runAndTransformResultsToJestFormat (/Users/ayurparishkar/Downloads/project 4/node_modules/jest-circus/build/legacy-code-todo-rewrite/jestAdapterInit.js:122:21)"],"fullName":"RecurringSlotPreview Mobile compatibility and accessibility has accessible labels for all fields and buttons","invocations":1,"location":null,"numPassingAsserts":0,"retryReasons":[],"status":"failed","title":"has accessible labels for all fields and buttons"},{"ancestorTitles":["RecurringSlotPreview","Mobile compatibility and accessibility"],"duration":28,"failureDetails":[{}],"failureMessages":["Error: Element type is invalid: expected a string (for built-in components) or a class/function (for composite components) but got: undefined. You likely forgot to export your component from the file it's defined in, or you might have mixed up default and named imports.\n\nCheck the render method of `RecurringSlotPreview`.\n    at Error (/Users/ayurparishkar/Downloads/project 4/node_modules/react-test-renderer/cjs/react-test-renderer.development.js:12185:28)\n    at createFiberFromTypeAndProps (/Users/ayurparishkar/Downloads/project 4/node_modules/react-test-renderer/cjs/react-test-renderer.development.js:12199:14)\n    at createFiberFromElement (/Users/ayurparishkar/Downloads/project 4/node_modules/react-test-renderer/cjs/react-test-renderer.development.js:4475:26)\n    at createChild (/Users/ayurparishkar/Downloads/project 4/node_modules/react-test-renderer/cjs/react-test-renderer.development.js:4805:25)\n    at reconcileChildrenArray (/Users/ayurparishkar/Downloads/project 4/node_modules/react-test-renderer/cjs/react-test-renderer.development.js:5122:30)\n    at reconcileChildFibersImpl (/Users/ayurparishkar/Downloads/project 4/node_modules/react-test-renderer/cjs/react-test-renderer.development.js:5227:33)\n    at mountChildFibers (/Users/ayurparishkar/Downloads/project 4/node_modules/react-test-renderer/cjs/react-test-renderer.development.js:5735:13)\n    at reconcileChildren (/Users/ayurparishkar/Downloads/project 4/node_modules/react-test-renderer/cjs/react-test-renderer.development.js:6020:7)\n    at updateFunctionComponent (/Users/ayurparishkar/Downloads/project 4/node_modules/react-test-renderer/cjs/react-test-renderer.development.js:7474:18)\n    at callback (/Users/ayurparishkar/Downloads/project 4/node_modules/react-test-renderer/cjs/react-test-renderer.development.js:1574:13)\n    at runWithFiberInDEV (/Users/ayurparishkar/Downloads/project 4/node_modules/react-test-renderer/cjs/react-test-renderer.development.js:10972:22)\n    at performUnitOfWork (/Users/ayurparishkar/Downloads/project 4/node_modules/react-test-renderer/cjs/react-test-renderer.development.js:10816:41)\n    at workLoopSync (/Users/ayurparishkar/Downloads/project 4/node_modules/react-test-renderer/cjs/react-test-renderer.development.js:10797:11)\n    at renderRootSync (/Users/ayurparishkar/Downloads/project 4/node_modules/react-test-renderer/cjs/react-test-renderer.development.js:10384:39)\n    at performWorkOnRoot (/Users/ayurparishkar/Downloads/project 4/node_modules/react-test-renderer/cjs/react-test-renderer.development.js:2094:7)\n    at callback (/Users/ayurparishkar/Downloads/project 4/node_modules/react/cjs/react.development.js:862:34)\n    at flushActQueue (/Users/ayurparishkar/Downloads/project 4/node_modules/react/cjs/react.development.js:1151:10)\n    at actImplementation (/Users/ayurparishkar/Downloads/project 4/node_modules/@testing-library/react-native/src/act.ts:30:25)\n    at renderWithAct (/Users/ayurparishkar/Downloads/project 4/node_modules/@testing-library/react-native/src/render-act.ts:12:11)\n    at renderInternal (/Users/ayurparishkar/Downloads/project 4/node_modules/@testing-library/react-native/src/render.tsx:81:33)\n    at renderInternal (/Users/ayurparishkar/Downloads/project 4/node_modules/@testing-library/react-native/src/render.tsx:44:10)\n    at Object.<anonymous> (/Users/ayurparishkar/Downloads/project 4/src/features/appointments/__tests__/RecurringSlotPreview.test.tsx:30:35)\n    at Promise.then.completed (/Users/ayurparishkar/Downloads/project 4/node_modules/jest-circus/build/utils.js:298:28)\n    at new Promise (<anonymous>)\n    at callAsyncCircusFn (/Users/ayurparishkar/Downloads/project 4/node_modules/jest-circus/build/utils.js:231:10)\n    at _callCircusTest (/Users/ayurparishkar/Downloads/project 4/node_modules/jest-circus/build/run.js:316:40)\n    at _runTest (/Users/ayurparishkar/Downloads/project 4/node_modules/jest-circus/build/run.js:252:3)\n    at _runTestsForDescribeBlock (/Users/ayurparishkar/Downloads/project 4/node_modules/jest-circus/build/run.js:126:9)\n    at _runTestsForDescribeBlock (/Users/ayurparishkar/Downloads/project 4/node_modules/jest-circus/build/run.js:121:9)\n    at _runTestsForDescribeBlock (/Users/ayurparishkar/Downloads/project 4/node_modules/jest-circus/build/run.js:121:9)\n    at run (/Users/ayurparishkar/Downloads/project 4/node_modules/jest-circus/build/run.js:71:3)\n    at runAndTransformResultsToJestFormat (/Users/ayurparishkar/Downloads/project 4/node_modules/jest-circus/build/legacy-code-todo-rewrite/jestAdapterInit.js:122:21)"],"fullName":"RecurringSlotPreview Mobile compatibility and accessibility renders correctly on small device (mobile viewport)","invocations":1,"location":null,"numPassingAsserts":0,"retryReasons":[],"status":"failed","title":"renders correctly on small device (mobile viewport)"},{"ancestorTitles":["RecurringSlotPreview","Mobile compatibility and accessibility"],"duration":105,"failureDetails":[{}],"failureMessages":["Error: Element type is invalid: expected a string (for built-in components) or a class/function (for composite components) but got: undefined. You likely forgot to export your component from the file it's defined in, or you might have mixed up default and named imports.\n\nCheck the render method of `RecurringSlotPreview`.\n    at Error (/Users/ayurparishkar/Downloads/project 4/node_modules/react-test-renderer/cjs/react-test-renderer.development.js:12185:28)\n    at createFiberFromTypeAndProps (/Users/ayurparishkar/Downloads/project 4/node_modules/react-test-renderer/cjs/react-test-renderer.development.js:12199:14)\n    at createFiberFromElement (/Users/ayurparishkar/Downloads/project 4/node_modules/react-test-renderer/cjs/react-test-renderer.development.js:4475:26)\n    at createChild (/Users/ayurparishkar/Downloads/project 4/node_modules/react-test-renderer/cjs/react-test-renderer.development.js:4805:25)\n    at reconcileChildrenArray (/Users/ayurparishkar/Downloads/project 4/node_modules/react-test-renderer/cjs/react-test-renderer.development.js:5122:30)\n    at reconcileChildFibersImpl (/Users/ayurparishkar/Downloads/project 4/node_modules/react-test-renderer/cjs/react-test-renderer.development.js:5227:33)\n    at mountChildFibers (/Users/ayurparishkar/Downloads/project 4/node_modules/react-test-renderer/cjs/react-test-renderer.development.js:5735:13)\n    at reconcileChildren (/Users/ayurparishkar/Downloads/project 4/node_modules/react-test-renderer/cjs/react-test-renderer.development.js:6020:7)\n    at updateFunctionComponent (/Users/ayurparishkar/Downloads/project 4/node_modules/react-test-renderer/cjs/react-test-renderer.development.js:7474:18)\n    at callback (/Users/ayurparishkar/Downloads/project 4/node_modules/react-test-renderer/cjs/react-test-renderer.development.js:1574:13)\n    at runWithFiberInDEV (/Users/ayurparishkar/Downloads/project 4/node_modules/react-test-renderer/cjs/react-test-renderer.development.js:10972:22)\n    at performUnitOfWork (/Users/ayurparishkar/Downloads/project 4/node_modules/react-test-renderer/cjs/react-test-renderer.development.js:10816:41)\n    at workLoopSync (/Users/ayurparishkar/Downloads/project 4/node_modules/react-test-renderer/cjs/react-test-renderer.development.js:10797:11)\n    at renderRootSync (/Users/ayurparishkar/Downloads/project 4/node_modules/react-test-renderer/cjs/react-test-renderer.development.js:10384:39)\n    at performWorkOnRoot (/Users/ayurparishkar/Downloads/project 4/node_modules/react-test-renderer/cjs/react-test-renderer.development.js:2094:7)\n    at callback (/Users/ayurparishkar/Downloads/project 4/node_modules/react/cjs/react.development.js:862:34)\n    at flushActQueue (/Users/ayurparishkar/Downloads/project 4/node_modules/react/cjs/react.development.js:1151:10)\n    at actImplementation (/Users/ayurparishkar/Downloads/project 4/node_modules/@testing-library/react-native/src/act.ts:30:25)\n    at renderWithAct (/Users/ayurparishkar/Downloads/project 4/node_modules/@testing-library/react-native/src/render-act.ts:12:11)\n    at renderInternal (/Users/ayurparishkar/Downloads/project 4/node_modules/@testing-library/react-native/src/render.tsx:81:33)\n    at renderInternal (/Users/ayurparishkar/Downloads/project 4/node_modules/@testing-library/react-native/src/render.tsx:44:10)\n    at Object.<anonymous> (/Users/ayurparishkar/Downloads/project 4/src/features/appointments/__tests__/RecurringSlotPreview.test.tsx:38:37)\n    at Promise.then.completed (/Users/ayurparishkar/Downloads/project 4/node_modules/jest-circus/build/utils.js:298:28)\n    at new Promise (<anonymous>)\n    at callAsyncCircusFn (/Users/ayurparishkar/Downloads/project 4/node_modules/jest-circus/build/utils.js:231:10)\n    at _callCircusTest (/Users/ayurparishkar/Downloads/project 4/node_modules/jest-circus/build/run.js:316:40)\n    at _runTest (/Users/ayurparishkar/Downloads/project 4/node_modules/jest-circus/build/run.js:252:3)\n    at _runTestsForDescribeBlock (/Users/ayurparishkar/Downloads/project 4/node_modules/jest-circus/build/run.js:126:9)\n    at _runTestsForDescribeBlock (/Users/ayurparishkar/Downloads/project 4/node_modules/jest-circus/build/run.js:121:9)\n    at
[...]
cations":1,"location":null,"numPassingAsserts":1,"retryReasons":[],"status":"passed","title":"adds days to a date"}],"endTime":1747996318729,"message":"","name":"/Users/ayurparishkar/Downloads/project 4/src/features/appointments/__tests__/dateHelpers.test.ts","startTime":1747996318378,"status":"passed","summary":""},{"assertionResults":[{"ancestorTitles":["AppointmentCard"],"duration":13,"failureDetails":[],"failureMessages":[],"fullName":"AppointmentCard renders appointment details","invocations":1,"location":null,"numPassingAsserts":3,"retryReasons":[],"status":"passed","title":"renders appointment details"}],"endTime":1747996319000,"message":"","name":"/Users/ayurparishkar/Downloads/project 4/src/features/appointments/__tests__/AppointmentCard.test.tsx","startTime":1747996318493,"status":"passed","summary":""},{"assertionResults":[{"ancestorTitles":["getRecurringConflicts"],"duration":5,"failureDetails":[],"failureMessages":[],"fullName":"getRecurringConflicts finds recurring conflicts for given days and slot","invocations":1,"location":null,"numPassingAsserts":1,"retryReasons":[],"status":"passed","title":"finds recurring conflicts for given days and slot"}],"endTime":1747996319108,"message":"","name":"/Users/ayurparishkar/Downloads/project 4/src/features/appointments/__tests__/conflictCalculations.test.ts","startTime":1747996318635,"status":"passed","summary":""},{"assertionResults":[{"ancestorTitles":["appointmentsSlice"],"duration":2,"failureDetails":[],"failureMessages":[],"fullName":"appointmentsSlice should return the initial state","invocations":1,"location":null,"numPassingAsserts":1,"retryReasons":[],"status":"passed","title":"should return the initial state"},{"ancestorTitles":["appointmentsSlice"],"duration":514,"failureDetails":[],"failureMessages":[],"fullName":"appointmentsSlice should handle addAppointment","invocations":1,"location":null,"numPassingAsserts":1,"retryReasons":[],"status":"passed","title":"should handle addAppointment"},{"ancestorTitles":["appointmentsSlice"],"duration":2,"failureDetails":[],"failureMessages":[],"fullName":"appointmentsSlice should handle addAppointments","invocations":1,"location":null,"numPassingAsserts":1,"retryReasons":[],"status":"passed","title":"should handle addAppointments"},{"ancestorTitles":["appointmentsSlice"],"duration":1,"failureDetails":[],"failureMessages":[],"fullName":"appointmentsSlice should handle setAppointments","invocations":1,"location":null,"numPassingAsserts":1,"retryReasons":[],"status":"passed","title":"should handle setAppointments"},{"ancestorTitles":["appointmentsSlice"],"duration":1,"failureDetails":[],"failureMessages":[],"fullName":"appointmentsSlice should handle clearAppointments","invocations":1,"location":null,"numPassingAsserts":1,"retryReasons":[],"status":"passed","title":"should handle clearAppointments"},{"ancestorTitles":["appointmentsSlice"],"duration":1,"failureDetails":[],"failureMessages":[],"fullName":"appointmentsSlice should handle clearAppointmentsError","invocations":1,"location":null,"numPassingAsserts":1,"retryReasons":[],"status":"passed","title":"should handle clearAppointmentsError"}],"endTime":1747996319515,"message":"","name":"/Users/ayurparishkar/Downloads/project 4/src/features/appointments/__tests__/appointmentsSlice.test.ts","startTime":1747996318555,"status":"passed","summary":""},{"assertionResults":[{"ancestorTitles":["getHeaderWithBack"],"duration":14,"failureDetails":[],"failureMessages":[],"fullName":"getHeaderWithBack returns correct title and headerLeft with back","invocations":1,"location":null,"numPassingAsserts":4,"retryReasons":[],"status":"passed","title":"returns correct title and headerLeft with back"},{"ancestorTitles":["getHeaderWithBack"],"duration":0,"failureDetails":[],"failureMessages":[],"fullName":"getHeaderWithBack returns null for headerLeft when showBack is false","invocations":1,"location":null,"numPassingAsserts":3,"retryReasons":[],"status":"passed","title":"returns null for headerLeft when showBack is false"}],"endTime":1747996319559,"message":"","name":"/Users/ayurparishkar/Downloads/project 4/src/utils/__tests__/navigationOptions.test.tsx","startTime":1747996318781,"status":"passed","summary":""},{"assertionResults":[{"ancestorTitles":["Sample Test"],"duration":23,"failureDetails":[],"failureMessages":[],"fullName":"Sample Test adds numbers correctly","invocations":1,"location":null,"numPassingAsserts":1,"retryReasons":[],"status":"passed","title":"adds numbers correctly"}],"endTime":1747996320136,"message":"","name":"/Users/ayurparishkar/Downloads/project 4/__tests__/sample.test.ts","startTime":1747996319079,"status":"passed","summary":""},{"assertionResults":[{"ancestorTitles":["getHeaderWithBack navigation logic"],"duration":29,"failureDetails":[],"failureMessages":[],"fullName":"getHeaderWithBack navigation logic navigates back when router.canGoBack returns true","invocations":1,"location":null,"numPassingAsserts":2,"retryReasons":[],"status":"passed","title":"navigates back when router.canGoBack returns true"},{"ancestorTitles":["getHeaderWithBack navigation logic"],"duration":3,"failureDetails":[],"failureMessages":[],"fullName":"getHeaderWithBack navigation logic navigates to /clinics when router.canGoBack returns false","invocations":1,"location":null,"numPassingAsserts":2,"retryReasons":[],"status":"passed","title":"navigates to /clinics when router.canGoBack returns false"},{"ancestorTitles":["getHeaderWithBack navigation logic"],"duration":1,"failureDetails":[],"failureMessages":[],"fullName":"getHeaderWithBack navigation logic navigates to /clinics when router.canGoBack is undefined","invocations":1,"location":null,"numPassingAsserts":2,"retryReasons":[],"status":"passed","title":"navigates to /clinics when router.canGoBack is undefined"},{"ancestorTitles":["getHeaderWithBack navigation logic"],"duration":0,"failureDetails":[],"failureMessages":[],"fullName":"getHeaderWithBack navigation logic navigates to /clinics when exception is thrown","invocations":1,"location":null,"numPassingAsserts":2,"retryReasons":[],"status":"passed","title":"navigates to /clinics when exception is thrown"}],"endTime":1747996319867,"message":"","name":"/Users/ayurparishkar/Downloads/project 4/src/utils/__tests__/navigationOptions.logic.test.tsx","startTime":1747996318943,"status":"passed","summary":""},{"assertionResults":[{"ancestorTitles":["validateInventoryRow"],"duration":7,"failureDetails":[],"failureMessages":[],"fullName":"validateInventoryRow returns success for a fully valid row","invocations":1,"location":null,"numPassingAsserts":2,"retryReasons":[],"status":"passed","title":"returns success for a fully valid row"},{"ancestorTitles":["validateInventoryRow"],"duration":24,"failureDetails":[],"failureMessages":[],"fullName":"validateInventoryRow returns failure for invalid row","invocations":1,"location":null,"numPassingAsserts":2,"retryReasons":[],"status":"passed","title":"returns failure for invalid row"}],"endTime":1747996320126,"message":"","name":"/Users/ayurparishkar/Downloads/project 4/src/utils/__tests__/validateInventoryExcel.test.ts","startTime":1747996319041,"status":"passed","summary":""},{"assertionResults":[{"ancestorTitles":["hasPermission"],"duration":2,"failureDetails":[],"failureMessages":[],"fullName":"hasPermission returns true for admin with all actions","invocations":1,"location":null,"numPassingAsserts":7,"retryReasons":[],"status":"passed","title":"returns true for admin with all actions"},{"ancestorTitles":["hasPermission"],"duration":1,"failureDetails":[],"failureMessages":[],"fullName":"hasPermission returns true for doctor with allowed actions, false for clear","invocations":1,"location":null,"numPassingAsserts":7,"retryReasons":[],"status":"passed","title":"returns true for doctor with allowed actions, false for clear"},{"ancestorTitles":["hasPermission"],"duration":2,"failureDetails":[],"failureMessages":[],"fullName":"hasPermission returns true for therapist only for view, false for others","invocations":1,"location":null,"numPassingAsserts":7,"retryReasons":[],"status":"passed","title":"returns true for therapist only for view, false for others"},{"ancestorTitles":["hasPermission"],"duration":5,"failureDetails":[],"failureMessages":[],"fullName":"hasPermission returns false for patient for any action","invocations":1,"location":null,"numPassingAsserts":7,"retryReasons":[],"status":"passed","title":"returns false for patient for any action"}],"endTime":1747996320257,"message":"","name":"/Users/ayurparishkar/Downloads/project 4/src/utils/__tests__/hasPermission.test.ts","startTime":1747996319525,"status":"passed","summary":""},{"assertionResults":[{"ancestorTitles":["isSlotInPast"],"duration":1,"failureDetails":[],"failureMessages":[],"fullName":"isSlotInPast returns true for past slots","invocations":1,"location":null,"numPassingAsserts":1,"retryReasons":[],"status":"passed","title":"returns true for past slots"},{"ancestorTitles":["isSlotInPast"],"duration":0,"failureDetails":[],"failureMessages":[],"fullName":"isSlotInPast returns false for future slots","invocations":1,"location":null,"numPassingAsserts":1,"retryReasons":[],"status":"passed","title":"returns false for future slots"}],"endTime":1747996320327,"message":"","name":"/Users/ayurparishkar/Downloads/project 4/src/features/appointments/__tests__/isSlotInPast.test.ts","startTime":1747996319620,"status":"passed","summary":""},{"assertionResults":[{"ancestorTitles":["getRecommendedSlots"],"duration":2,"failureDetails":[],"failureMessages":[],"fullName":"getRecommendedSlots returns empty array if patient is not found","invocations":1,"location":null,"numPassingAsserts":1,"retryReasons":[],"status":"passed","title":"returns empty array if patient is not found"},{"ancestorTitles":["getRecommendedSlots"],"duration":0,"failureDetails":[],"failureMessages":[],"fullName":"getRecommendedSlots returns recommendations for same therapist and same gender","invocations":1,"location":null,"numPassingAsserts":2,"retryReasons":[],"status":"passed","title":"returns recommendations for same therapist and same gender"},{"ancestorTitles":["getRecommendedSlots"],"duration":1,"failureDetails":[],"failureMessages":[],"fullName":"getRecommendedSlots does not return slots for unavailable or booked rooms","invocations":1,"location":null,"numPassingAsserts":1,"retryReasons":[],"status":"passed","title":"does not return slots for unavailable or booked rooms"},{"ancestorTitles":["getRecommendedSlots"],"duration":0,"failureDetails":[],"failureMessages":[],"fullName":"getRecommendedSlots returns \"other\" reason if therapist is not same or same gender","invocations":1,"location":null,"numPassingAsserts":1,"retryReasons":[],"status":"passed","title":"returns \"other\" reason if therapist is not same or same gender"}],"endTime":1747996320619,"message":"","name":"/Users/ayurparishkar/Downloads/project 4/src/features/appointments/__tests__/recommendationHelpers.test.ts","startTime":1747996320375,"status":"passed","summary":""},{"assertionResults":[],"coverage":{},"endTime":1747996321824,"message":"  \u001b[1m● \u001b[22mTest suite failed to run\n\n    \u001b[1m\u001b[31mJest encountered an unexpected token\u001b[39m\u001b[22m\n\n    Jest failed to parse a file. This happens e.g. when your code or its dependencies use non-standard JavaScript syntax, or when Jest is not configured to support such syntax.\n\n    Out of the box Jest supports Babel, which will be used to transform your files into valid JS based on your Babel configuration.\n\n    By default \"node_modules\" folder is ignored by transformers.\n\n    Here's what you can do:\n     • If you are trying to use ECMAScript Modules, see \u001b[4mhttps://jestjs.io/docs/ecmascript-modules\u001b[24m for how to enable it.\n     • If you are trying to use TypeScript, see \u001b[4mhttps://jestjs.io/docs/getting-started#using-typescript\u001b[24m\n     • To have some of your \"node_modules\" files transformed, you can specify a custom \u001b[1m\"transformIgnorePatterns\"\u001b[22m in your config.\n     • If you need a custom transformation specify a \u001b[1m\"transform\"\u001b[22m option in your config.\n     • If you simply want to mock your non-JS modules (e.g. binary assets) you can stub them out with the \u001b[1m\"moduleNameMapper\"\u001b[22m config option.\n\n    You'll find more details and examples of these config options in the docs:\n    \u001b[36mhttps://jestjs.io/docs/configuration\u001b[39m\n    For information about custom transformations, see:\n    \u001b[36mhttps://jestjs.io/docs/code-transformation\u001b[39m\n\n    \u001b[1m\u001b[31mDetails:\u001b[39m\u001b[22m\n\n    SyntaxError: /Users/ayurparishkar/Downloads/project 4/src/features/inventory/__tests__/InventoryTable.test.tsx: Unexpected token (75:2)\n\n    \u001b[0m \u001b[90m 73 |\u001b[39m     expect(getByText(\u001b[32m'Ashwagandha'\u001b[39m))\u001b[33m.\u001b[39mtoBeTruthy()\u001b[33m;\u001b[39m\n     \u001b[90m 74 |\u001b[39m     expect(getByText(\u001b[32m'Brahmi Oil'\u001b[39m))\u001b[33m.\u001b[39mtoBeTruthy()\u001b[33m;\u001b[39m\n    \u001b[31m\u001b[1m>\u001b[22m\u001b[39m\u001b[90m 75 |\u001b[39m   })\u001b[33m;\u001b[39m\n     \u001b[90m    |\u001b[39m   \u001b[31m\u001b[1m^\u001b[22m\u001b[39m\n     \u001b[90m 76 |\u001b[39m\n     \u001b[90m 77 |\u001b[39m   \u001b[90m// // it('renders empty state if no data', () => {\u001b[39m\n     \u001b[90m 78 |\u001b[39m     \u001b[36mconst\u001b[39m { getByText } \u001b[33m=\u001b[39m render(\u001b[0m\n\n      \u001b[2mat constructor (\u001b[22mnode_modules/@babel/parser/src/parse-error.ts\u001b[2m:95:45)\u001b[22m\n      \u001b[2mat TypeScriptParserMixin.toParseError [as raise] (\u001b[22mnode_modules/@babel/parser/src/tokenizer/index.ts\u001b[2m:1503:19)\u001b[22m\n      \u001b[2mat TypeScriptParserMixin.raise [as unexpected] (\u001b[22mnode_modules/@babel/parser/src/tokenizer/index.ts\u001b[2m:1543:16)\u001b[22m\n      \u001b[2mat TypeScriptParserMixin.unexpected (\u001b[22mnode_modules/@babel/parser/src/parser/expression.ts\u001b[2m:1334:16)\u001b[22m\n      \u001b[2mat TypeScriptParserMixin.parseExprAtom (\u001b[22mnode_modules/@babel/parser/src/plugins/jsx/index.ts\u001b[2m:583:22)\u001b[22m\n      \u001b[2mat TypeScriptParserMixin.parseExprAtom [as parseExprSubscripts] (\u001b[22mnode_modules/@babel/parser/src/parser/expression.ts\u001b[2m:723:23)\u001b[22m\n      \u001b[2mat TypeScriptParserMixin.parseExprSubscripts [as parseUpdate] (\u001b[22mnode_modules/@babel/parser/src/parser/expression.ts\u001b[2m:702:21)\u001b[22m\n      \u001b[2mat TypeScriptParserMixin.parseUpdate (\u001b[22mnode_modules/@babel/parser/src/parser/expression.ts\u001b[2m:664:23)\u001b[22m\n      \u001b[2mat TypeScriptParserMixin.parseMaybeUnary (\u001b[22mnode_modules/@babel/parser/src/plugins/typescript/index.ts\u001b[2m:3812:20)\u001b[22m\n      \u001b[2mat TypeScriptParserMixin.parseMaybeUnary [as parseMaybeUnaryOrPrivate] (\u001b[22mnode_modules/@babel/parser/src/parser/expression.ts\u001b[2m:398:14)\u001b[22m\n      \u001b[2mat TypeScriptParserMixin.parseMaybeUnaryOrPrivate [as parseExprOps] (\u001b[22mnode_modules/@babel/parser/src/parser/expression.ts\u001b[2m:410:23)\u001b[22m\n      \u001b[2mat TypeScriptParserMixin.parseExprOps [as parseMaybeConditional] (\u001b[22mnode_modules/@babel/parser/src/parser/expression.ts\u001b[2m:365:23)\u001b[22m\n      \u001b[2mat TypeScriptParserMixin.parseMaybeConditional (\u001b[22mnode_modules/@babel/parser/src/parser/expression.ts\u001b[2m:296:21)\u001b[22m\n      \u001b[2mat TypeScriptParserMixin.parseMaybeAssign (\u001b[22mnode_modules/@babel/parser/src/plugins/typescript/index.ts\u001b[2m:3684:22)\u001b[22m\n      \u001b[2mat TypeScriptParserMixin.parseMaybeAssign [as parseExpressionBase] (\u001b[22mnode_modules/@babel/parser/src/parser/expression.ts\u001b[2m:221:23)\u001b[22m\n      \u001b[2mat parseExpressionBase (\u001b[22mnode_modules/@babel/parser/src/parser/expression.ts\u001b[2m:212:39)\u001b[22m\n      \u001b[2mat TypeScriptParserMixin.callback [as allowInAnd] (\u001b[22mnode_modules/@babel/parser/src/parser/expression.ts\u001b[2m:3131:16)\u001b[22m\n      \u001b[2mat TypeScriptParserMixin.allowInAnd [as parseExpression] (\u001b[22mnode_modules/@babel/parser/src/parser/expression.ts\u001b[2m:212:17)\u001b[22m\n      \u001b[2mat TypeScriptParserMixin.parseExpression (\u001b[22mnode_modules/@babel/parser/src/parser/statement.ts\u001b[2m:654:23)\u001b[22m\n      \u001b[2mat TypeScriptParserMixin.parseStatementContent (\u001b[22mnode_modules/@babel/parser/src/plugins/typescript/index.ts\u001b[2m:3142:20)\u001b[22m\n      \u001b[2mat TypeScriptParserMixin.parseStatementContent [as parseStatementLike] (\u001b[22mnode_modules/@babel/parser/src/parser/statement.ts\u001b[2m:449:17)\u001b[22m\n      \u001b[2mat TypeScriptParserMixin.parseStatementLike [as parseModuleItem] (\u001b[22mnode_modules/@babel/parser/src/parser/statement.ts\u001b[2m:386:17)\u001b[22m\n      \u001b[2mat TypeScriptParserMixin.parseModuleItem [as parseBlockOrModuleBlockBody] (\u001b[22mnode_modules/@babel/parser/src/parser/statement.ts\u001b[2m:1414:16)\u001b[22m\n      \u001b[2mat TypeScriptParserMixin.parseBlockOrModuleBlockBody [as parseBlockBody] (\u001b[22mnode_modules/@babel/parser/src/parser/statement.ts\u001b[2m:1388:10)\u001b[22m\n      \u001b[2mat TypeScriptParserMixin.parseBlockBody [as parseProgram] (\u001b[22mnode_modules/@babel/parser/src/parser/statement.ts\u001b[2m:225:10)\u001b[22m\n      \u001b[2mat TypeScriptParserMixin.parseProgram [as parseTopLevel] (\u001b[22mnode_modules/@babel/parser/src/parser/statement.ts\u001b[2m:203:25)\u001b[22m\n      \u001b[2mat TypeScriptParserMixin.parseTopLevel (\u001b[22mnode_modules/@babel/parser/src/parser/index.ts\u001b[2m:93:10)\u001b[22m\n      \u001b[2mat TypeScriptParserMixin.parse (\u001b[22mnode_modules/@babel/parser/src/plugins/typescript/index.ts\u001b[2m:4266:20)\u001b[22m\n      \u001b[2mat parse (\u001b[22mnode_modules/@babel/parser/src/index.ts\u001b[2m:92:38)\u001b[22m\n      \u001b[2mat parser (\u001b[22mnode_modules/@babel/core/src/parser/index.ts\u001b[2m:28:19)\u001b[22m\n          at parser.next (<anonymous>)\n      \u001b[2mat normalizeFile (\u001b[22mnode_modules/@babel/core/src/transformation/normalize-file.ts\u001b[2m:49:24)\u001b[22m\n          at normalizeFile.next (<anonymous>)\n      \u001b[2mat run (\u001b[22mnode_modules/@babel/core/src/transformation/index.ts\u001b[2m:40:36)\u001b[22m\n          at run.next (<anonymous>)\n      \u001b[2mat transform (\u001b[22mnode_modules/@babel/core/src/transform.ts\u001b[2m:29:20)\u001b[22m\n          at transform.next (<anonymous>)\n      \u001b[2mat evaluateSync (\u001b[22mnode_modules/gensync/index.js\u001b[2m:251:28)\u001b[22m\n      \u001b[2mat sync (\u001b[22mnode_modules/gensync/index.js\u001b[2m:89:14)\u001b[22m\n      \u001b[2mat fn (\u001b[22mnode_modules/@babel/core/src/errors/rewrite-stack-trace.ts\u001b[2m:99:14)\u001b[22m\n      \u001b[2mat transformSync (\u001b[22mnode_modules/@babel/core/src/transform.ts\u001b[2m:66:52)\u001b[22m\n      \u001b[2mat ScriptTransformer.transformSource (\u001b[22mnode_modules/@jest/transform/build/ScriptTransformer.js\u001b[2m:545:31)\u001b[22m\n      \u001b[2mat ScriptTransformer._transformAndBuildScript (\u001b[22mnode_modules/@jest/transform/build/ScriptTransformer.js\u001b[2m:674:40)\u001b[22m\n      \u001b[2mat ScriptTransformer.transform (\u001b[22mnode_modules/@jest/transform/build/ScriptTransformer.js\u001b[2m:726:19)\u001b[22m\n      \u001b[2mat asyncGeneratorStep (\u001b[22mnode_modules/@babel/runtime/helpers/asyncToGenerator.js\u001b[2m:3:17)\u001b[22m\n      \u001b[2mat asyncGeneratorStep (\u001b[22mnode_modules/@babel/runtime/helpers/asyncToGenerator.js\u001b[2m:17:9)\u001b[22m\n","name":"/Users/ayurparishkar/Downloads/project 4/src/features/inventory/__tests__/InventoryTable.test.tsx","startTime":1747996321824,"status":"failed","summary":""}],"wasInterrupted":false}
