<?xml version="1.0" encoding="UTF-8"?>
<coverage generated="1747819770869" clover="3.2.0">
  <project timestamp="1747819770869" name="All files">
    <metrics statements="12" coveredstatements="8" conditionals="20" coveredconditionals="9" methods="5" coveredmethods="2" elements="37" coveredelements="19" complexity="0" loc="12" ncloc="12" packages="1" files="1" classes="1"/>
    <file name="GenericDatePicker.tsx" path="/Users/ayurparishkar/Downloads/project 4/src/utils/GenericDatePicker.tsx">
      <metrics statements="12" coveredstatements="8" conditionals="20" coveredconditionals="9" methods="5" coveredmethods="2"/>
      <line num="7" count="11" type="cond" truecount="2" falsecount="0"/>
      <line num="8" count="10" type="cond" truecount="2" falsecount="0"/>
      <line num="9" count="10" type="cond" truecount="2" falsecount="0"/>
      <line num="10" count="9" type="stmt"/>
      <line num="24" count="1" type="stmt"/>
      <line num="34" count="7" type="stmt"/>
      <line num="35" count="7" type="stmt"/>
      <line num="37" count="7" type="stmt"/>
      <line num="44" count="0" type="stmt"/>
      <line num="60" count="0" type="stmt"/>
      <line num="83" count="0" type="stmt"/>
      <line num="84" count="0" type="cond" truecount="0" falsecount="2"/>
    </file>
  </project>
</coverage>
