{"/Users/ayurparishkar/Downloads/project 4/src/utils/GenericDatePicker.tsx": {"path":"/Users/ayurparishkar/Downloads/project 4/src/utils/GenericDatePicker.tsx","statementMap":{"0":{"start":{"line":7,"column":2},"end":{"line":7,"column":23}},"1":{"start":{"line":7,"column":13},"end":{"line":7,"column":23}},"2":{"start":{"line":8,"column":12},"end":{"line":8,"column":60}},"3":{"start":{"line":9,"column":2},"end":{"line":9,"column":36}},"4":{"start":{"line":9,"column":26},"end":{"line":9,"column":36}},"5":{"start":{"line":10,"column":2},"end":{"line":10,"column":38}},"6":{"start":{"line":24,"column":67},"end":{"line":92,"column":1}},"7":{"start":{"line":34,"column":26},"end":{"line":34,"column":47}},"8":{"start":{"line":35,"column":25},"end":{"line":35,"column":42}},"9":{"start":{"line":37,"column":2},"end":{"line":91,"column":4}},"10":{"start":{"line":44,"column":25},"end":{"line":44,"column":49}},"11":{"start":{"line":60,"column":27},"end":{"line":60,"column":40}},"12":{"start":{"line":83,"column":16},"end":{"line":83,"column":31}},"13":{"start":{"line":84,"column":16},"end":{"line":84,"column":69}},"14":{"start":{"line":84,"column":34},"end":{"line":84,"column":69}}},"fnMap":{"0":{"name":"formatDate","decl":{"start":{"line":6,"column":16},"end":{"line":6,"column":26}},"loc":{"start":{"line":6,"column":57},"end":{"line":11,"column":1}},"line":6},"1":{"name":"(anonymous_1)","decl":{"start":{"line":24,"column":67},"end":{"line":24,"column":68}},"loc":{"start":{"line":33,"column":6},"end":{"line":92,"column":1}},"line":33},"2":{"name":"(anonymous_2)","decl":{"start":{"line":44,"column":20},"end":{"line":44,"column":21}},"loc":{"start":{"line":44,"column":25},"end":{"line":44,"column":49}},"line":44},"3":{"name":"(anonymous_3)","decl":{"start":{"line":60,"column":21},"end":{"line":60,"column":22}},"loc":{"start":{"line":60,"column":27},"end":{"line":60,"column":40}},"line":60},"4":{"name":"(anonymous_4)","decl":{"start":{"line":82,"column":24},"end":{"line":82,"column":25}},"loc":{"start":{"line":82,"column":52},"end":{"line":85,"column":15}},"line":82}},"branchMap":{"0":{"loc":{"start":{"line":7,"column":2},"end":{"line":7,"column":23}},"type":"if","locations":[{"start":{"line":7,"column":2},"end":{"line":7,"column":23}},{"start":{},"end":{}}],"line":7},"1":{"loc":{"start":{"line":8,"column":12},"end":{"line":8,"column":60}},"type":"cond-expr","locations":[{"start":{"line":8,"column":39},"end":{"line":8,"column":53}},{"start":{"line":8,"column":56},"end":{"line":8,"column":60}}],"line":8},"2":{"loc":{"start":{"line":9,"column":2},"end":{"line":9,"column":36}},"type":"if","locations":[{"start":{"line":9,"column":2},"end":{"line":9,"column":36}},{"start":{},"end":{}}],"line":9},"3":{"loc":{"start":{"line":40,"column":7},"end":{"line":89,"column":7}},"type":"cond-expr","locations":[{"start":{"line":41,"column":8},"end":{"line":55,"column":10}},{"start":{"line":57,"column":8},"end":{"line":88,"column":11}}],"line":40},"4":{"loc":{"start":{"line":45,"column":15},"end":{"line":45,"column":56}},"type":"cond-expr","locations":[{"start":{"line":45,"column":25},"end":{"line":45,"column":44}},{"start":{"line":45,"column":47},"end":{"line":45,"column":56}}],"line":45},"5":{"loc":{"start":{"line":46,"column":15},"end":{"line":46,"column":56}},"type":"cond-expr","locations":[{"start":{"line":46,"column":25},"end":{"line":46,"column":44}},{"start":{"line":46,"column":47},"end":{"line":46,"column":56}}],"line":46},"6":{"loc":{"start":{"line":71,"column":17},"end":{"line":71,"column":48}},"type":"binary-expr","locations":[{"start":{"line":71,"column":17},"end":{"line":71,"column":31}},{"start":{"line":71,"column":35},"end":{"line":71,"column":48}}],"line":71},"7":{"loc":{"start":{"line":75,"column":11},"end":{"line":87,"column":11}},"type":"binary-expr","locations":[{"start":{"line":75,"column":11},"end":{"line":75,"column":15}},{"start":{"line":76,"column":12},"end":{"line":86,"column":14}}],"line":75},"8":{"loc":{"start":{"line":77,"column":21},"end":{"line":77,"column":57}},"type":"cond-expr","locations":[{"start":{"line":77,"column":29},"end":{"line":77,"column":44}},{"start":{"line":77,"column":47},"end":{"line":77,"column":57}}],"line":77},"9":{"loc":{"start":{"line":84,"column":16},"end":{"line":84,"column":69}},"type":"if","locations":[{"start":{"line":84,"column":16},"end":{"line":84,"column":69}},{"start":{},"end":{}}],"line":84}},"s":{"0":11,"1":1,"2":10,"3":10,"4":1,"5":9,"6":1,"7":7,"8":7,"9":7,"10":0,"11":0,"12":0,"13":0,"14":0},"f":{"0":11,"1":7,"2":0,"3":0,"4":0},"b":{"0":[1,10],"1":[9,1],"2":[1,9],"3":[0,7],"4":[0,0],"5":[0,0],"6":[7,0],"7":[7,0],"8":[0,0],"9":[0,0]},"_coverageSchema":"1a1c01bbd47fc00a2c39e90264f33305004495a9","hash":"4bed7c5ab7e8dc514d451b8cbbfc82fe8f825a0a"}
}
