TN:
SF:src/utils/GenericDatePicker.tsx
FN:6,formatDate
FN:24,(anonymous_1)
FN:44,(anonymous_2)
FN:60,(anonymous_3)
FN:82,(anonymous_4)
FNF:5
FNH:2
FNDA:11,formatDate
FNDA:7,(anonymous_1)
FNDA:0,(anonymous_2)
FNDA:0,(anonymous_3)
FNDA:0,(anonymous_4)
DA:7,11
DA:8,10
DA:9,10
DA:10,9
DA:24,1
DA:34,7
DA:35,7
DA:37,7
DA:44,0
DA:60,0
DA:83,0
DA:84,0
LF:12
LH:8
BRDA:7,0,0,1
BRDA:7,0,1,10
BRDA:8,1,0,9
BRDA:8,1,1,1
BRDA:9,2,0,1
BRDA:9,2,1,9
BRDA:40,3,0,0
BRDA:40,3,1,7
BRDA:45,4,0,0
BRDA:45,4,1,0
BRDA:46,5,0,0
BRDA:46,5,1,0
BRDA:71,6,0,7
BRDA:71,6,1,0
BRDA:75,7,0,7
BRDA:75,7,1,0
BRDA:77,8,0,0
BRDA:77,8,1,0
BRDA:84,9,0,0
BRDA:84,9,1,0
BRF:20
BRH:9
end_of_record
