<?xml version="1.0" encoding="UTF-8"?>
<coverage generated="1747887495055" clover="3.2.0">
  <project timestamp="1747887495055" name="All files">
    <metrics statements="151" coveredstatements="123" conditionals="183" coveredconditionals="132" methods="46" coveredmethods="39" elements="380" coveredelements="294" complexity="0" loc="151" ncloc="151" packages="2" files="10" classes="10"/>
    <package name="theme.constants">
      <metrics statements="6" coveredstatements="6" conditionals="20" coveredconditionals="10" methods="1" coveredmethods="1"/>
      <file name="theme.ts" path="/Users/ayurparishkar/Downloads/project 4/src/theme/constants/theme.ts">
        <metrics statements="6" coveredstatements="6" conditionals="20" coveredconditionals="10" methods="1" coveredmethods="1"/>
        <line num="4" count="2" type="stmt"/>
        <line num="132" count="2" type="stmt"/>
        <line num="134" count="2" type="stmt"/>
        <line num="137" count="2" type="stmt"/>
        <line num="139" count="2" type="stmt"/>
        <line num="217" count="2" type="stmt"/>
      </file>
    </package>
    <package name="utils">
      <metrics statements="145" coveredstatements="117" conditionals="163" coveredconditionals="122" methods="45" coveredmethods="38"/>
      <file name="GenericDatePicker.tsx" path="/Users/ayurparishkar/Downloads/project 4/src/utils/GenericDatePicker.tsx">
        <metrics statements="12" coveredstatements="9" conditionals="20" coveredconditionals="11" methods="5" coveredmethods="3"/>
        <line num="7" count="8" type="cond" truecount="2" falsecount="0"/>
        <line num="8" count="7" type="cond" truecount="2" falsecount="0"/>
        <line num="9" count="7" type="cond" truecount="2" falsecount="0"/>
        <line num="10" count="6" type="stmt"/>
        <line num="24" count="1" type="stmt"/>
        <line num="34" count="4" type="stmt"/>
        <line num="35" count="4" type="stmt"/>
        <line num="37" count="4" type="stmt"/>
        <line num="44" count="0" type="stmt"/>
        <line num="60" count="1" type="stmt"/>
        <line num="83" count="0" type="stmt"/>
        <line num="84" count="0" type="cond" truecount="0" falsecount="2"/>
      </file>
      <file name="GenericTimePicker.tsx" path="/Users/ayurparishkar/Downloads/project 4/src/utils/GenericTimePicker.tsx">
        <metrics statements="91" coveredstatements="66" conditionals="114" coveredconditionals="83" methods="28" coveredmethods="23"/>
        <line num="19" count="1" type="stmt"/>
        <line num="21" count="1" type="stmt"/>
        <line num="34" count="15" type="stmt"/>
        <line num="35" count="15" type="stmt"/>
        <line num="36" count="15" type="stmt"/>
        <line num="37" count="15" type="stmt"/>
        <line num="38" count="4" type="stmt"/>
        <line num="39" count="4" type="cond" truecount="4" falsecount="0"/>
        <line num="41" count="15" type="stmt"/>
        <line num="42" count="4" type="stmt"/>
        <line num="43" count="4" type="cond" truecount="4" falsecount="0"/>
        <line num="45" count="15" type="cond" truecount="2" falsecount="0"/>
        <line num="46" count="15" type="stmt"/>
        <line num="48" count="15" type="stmt"/>
        <line num="49" count="4" type="cond" truecount="2" falsecount="0"/>
        <line num="50" count="3" type="stmt"/>
        <line num="51" count="3" type="cond" truecount="3" falsecount="1"/>
        <line num="52" count="3" type="cond" truecount="3" falsecount="1"/>
        <line num="53" count="3" type="cond" truecount="1" falsecount="1"/>
        <line num="54" count="3" type="stmt"/>
        <line num="59" count="15" type="stmt"/>
        <line num="60" count="8" type="cond" truecount="2" falsecount="0"/>
        <line num="62" count="3" type="stmt"/>
        <line num="63" count="3" type="cond" truecount="4" falsecount="0"/>
        <line num="68" count="15" type="stmt"/>
        <line num="69" count="6" type="cond" truecount="1" falsecount="1"/>
        <line num="70" count="6" type="cond" truecount="4" falsecount="0"/>
        <line num="71" count="5" type="stmt"/>
        <line num="72" count="1" type="cond" truecount="1" falsecount="1"/>
        <line num="73" count="0" type="stmt"/>
        <line num="75" count="1" type="stmt"/>
        <line num="81" count="15" type="stmt"/>
        <line num="82" count="6" type="cond" truecount="1" falsecount="1"/>
        <line num="83" count="0" type="stmt"/>
        <line num="84" count="0" type="cond" truecount="0" falsecount="2"/>
        <line num="85" count="0" type="stmt"/>
        <line num="86" count="0" type="stmt"/>
        <line num="87" count="0" type="stmt"/>
        <line num="88" count="0" type="cond" truecount="0" falsecount="6"/>
        <line num="89" count="0" type="stmt"/>
        <line num="90" count="0" type="stmt"/>
        <line num="91" count="0" type="stmt"/>
        <line num="92" count="0" type="stmt"/>
        <line num="99" count="15" type="stmt"/>
        <line num="101" count="6" type="stmt"/>
        <line num="102" count="6" type="cond" truecount="4" falsecount="0"/>
        <line num="103" count="9" type="stmt"/>
        <line num="104" count="1" type="cond" truecount="1" falsecount="1"/>
        <line num="105" count="1" type="stmt"/>
        <line num="106" count="1" type="stmt"/>
        <line num="109" count="6" type="cond" truecount="4" falsecount="0"/>
        <line num="110" count="16" type="stmt"/>
        <line num="111" count="1" type="cond" truecount="1" falsecount="1"/>
        <line num="112" count="1" type="stmt"/>
        <line num="113" count="1" type="stmt"/>
        <line num="119" count="15" type="cond" truecount="4" falsecount="0"/>
        <line num="121" count="15" type="stmt"/>
        <line num="122" count="1" type="stmt"/>
        <line num="123" count="1" type="cond" truecount="3" falsecount="1"/>
        <line num="124" count="1" type="stmt"/>
        <line num="129" count="360" type="stmt"/>
        <line num="130" count="900" type="stmt"/>
        <line num="132" count="15" type="stmt"/>
        <line num="137" count="3" type="stmt"/>
        <line num="146" count="0" type="stmt"/>
        <line num="160" count="0" type="stmt"/>
        <line num="162" count="0" type="stmt"/>
        <line num="163" count="0" type="cond" truecount="0" falsecount="2"/>
        <line num="164" count="0" type="stmt"/>
        <line num="165" count="0" type="cond" truecount="0" falsecount="2"/>
        <line num="166" count="0" type="cond" truecount="0" falsecount="2"/>
        <line num="167" count="0" type="stmt"/>
        <line num="168" count="0" type="stmt"/>
        <line num="172" count="15" type="cond" truecount="2" falsecount="0"/>
        <line num="173" count="12" type="cond" truecount="1" falsecount="1"/>
        <line num="174" count="12" type="cond" truecount="1" falsecount="1"/>
        <line num="175" count="12" type="stmt"/>
        <line num="194" count="360" type="stmt"/>
        <line num="198" count="1" type="stmt"/>
        <line num="199" count="1" type="stmt"/>
        <line num="200" count="1" type="cond" truecount="1" falsecount="1"/>
        <line num="201" count="0" type="stmt"/>
        <line num="202" count="0" type="cond" truecount="0" falsecount="2"/>
        <line num="238" count="900" type="stmt"/>
        <line num="242" count="1" type="stmt"/>
        <line num="243" count="1" type="stmt"/>
        <line num="244" count="1" type="cond" truecount="1" falsecount="1"/>
        <line num="245" count="0" type="stmt"/>
        <line num="246" count="0" type="cond" truecount="0" falsecount="2"/>
        <line num="267" count="0" type="stmt"/>
        <line num="286" count="1" type="stmt"/>
      </file>
      <file name="hasPermission.ts" path="/Users/ayurparishkar/Downloads/project 4/src/utils/hasPermission.ts">
        <metrics statements="2" coveredstatements="2" conditionals="0" coveredconditionals="0" methods="1" coveredmethods="1"/>
        <line num="3" count="1" type="stmt"/>
        <line num="11" count="28" type="stmt"/>
      </file>
      <file name="inventorySchema.ts" path="/Users/ayurparishkar/Downloads/project 4/src/utils/inventorySchema.ts">
        <metrics statements="1" coveredstatements="1" conditionals="0" coveredconditionals="0" methods="0" coveredmethods="0"/>
        <line num="3" count="1" type="stmt"/>
      </file>
      <file name="navigationOptions.tsx" path="/Users/ayurparishkar/Downloads/project 4/src/utils/navigationOptions.tsx">
        <metrics statements="7" coveredstatements="7" conditionals="7" coveredconditionals="6" methods="3" coveredmethods="3"/>
        <line num="7" count="6" type="cond" truecount="0" falsecount="1"/>
        <line num="10" count="6" type="cond" truecount="2" falsecount="0"/>
        <line num="13" count="4" type="stmt"/>
        <line num="15" count="4" type="cond" truecount="4" falsecount="0"/>
        <line num="16" count="1" type="stmt"/>
        <line num="18" count="2" type="stmt"/>
        <line num="21" count="1" type="stmt"/>
      </file>
      <file name="pathing.ts" path="/Users/ayurparishkar/Downloads/project 4/src/utils/pathing.ts">
        <metrics statements="9" coveredstatements="9" conditionals="4" coveredconditionals="4" methods="4" coveredmethods="4"/>
        <line num="8" count="2" type="cond" truecount="2" falsecount="0"/>
        <line num="9" count="1" type="stmt"/>
        <line num="12" count="1" type="stmt"/>
        <line num="22" count="1" type="stmt"/>
        <line num="31" count="5" type="stmt"/>
        <line num="40" count="3" type="stmt"/>
        <line num="42" count="3" type="cond" truecount="2" falsecount="0"/>
        <line num="43" count="1" type="stmt"/>
        <line num="46" count="2" type="stmt"/>
      </file>
      <file name="splitValidInvalidRecords.ts" path="/Users/ayurparishkar/Downloads/project 4/src/utils/splitValidInvalidRecords.ts">
        <metrics statements="8" coveredstatements="8" conditionals="2" coveredconditionals="2" methods="2" coveredmethods="2"/>
        <line num="4" count="1" type="stmt"/>
        <line num="5" count="1" type="stmt"/>
        <line num="7" count="1" type="stmt"/>
        <line num="8" count="2" type="stmt"/>
        <line num="9" count="2" type="cond" truecount="2" falsecount="0"/>
        <line num="10" count="1" type="stmt"/>
        <line num="12" count="1" type="stmt"/>
        <line num="16" count="1" type="stmt"/>
      </file>
      <file name="validateInventoryExcel.ts" path="/Users/ayurparishkar/Downloads/project 4/src/utils/validateInventoryExcel.ts">
        <metrics statements="2" coveredstatements="2" conditionals="0" coveredconditionals="0" methods="1" coveredmethods="1"/>
        <line num="3" count="2" type="stmt"/>
        <line num="16" count="4" type="stmt"/>
      </file>
      <file name="validateMappedRow.ts" path="/Users/ayurparishkar/Downloads/project 4/src/utils/validateMappedRow.ts">
        <metrics statements="13" coveredstatements="13" conditionals="16" coveredconditionals="16" methods="1" coveredmethods="1"/>
        <line num="10" count="4" type="stmt"/>
        <line num="12" count="4" type="stmt"/>
        <line num="13" count="12" type="stmt"/>
        <line num="14" count="12" type="cond" truecount="5" falsecount="0"/>
        <line num="15" count="1" type="stmt"/>
        <line num="16" count="1" type="stmt"/>
        <line num="18" count="11" type="cond" truecount="6" falsecount="0"/>
        <line num="19" count="1" type="stmt"/>
        <line num="20" count="1" type="stmt"/>
        <line num="22" count="10" type="cond" truecount="5" falsecount="0"/>
        <line num="23" count="1" type="stmt"/>
        <line num="24" count="1" type="stmt"/>
        <line num="28" count="4" type="stmt"/>
      </file>
    </package>
  </project>
</coverage>
