{"/Users/ayurparishkar/Downloads/project 4/src/theme/constants/theme.ts": {"path":"/Users/ayurparishkar/Downloads/project 4/src/theme/constants/theme.ts","statementMap":{"0":{"start":{"line":4,"column":22},"end":{"line":68,"column":1}},"1":{"start":{"line":132,"column":29},"end":{"line":214,"column":1}},"2":{"start":{"line":134,"column":24},"end":{"line":134,"column":41}},"3":{"start":{"line":137,"column":17},"end":{"line":137,"column":32}},"4":{"start":{"line":139,"column":2},"end":{"line":213,"column":4}},"5":{"start":{"line":217,"column":28},"end":{"line":217,"column":58}}},"fnMap":{"0":{"name":"(anonymous_0)","decl":{"start":{"line":132,"column":29},"end":{"line":132,"column":30}},"loc":{"start":{"line":132,"column":79},"end":{"line":214,"column":1}},"line":132}},"branchMap":{"0":{"loc":{"start":{"line":142,"column":17},"end":{"line":142,"column":65}},"type":"cond-expr","locations":[{"start":{"line":142,"column":26},"end":{"line":142,"column":44}},{"start":{"line":142,"column":47},"end":{"line":142,"column":65}}],"line":142},"1":{"loc":{"start":{"line":143,"column":18},"end":{"line":143,"column":61}},"type":"cond-expr","locations":[{"start":{"line":143,"column":27},"end":{"line":143,"column":46}},{"start":{"line":143,"column":49},"end":{"line":143,"column":61}}],"line":143},"2":{"loc":{"start":{"line":144,"column":12},"end":{"line":144,"column":61}},"type":"cond-expr","locations":[{"start":{"line":144,"column":21},"end":{"line":144,"column":40}},{"start":{"line":144,"column":43},"end":{"line":144,"column":61}}],"line":144},"3":{"loc":{"start":{"line":145,"column":15},"end":{"line":145,"column":65}},"type":"cond-expr","locations":[{"start":{"line":145,"column":24},"end":{"line":145,"column":43}},{"start":{"line":145,"column":46},"end":{"line":145,"column":65}}],"line":145},"4":{"loc":{"start":{"line":146,"column":12},"end":{"line":146,"column":62}},"type":"cond-expr","locations":[{"start":{"line":146,"column":21},"end":{"line":146,"column":40}},{"start":{"line":146,"column":43},"end":{"line":146,"column":62}}],"line":146},"5":{"loc":{"start":{"line":147,"column":15},"end":{"line":147,"column":65}},"type":"cond-expr","locations":[{"start":{"line":147,"column":24},"end":{"line":147,"column":43}},{"start":{"line":147,"column":46},"end":{"line":147,"column":65}}],"line":147},"6":{"loc":{"start":{"line":148,"column":14},"end":{"line":148,"column":64}},"type":"cond-expr","locations":[{"start":{"line":148,"column":23},"end":{"line":148,"column":42}},{"start":{"line":148,"column":45},"end":{"line":148,"column":64}}],"line":148},"7":{"loc":{"start":{"line":171,"column":17},"end":{"line":171,"column":60}},"type":"cond-expr","locations":[{"start":{"line":171,"column":41},"end":{"line":171,"column":49}},{"start":{"line":171,"column":52},"end":{"line":171,"column":60}}],"line":171},"8":{"loc":{"start":{"line":172,"column":16},"end":{"line":172,"column":59}},"type":"cond-expr","locations":[{"start":{"line":172,"column":40},"end":{"line":172,"column":48}},{"start":{"line":172,"column":51},"end":{"line":172,"column":59}}],"line":172},"9":{"loc":{"start":{"line":173,"column":14},"end":{"line":173,"column":57}},"type":"cond-expr","locations":[{"start":{"line":173,"column":38},"end":{"line":173,"column":46}},{"start":{"line":173,"column":49},"end":{"line":173,"column":57}}],"line":173}},"s":{"0":2,"1":2,"2":2,"3":2,"4":2,"5":2},"f":{"0":2},"b":{"0":[0,2],"1":[0,2],"2":[0,2],"3":[0,2],"4":[0,2],"5":[0,2],"6":[0,2],"7":[2,0],"8":[2,0],"9":[2,0]},"_coverageSchema":"1a1c01bbd47fc00a2c39e90264f33305004495a9","hash":"ab6e2b70fc1aff7829e08c50b63959f76664aba0"}
,"/Users/ayurparishkar/Downloads/project 4/src/utils/GenericDatePicker.tsx": {"path":"/Users/ayurparishkar/Downloads/project 4/src/utils/GenericDatePicker.tsx","statementMap":{"0":{"start":{"line":7,"column":2},"end":{"line":7,"column":23}},"1":{"start":{"line":7,"column":13},"end":{"line":7,"column":23}},"2":{"start":{"line":8,"column":12},"end":{"line":8,"column":60}},"3":{"start":{"line":9,"column":2},"end":{"line":9,"column":36}},"4":{"start":{"line":9,"column":26},"end":{"line":9,"column":36}},"5":{"start":{"line":10,"column":2},"end":{"line":10,"column":38}},"6":{"start":{"line":24,"column":67},"end":{"line":92,"column":1}},"7":{"start":{"line":34,"column":26},"end":{"line":34,"column":47}},"8":{"start":{"line":35,"column":25},"end":{"line":35,"column":42}},"9":{"start":{"line":37,"column":2},"end":{"line":91,"column":4}},"10":{"start":{"line":44,"column":25},"end":{"line":44,"column":49}},"11":{"start":{"line":60,"column":27},"end":{"line":60,"column":40}},"12":{"start":{"line":83,"column":16},"end":{"line":83,"column":31}},"13":{"start":{"line":84,"column":16},"end":{"line":84,"column":69}},"14":{"start":{"line":84,"column":34},"end":{"line":84,"column":69}}},"fnMap":{"0":{"name":"formatDate","decl":{"start":{"line":6,"column":16},"end":{"line":6,"column":26}},"loc":{"start":{"line":6,"column":57},"end":{"line":11,"column":1}},"line":6},"1":{"name":"(anonymous_1)","decl":{"start":{"line":24,"column":67},"end":{"line":24,"column":68}},"loc":{"start":{"line":33,"column":6},"end":{"line":92,"column":1}},"line":33},"2":{"name":"(anonymous_2)","decl":{"start":{"line":44,"column":20},"end":{"line":44,"column":21}},"loc":{"start":{"line":44,"column":25},"end":{"line":44,"column":49}},"line":44},"3":{"name":"(anonymous_3)","decl":{"start":{"line":60,"column":21},"end":{"line":60,"column":22}},"loc":{"start":{"line":60,"column":27},"end":{"line":60,"column":40}},"line":60},"4":{"name":"(anonymous_4)","decl":{"start":{"line":82,"column":24},"end":{"line":82,"column":25}},"loc":{"start":{"line":82,"column":52},"end":{"line":85,"column":15}},"line":82}},"branchMap":{"0":{"loc":{"start":{"line":7,"column":2},"end":{"line":7,"column":23}},"type":"if","locations":[{"start":{"line":7,"column":2},"end":{"line":7,"column":23}},{"start":{},"end":{}}],"line":7},"1":{"loc":{"start":{"line":8,"column":12},"end":{"line":8,"column":60}},"type":"cond-expr","locations":[{"start":{"line":8,"column":39},"end":{"line":8,"column":53}},{"start":{"line":8,"column":56},"end":{"line":8,"column":60}}],"line":8},"2":{"loc":{"start":{"line":9,"column":2},"end":{"line":9,"column":36}},"type":"if","locations":[{"start":{"line":9,"column":2},"end":{"line":9,"column":36}},{"start":{},"end":{}}],"line":9},"3":{"loc":{"start":{"line":40,"column":7},"end":{"line":89,"column":7}},"type":"cond-expr","locations":[{"start":{"line":41,"column":8},"end":{"line":55,"column":10}},{"start":{"line":57,"column":8},"end":{"line":88,"column":11}}],"line":40},"4":{"loc":{"start":{"line":45,"column":15},"end":{"line":45,"column":56}},"type":"cond-expr","locations":[{"start":{"line":45,"column":25},"end":{"line":45,"column":44}},{"start":{"line":45,"column":47},"end":{"line":45,"column":56}}],"line":45},"5":{"loc":{"start":{"line":46,"column":15},"end":{"line":46,"column":56}},"type":"cond-expr","locations":[{"start":{"line":46,"column":25},"end":{"line":46,"column":44}},{"start":{"line":46,"column":47},"end":{"line":46,"column":56}}],"line":46},"6":{"loc":{"start":{"line":71,"column":17},"end":{"line":71,"column":48}},"type":"binary-expr","locations":[{"start":{"line":71,"column":17},"end":{"line":71,"column":31}},{"start":{"line":71,"column":35},"end":{"line":71,"column":48}}],"line":71},"7":{"loc":{"start":{"line":75,"column":11},"end":{"line":87,"column":11}},"type":"binary-expr","locations":[{"start":{"line":75,"column":11},"end":{"line":75,"column":15}},{"start":{"line":76,"column":12},"end":{"line":86,"column":14}}],"line":75},"8":{"loc":{"start":{"line":77,"column":21},"end":{"line":77,"column":57}},"type":"cond-expr","locations":[{"start":{"line":77,"column":29},"end":{"line":77,"column":44}},{"start":{"line":77,"column":47},"end":{"line":77,"column":57}}],"line":77},"9":{"loc":{"start":{"line":84,"column":16},"end":{"line":84,"column":69}},"type":"if","locations":[{"start":{"line":84,"column":16},"end":{"line":84,"column":69}},{"start":{},"end":{}}],"line":84}},"s":{"0":8,"1":1,"2":7,"3":7,"4":1,"5":6,"6":1,"7":4,"8":4,"9":4,"10":0,"11":1,"12":0,"13":0,"14":0},"f":{"0":8,"1":4,"2":0,"3":1,"4":0},"b":{"0":[1,7],"1":[6,1],"2":[1,6],"3":[0,4],"4":[0,0],"5":[0,0],"6":[4,0],"7":[4,1],"8":[1,0],"9":[0,0]},"_coverageSchema":"1a1c01bbd47fc00a2c39e90264f33305004495a9","hash":"4bed7c5ab7e8dc514d451b8cbbfc82fe8f825a0a"}
,"/Users/ayurparishkar/Downloads/project 4/src/utils/GenericTimePicker.tsx": {"path":"/Users/ayurparishkar/Downloads/project 4/src/utils/GenericTimePicker.tsx","statementMap":{"0":{"start":{"line":19,"column":21},"end":{"line":19,"column":52}},"1":{"start":{"line":21,"column":60},"end":{"line":284,"column":1}},"2":{"start":{"line":34,"column":24},"end":{"line":34,"column":54}},"3":{"start":{"line":35,"column":26},"end":{"line":35,"column":56}},"4":{"start":{"line":36,"column":42},"end":{"line":36,"column":57}},"5":{"start":{"line":37,"column":34},"end":{"line":40,"column":4}},"6":{"start":{"line":38,"column":16},"end":{"line":38,"column":32}},"7":{"start":{"line":39,"column":4},"end":{"line":39,"column":60}},"8":{"start":{"line":41,"column":38},"end":{"line":44,"column":4}},"9":{"start":{"line":42,"column":18},"end":{"line":42,"column":34}},"10":{"start":{"line":43,"column":4},"end":{"line":43,"column":60}},"11":{"start":{"line":45,"column":38},"end":{"line":45,"column":82}},"12":{"start":{"line":45,"column":62},"end":{"line":45,"column":80}},"13":{"start":{"line":46,"column":24},"end":{"line":46,"column":43}},"14":{"start":{"line":48,"column":2},"end":{"line":57,"column":14}},"15":{"start":{"line":49,"column":4},"end":{"line":56,"column":5}},"16":{"start":{"line":50,"column":21},"end":{"line":50,"column":37}},"17":{"start":{"line":51,"column":6},"end":{"line":51,"column":68}},"18":{"start":{"line":52,"column":6},"end":{"line":52,"column":70}},"19":{"start":{"line":53,"column":6},"end":{"line":55,"column":7}},"20":{"start":{"line":54,"column":8},"end":{"line":54,"column":29}},"21":{"start":{"line":59,"column":2},"end":{"line":65,"column":21}},"22":{"start":{"line":60,"column":4},"end":{"line":64,"column":5}},"23":{"start":{"line":62,"column":6},"end":{"line":62,"column":36}},"24":{"start":{"line":63,"column":6},"end":{"line":63,"column":79}},"25":{"start":{"line":68,"column":2},"end":{"line":78,"column":29}},"26":{"start":{"line":69,"column":4},"end":{"line":77,"column":5}},"27":{"start":{"line":70,"column":6},"end":{"line":76,"column":7}},"28":{"start":{"line":71,"column":8},"end":{"line":71,"column":51}},"29":{"start":{"line":72,"column":13},"end":{"line":76,"column":7}},"30":{"start":{"line":73,"column":8},"end":{"line":73,"column":38}},"31":{"start":{"line":75,"column":8},"end":{"line":75,"column":26}},"32":{"start":{"line":81,"column":2},"end":{"line":96,"column":19}},"33":{"start":{"line":82,"column":4},"end":{"line":95,"column":5}},"34":{"start":{"line":83,"column":20},"end":{"line":83,"column":57}},"35":{"start":{"line":84,"column":6},"end":{"line":94,"column":7}},"36":{"start":{"line":85,"column":28},"end":{"line":85,"column":33}},"37":{"start":{"line":86,"column":21},"end":{"line":86,"column":31}},"38":{"start":{"line":87,"column":21},"end":{"line":87,"column":31}},"39":{"start":{"line":88,"column":8},"end":{"line":93,"column":9}},"40":{"start":{"line":89,"column":10},"end":{"line":89,"column":26}},"41":{"start":{"line":90,"column":10},"end":{"line":90,"column":28}},"42":{"start":{"line":91,"column":10},"end":{"line":91,"column":34}},"43":{"start":{"line":92,"column":10},"end":{"line":92,"column":40}},"44":{"start":{"line":99,"column":2},"end":{"line":117,"column":29}},"45":{"start":{"line":101,"column":4},"end":{"line":116,"column":10}},"46":{"start":{"line":102,"column":6},"end":{"line":108,"column":7}},"47":{"start":{"line":103,"column":24},"end":{"line":103,"column":66}},"48":{"start":{"line":103,"column":51},"end":{"line":103,"column":65}},"49":{"start":{"line":104,"column":8},"end":{"line":107,"column":9}},"50":{"start":{"line":105,"column":20},"end":{"line":105,"column":51}},"51":{"start":{"line":106,"column":10},"end":{"line":106,"column":65}},"52":{"start":{"line":109,"column":6},"end":{"line":115,"column":7}},"53":{"start":{"line":110,"column":23},"end":{"line":110,"column":69}},"54":{"start":{"line":110,"column":52},"end":{"line":110,"column":68}},"55":{"start":{"line":111,"column":8},"end":{"line":114,"column":9}},"56":{"start":{"line":112,"column":20},"end":{"line":112,"column":50}},"57":{"start":{"line":113,"column":10},"end":{"line":113,"column":67}},"58":{"start":{"line":119,"column":22},"end":{"line":119,"column":88}},"59":{"start":{"line":121,"column":24},"end":{"line":126,"column":3}},"60":{"start":{"line":122,"column":4},"end":{"line":122,"column":27}},"61":{"start":{"line":123,"column":4},"end":{"line":125,"column":5}},"62":{"start":{"line":124,"column":6},"end":{"line":124,"column":44}},"63":{"start":{"line":129,"column":22},"end":{"line":129,"column":120}},"64":{"start":{"line":129,"column":78},"end":{"line":129,"column":119}},"65":{"start":{"line":130,"column":24},"end":{"line":130,"column":128}},"66":{"start":{"line":130,"column":84},"end":{"line":130,"column":127}},"67":{"start":{"line":132,"column":2},"end":{"line":283,"column":4}},"68":{"start":{"line":137,"column":23},"end":{"line":137,"column":44}},"69":{"start":{"line":146,"column":30},"end":{"line":146,"column":52}},"70":{"start":{"line":160,"column":18},"end":{"line":160,"column":47}},"71":{"start":{"line":162,"column":31},"end":{"line":162,"column":53}},"72":{"start":{"line":163,"column":18},"end":{"line":163,"column":69}},"73":{"start":{"line":163,"column":41},"end":{"line":163,"column":69}},"74":{"start":{"line":164,"column":32},"end":{"line":164,"column":34}},"75":{"start":{"line":165,"column":18},"end":{"line":167,"column":75}},"76":{"start":{"line":165,"column":43},"end":{"line":165,"column":56}},"77":{"start":{"line":166,"column":23},"end":{"line":167,"column":75}},"78":{"start":{"line":166,"column":47},"end":{"line":166,"column":70}},"79":{"start":{"line":167,"column":23},"end":{"line":167,"column":75}},"80":{"start":{"line":168,"column":18},"end":{"line":168,"column":41}},"81":{"start":{"line":172,"column":18},"end":{"line":172,"column":63}},"82":{"start":{"line":172,"column":35},"end":{"line":172,"column":63}},"83":{"start":{"line":173,"column":18},"end":{"line":173,"column":106}},"84":{"start":{"line":173,"column":46},"end":{"line":173,"column":106}},"85":{"start":{"line":174,"column":18},"end":{"line":174,"column":75}},"86":{"start":{"line":174,"column":47},"end":{"line":174,"column":75}},"87":{"start":{"line":175,"column":18},"end":{"line":175,"column":78}},"88":{"start":{"line":194,"column":22},"end":{"line":208,"column":41}},"89":{"start":{"line":198,"column":26},"end":{"line":198,"column":41}},"90":{"start":{"line":199,"column":26},"end":{"line":204,"column":32}},"91":{"start":{"line":200,"column":28},"end":{"line":203,"column":29}},"92":{"start":{"line":201,"column":46},"end":{"line":201,"column":85}},"93":{"start":{"line":201,"column":75},"end":{"line":201,"column":84}},"94":{"start":{"line":202,"column":30},"end":{"line":202,"column":135}},"95":{"start":{"line":202,"column":48},"end":{"line":202,"column":135}},"96":{"start":{"line":238,"column":22},"end":{"line":252,"column":41}},"97":{"start":{"line":242,"column":26},"end":{"line":242,"column":43}},"98":{"start":{"line":243,"column":26},"end":{"line":248,"column":32}},"99":{"start":{"line":244,"column":28},"end":{"line":247,"column":29}},"100":{"start":{"line":245,"column":45},"end":{"line":245,"column":86}},"101":{"start":{"line":245,"column":76},"end":{"line":245,"column":85}},"102":{"start":{"line":246,"column":30},"end":{"line":246,"column":135}},"103":{"start":{"line":246,"column":47},"end":{"line":246,"column":135}},"104":{"start":{"line":267,"column":72},"end":{"line":267,"column":94}},"105":{"start":{"line":286,"column":15},"end":{"line":433,"column":2}}},"fnMap":{"0":{"name":"(anonymous_0)","decl":{"start":{"line":21,"column":60},"end":{"line":21,"column":61}},"loc":{"start":{"line":33,"column":6},"end":{"line":284,"column":1}},"line":33},"1":{"name":"(anonymous_1)","decl":{"start":{"line":37,"column":51},"end":{"line":37,"column":52}},"loc":{"start":{"line":37,"column":57},"end":{"line":40,"column":3}},"line":37},"2":{"name":"(anonymous_2)","decl":{"start":{"line":41,"column":55},"end":{"line":41,"column":56}},"loc":{"start":{"line":41,"column":61},"end":{"line":44,"column":3}},"line":41},"3":{"name":"(anonymous_3)","decl":{"start":{"line":45,"column":55},"end":{"line":45,"column":56}},"loc":{"start":{"line":45,"column":62},"end":{"line":45,"column":80}},"line":45},"4":{"name":"(anonymous_4)","decl":{"start":{"line":48,"column":12},"end":{"line":48,"column":13}},"loc":{"start":{"line":48,"column":18},"end":{"line":57,"column":3}},"line":48},"5":{"name":"(anonymous_5)","decl":{"start":{"line":59,"column":12},"end":{"line":59,"column":13}},"loc":{"start":{"line":59,"column":18},"end":{"line":65,"column":3}},"line":59},"6":{"name":"(anonymous_6)","decl":{"start":{"line":68,"column":12},"end":{"line":68,"column":13}},"loc":{"start":{"line":68,"column":18},"end":{"line":78,"column":3}},"line":68},"7":{"name":"(anonymous_7)","decl":{"start":{"line":81,"column":12},"end":{"line":81,"column":13}},"loc":{"start":{"line":81,"column":18},"end":{"line":96,"column":3}},"line":81},"8":{"name":"(anonymous_8)","decl":{"start":{"line":99,"column":18},"end":{"line":99,"column":19}},"loc":{"start":{"line":99,"column":24},"end":{"line":117,"column":3}},"line":99},"9":{"name":"(anonymous_9)","decl":{"start":{"line":101,"column":15},"end":{"line":101,"column":16}},"loc":{"start":{"line":101,"column":21},"end":{"line":116,"column":5}},"line":101},"10":{"name":"(anonymous_10)","decl":{"start":{"line":103,"column":46},"end":{"line":103,"column":47}},"loc":{"start":{"line":103,"column":51},"end":{"line":103,"column":65}},"line":103},"11":{"name":"(anonymous_11)","decl":{"start":{"line":110,"column":47},"end":{"line":110,"column":48}},"loc":{"start":{"line":110,"column":52},"end":{"line":110,"column":68}},"line":110},"12":{"name":"(anonymous_12)","decl":{"start":{"line":121,"column":24},"end":{"line":121,"column":25}},"loc":{"start":{"line":121,"column":30},"end":{"line":126,"column":3}},"line":121},"13":{"name":"(anonymous_13)","decl":{"start":{"line":129,"column":68},"end":{"line":129,"column":69}},"loc":{"start":{"line":129,"column":78},"end":{"line":129,"column":119}},"line":129},"14":{"name":"(anonymous_14)","decl":{"start":{"line":130,"column":74},"end":{"line":130,"column":75}},"loc":{"start":{"line":130,"column":84},"end":{"line":130,"column":127}},"line":130},"15":{"name":"(anonymous_15)","decl":{"start":{"line":137,"column":17},"end":{"line":137,"column":18}},"loc":{"start":{"line":137,"column":23},"end":{"line":137,"column":44}},"line":137},"16":{"name":"(anonymous_16)","decl":{"start":{"line":146,"column":24},"end":{"line":146,"column":25}},"loc":{"start":{"line":146,"column":30},"end":{"line":146,"column":52}},"line":146},"17":{"name":"(anonymous_17)","decl":{"start":{"line":159,"column":30},"end":{"line":159,"column":31}},"loc":{"start":{"line":159,"column":47},"end":{"line":169,"column":17}},"line":159},"18":{"name":"(anonymous_18)","decl":{"start":{"line":170,"column":28},"end":{"line":170,"column":29}},"loc":{"start":{"line":170,"column":34},"end":{"line":176,"column":17}},"line":170},"19":{"name":"(anonymous_19)","decl":{"start":{"line":193,"column":37},"end":{"line":193,"column":38}},"loc":{"start":{"line":194,"column":22},"end":{"line":208,"column":41}},"line":194},"20":{"name":"(anonymous_20)","decl":{"start":{"line":197,"column":33},"end":{"line":197,"column":34}},"loc":{"start":{"line":197,"column":39},"end":{"line":205,"column":25}},"line":197},"21":{"name":"(anonymous_21)","decl":{"start":{"line":199,"column":37},"end":{"line":199,"column":38}},"loc":{"start":{"line":199,"column":43},"end":{"line":204,"column":27}},"line":199},"22":{"name":"(anonymous_22)","decl":{"start":{"line":201,"column":68},"end":{"line":201,"column":69}},"loc":{"start":{"line":201,"column":75},"end":{"line":201,"column":84}},"line":201},"23":{"name":"(anonymous_23)","decl":{"start":{"line":237,"column":39},"end":{"line":237,"column":40}},"loc":{"start":{"line":238,"column":22},"end":{"line":252,"column":41}},"line":238},"24":{"name":"(anonymous_24)","decl":{"start":{"line":241,"column":33},"end":{"line":241,"column":34}},"loc":{"start":{"line":241,"column":39},"end":{"line":249,"column":25}},"line":241},"25":{"name":"(anonymous_25)","decl":{"start":{"line":243,"column":37},"end":{"line":243,"column":38}},"loc":{"start":{"line":243,"column":43},"end":{"line":248,"column":27}},"line":243},"26":{"name":"(anonymous_26)","decl":{"start":{"line":245,"column":69},"end":{"line":245,"column":70}},"loc":{"start":{"line":245,"column":76},"end":{"line":245,"column":85}},"line":245},"27":{"name":"(anonymous_27)","decl":{"start":{"line":267,"column":66},"end":{"line":267,"column":67}},"loc":{"start":{"line":267,"column":72},"end":{"line":267,"column":94}},"line":267}},"branchMap":{"0":{"loc":{"start":{"line":25,"column":2},"end":{"line":25,"column":20}},"type":"default-arg","locations":[{"start":{"line":25,"column":14},"end":{"line":25,"column":20}}],"line":25},"1":{"loc":{"start":{"line":26,"column":2},"end":{"line":26,"column":24}},"type":"default-arg","locations":[{"start":{"line":26,"column":16},"end":{"line":26,"column":24}}],"line":26},"2":{"loc":{"start":{"line":27,"column":2},"end":{"line":27,"column":13}},"type":"default-arg","locations":[{"start":{"line":27,"column":12},"end":{"line":27,"column":13}}],"line":27},"3":{"loc":{"start":{"line":28,"column":2},"end":{"line":28,"column":14}},"type":"default-arg","locations":[{"start":{"line":28,"column":12},"end":{"line":28,"column":14}}],"line":28},"4":{"loc":{"start":{"line":29,"column":2},"end":{"line":29,"column":15}},"type":"default-arg","locations":[{"start":{"line":29,"column":14},"end":{"line":29,"column":15}}],"line":29},"5":{"loc":{"start":{"line":30,"column":2},"end":{"line":30,"column":16}},"type":"default-arg","locations":[{"start":{"line":30,"column":14},"end":{"line":30,"column":16}}],"line":30},"6":{"loc":{"start":{"line":39,"column":11},"end":{"line":39,"column":59}},"type":"cond-expr","locations":[{"start":{"line":39,"column":36},"end":{"line":39,"column":54}},{"start":{"line":39,"column":57},"end":{"line":39,"column":59}}],"line":39},"7":{"loc":{"start":{"line":39,"column":11},"end":{"line":39,"column":33}},"type":"binary-expr","locations":[{"start":{"line":39,"column":11},"end":{"line":39,"column":12}},{"start":{"line":39,"column":16},"end":{"line":39,"column":33}}],"line":39},"8":{"loc":{"start":{"line":43,"column":11},"end":{"line":43,"column":59}},"type":"cond-expr","locations":[{"start":{"line":43,"column":36},"end":{"line":43,"column":54}},{"start":{"line":43,"column":57},"end":{"line":43,"column":59}}],"line":43},"9":{"loc":{"start":{"line":43,"column":11},"end":{"line":43,"column":33}},"type":"binary-expr","locations":[{"start":{"line":43,"column":11},"end":{"line":43,"column":12}},{"start":{"line":43,"column":16},"end":{"line":43,"column":33}}],"line":43},"10":{"loc":{"start":{"line":45,"column":62},"end":{"line":45,"column":80}},"type":"cond-expr","locations":[{"start":{"line":45,"column":70},"end":{"line":45,"column":75}},{"start":{"line":45,"column":78},"end":{"line":45,"column":80}}],"line":45},"11":{"loc":{"start":{"line":49,"column":4},"end":{"line":56,"column":5}},"type":"if","locations":[{"start":{"line":49,"column":4},"end":{"line":56,"column":5}},{"start":{},"end":{}}],"line":49},"12":{"loc":{"start":{"line":51,"column":18},"end":{"line":51,"column":66}},"type":"cond-expr","locations":[{"start":{"line":51,"column":43},"end":{"line":51,"column":61}},{"start":{"line":51,"column":64},"end":{"line":51,"column":66}}],"line":51},"13":{"loc":{"start":{"line":51,"column":18},"end":{"line":51,"column":40}},"type":"binary-expr","locations":[{"start":{"line":51,"column":18},"end":{"line":51,"column":19}},{"start":{"line":51,"column":23},"end":{"line":51,"column":40}}],"line":51},"14":{"loc":{"start":{"line":52,"column":20},"end":{"line":52,"column":68}},"type":"cond-expr","locations":[{"start":{"line":52,"column":45},"end":{"line":52,"column":63}},{"start":{"line":52,"column":66},"end":{"line":52,"column":68}}],"line":52},"15":{"loc":{"start":{"line":52,"column":20},"end":{"line":52,"column":42}},"type":"binary-expr","locations":[{"start":{"line":52,"column":20},"end":{"line":52,"column":21}},{"start":{"line":52,"column":25},"end":{"line":52,"column":42}}],"line":52},"16":{"loc":{"start":{"line":53,"column":6},"end":{"line":55,"column":7}},"type":"if","locations":[{"start":{"line":53,"column":6},"end":{"line":55,"column":7}},{"start":{},"end":{}}],"line":53},"17":{"loc":{"start":{"line":60,"column":4},"end":{"line":64,"column":5}},"type":"if","locations":[{"start":{"line":60,"column":4},"end":{"line":64,"column":5}},{"start":{},"end":{}}],"line":60},"18":{"loc":{"start":{"line":63,"column":20},"end":{"line":63,"column":77}},"type":"cond-expr","locations":[{"start":{"line":63,"column":45},"end":{"line":63,"column":72}},{"start":{"line":63,"column":75},"end":{"line":63,"column":77}}],"line":63},"19":{"loc":{"start":{"line":63,"column":20},"end":{"line":63,"column":42}},"type":"binary-expr","locations":[{"start":{"line":63,"column":20},"end":{"line":63,"column":28}},{"start":{"line":63,"column":32},"end":{"line":63,"column":42}}],"line":63},"20":{"loc":{"start":{"line":69,"column":4},"end":{"line":77,"column":5}},"type":"if","locations":[{"start":{"line":69,"column":4},"end":{"line":77,"column":5}},{"start":{},"end":{}}],"line":69},"21":{"loc":{"start":{"line":70,"column":6},"end":{"line":76,"column":7}},"type":"if","locations":[{"start":{"line":70,"column":6},"end":{"line":76,"column":7}},{"start":{"line":72,"column":13},"end":{"line":76,"column":7}}],"line":70},"22":{"loc":{"start":{"line":70,"column":10},"end":{"line":70,"column":32}},"type":"binary-expr","locations":[{"start":{"line":70,"column":10},"end":{"line":70,"column":18}},{"start":{"line":70,"column":22},"end":{"line":70,"column":32}}],"line":70},"23":{"loc":{"start":{"line":72,"column":13},"end":{"line":76,"column":7}},"type":"if","locations":[{"start":{"line":72,"column":13},"end":{"line":76,"column":7}},{"start":{"line":74,"column":13},"end":{"line":76,"column":7}}],"line":72},"24":{"loc":{"start":{"line":82,"column":4},"end":{"line":95,"column":5}},"type":"if","locations":[{"start":{"line":82,"column":4},"end":{"line":95,"column":5}},{"start":{},"end":{}}],"line":82},"25":{"loc":{"start":{"line":84,"column":6},"end":{"line":94,"column":7}},"type":"if","locations":[{"start":{"line":84,"column":6},"end":{"line":94,"column":7}},{"start":{},"end":{}}],"line":84},"26":{"loc":{"start":{"line":88,"column":8},"end":{"line":93,"column":9}},"type":"if","locations":[{"start":{"line":88,"column":8},"end":{"line":93,"column":9}},{"start":{},"end":{}}],"line":88},"27":{"loc":{"start":{"line":88,"column":12},"end":{"line":88,"column":88}},"type":"binary-expr","locations":[{"start":{"line":88,"column":12},"end":{"line":88,"column":27}},{"start":{"line":88,"column":31},"end":{"line":88,"column":46}},{"start":{"line":88,"column":50},"end":{"line":88,"column":67}},{"start":{"line":88,"column":71},"end":{"line":88,"column":88}}],"line":88},"28":{"loc":{"start":{"line":102,"column":6},"end":{"line":108,"column":7}},"type":"if","locations":[{"start":{"line":102,"column":6},"end":{"line":108,"column":7}},{"start":{},"end":{}}],"line":102},"29":{"loc":{"start":{"line":102,"column":10},"end":{"line":102,"column":43}},"type":"binary-expr","locations":[{"start":{"line":102,"column":10},"end":{"line":102,"column":31}},{"start":{"line":102,"column":35},"end":{"line":102,"column":43}}],"line":102},"30":{"loc":{"start":{"line":104,"column":8},"end":{"line":107,"column":9}},"type":"if","locations":[{"start":{"line":104,"column":8},"end":{"line":107,"column":9}},{"start":{},"end":{}}],"line":104},"31":{"loc":{"start":{"line":109,"column":6},"end":{"line":115,"column":7}},"type":"if","locations":[{"start":{"line":109,"column":6},"end":{"line":115,"column":7}},{"start":{},"end":{}}],"line":109},"32":{"loc":{"start":{"line":109,"column":10},"end":{"line":109,"column":47}},"type":"binary-expr","locations":[{"start":{"line":109,"column":10},"end":{"line":109,"column":33}},{"start":{"line":109,"column":37},"end":{"line":109,"column":47}}],"line":109},"33":{"loc":{"start":{"line":111,"column":8},"end":{"line":114,"column":9}},"type":"if","locations":[{"start":{"line":111,"column":8},"end":{"line":114,"column":9}},{"start":{},"end":{}}],"line":111},"34":{"loc":{"start":{"line":119,"column":22},"end":{"line":119,"column":88}},"type":"cond-expr","locations":[{"start":{"line":119,"column":47},"end":{"line":119,"column":76}},{"start":{"line":119,"column":79},"end":{"line":119,"column":88}}],"line":119},"35":{"loc":{"start":{"line":119,"column":22},"end":{"line":119,"column":44}},"type":"binary-expr","locations":[{"start":{"line":119,"column":22},"end":{"line":119,"column":30}},{"start":{"line":119,"column":34},"end":{"line":119,"column":44}}],"line":119},"36":{"loc":{"start":{"line":123,"column":4},"end":{"line":125,"column":5}},"type":"if","locations":[{"start":{"line":123,"column":4},"end":{"line":125,"column":5}},{"start":{},"end":{}}],"line":123},"37":{"loc":{"start":{"line":123,"column":8},"end":{"line":123,"column":30}},"type":"binary-expr","locations":[{"start":{"line":123,"column":8},"end":{"line":123,"column":16}},{"start":{"line":123,"column":20},"end":{"line":123,"column":30}}],"line":123},"38":{"loc":{"start":{"line":134,"column":7},"end":{"line":134,"column":57}},"type":"binary-expr","locations":[{"start":{"line":134,"column":7},"end":{"line":134,"column":12}},{"start":{"line":134,"column":16},"end":{"line":134,"column":57}}],"line":134},"39":{"loc":{"start":{"line":140,"column":39},"end":{"line":140,"column":96}},"type":"cond-expr","locations":[{"start":{"line":140,"column":66},"end":{"line":140,"column":84}},{"start":{"line":140,"column":87},"end":{"line":140,"column":96}}],"line":140},"40":{"loc":{"start":{"line":140,"column":39},"end":{"line":140,"column":63}},"type":"binary-expr","locations":[{"start":{"line":140,"column":39},"end":{"line":140,"column":48}},{"start":{"line":140,"column":52},"end":{"line":140,"column":63}}],"line":140},"41":{"loc":{"start":{"line":163,"column":18},"end":{"line":163,"column":69}},"type":"if","locations":[{"start":{"line":163,"column":18},"end":{"line":163,"column":69}},{"start":{},"end":{}}],"line":163},"42":{"loc":{"start":{"line":165,"column":18},"end":{"line":167,"column":75}},"type":"if","locations":[{"start":{"line":165,"column":18},"end":{"line":167,"column":75}},{"start":{"line":166,"column":23},"end":{"line":167,"column":75}}],"line":165},"43":{"loc":{"start":{"line":166,"column":23},"end":{"line":167,"column":75}},"type":"if","locations":[{"start":{"line":166,"column":23},"end":{"line":167,"column":75}},{"start":{"line":167,"column":23},"end":{"line":167,"column":75}}],"line":166},"44":{"loc":{"start":{"line":172,"column":18},"end":{"line":172,"column":63}},"type":"if","locations":[{"start":{"line":172,"column":18},"end":{"line":172,"column":63}},{"start":{},"end":{}}],"line":172},"45":{"loc":{"start":{"line":173,"column":18},"end":{"line":173,"column":106}},"type":"if","locations":[{"start":{"line":173,"column":18},"end":{"line":173,"column":106}},{"start":{},"end":{}}],"line":173},"46":{"loc":{"start":{"line":174,"column":18},"end":{"line":174,"column":75}},"type":"if","locations":[{"start":{"line":174,"column":18},"end":{"line":174,"column":75}},{"start":{},"end":{}}],"line":174},"47":{"loc":{"start":{"line":196,"column":57},"end":{"line":196,"column":104}},"type":"binary-expr","locations":[{"start":{"line":196,"column":57},"end":{"line":196,"column":71}},{"start":{"line":196,"column":75},"end":{"line":196,"column":104}}],"line":196},"48":{"loc":{"start":{"line":200,"column":28},"end":{"line":203,"column":29}},"type":"if","locations":[{"start":{"line":200,"column":28},"end":{"line":203,"column":29}},{"start":{},"end":{}}],"line":200},"49":{"loc":{"start":{"line":202,"column":30},"end":{"line":202,"column":135}},"type":"if","locations":[{"start":{"line":202,"column":30},"end":{"line":202,"column":135}},{"start":{},"end":{}}],"line":202},"50":{"loc":{"start":{"line":207,"column":63},"end":{"line":207,"column":110}},"type":"binary-expr","locations":[{"start":{"line":207,"column":63},"end":{"line":207,"column":77}},{"start":{"line":207,"column":81},"end":{"line":207,"column":110}}],"line":207},"51":{"loc":{"start":{"line":240,"column":57},"end":{"line":240,"column":106}},"type":"binary-expr","locations":[{"start":{"line":240,"column":57},"end":{"line":240,"column":73}},{"start":{"line":240,"column":77},"end":{"line":240,"column":106}}],"line":240},"52":{"loc":{"start":{"line":244,"column":28},"end":{"line":247,"column":29}},"type":"if","locations":[{"start":{"line":244,"column":28},"end":{"line":247,"column":29}},{"start":{},"end":{}}],"line":244},"53":{"loc":{"start":{"line":246,"column":30},"end":{"line":246,"column":135}},"type":"if","locations":[{"start":{"line":246,"column":30},"end":{"line":246,"column":135}},{"start":{},"end":{}}],"line":246},"54":{"loc":{"start":{"line":251,"column":63},"end":{"line":251,"column":112}},"type":"binary-expr","locations":[{"start":{"line":251,"column":63},"end":{"line":251,"column":79}},{"start":{"line":251,"column":83},"end":{"line":251,"column":112}}],"line":251},"55":{"loc":{"start":{"line":271,"column":43},"end":{"line":271,"column":88}},"type":"binary-expr","locations":[{"start":{"line":271,"column":43},"end":{"line":271,"column":68}},{"start":{"line":271,"column":72},"end":{"line":271,"column":88}}],"line":271},"56":{"loc":{"start":{"line":271,"column":45},"end":{"line":271,"column":67}},"type":"binary-expr","locations":[{"start":{"line":271,"column":45},"end":{"line":271,"column":53}},{"start":{"line":271,"column":57},"end":{"line":271,"column":67}}],"line":271},"57":{"loc":{"start":{"line":273,"column":28},"end":{"line":273,"column":50}},"type":"binary-expr","locations":[{"start":{"line":273,"column":28},"end":{"line":273,"column":36}},{"start":{"line":273,"column":40},"end":{"line":273,"column":50}}],"line":273},"58":{"loc":{"start":{"line":274,"column":50},"end":{"line":274,"column":72}},"type":"binary-expr","locations":[{"start":{"line":274,"column":50},"end":{"line":274,"column":58}},{"start":{"line":274,"column":62},"end":{"line":274,"column":72}}],"line":274}},"s":{"0":1,"1":1,"2":15,"3":15,"4":15,"5":15,"6":4,"7":4,"8":15,"9":4,"10":4,"11":15,"12":4,"13":15,"14":15,"15":4,"16":3,"17":3,"18":3,"19":3,"20":3,"21":15,"22":8,"23":3,"24":3,"25":15,"26":6,"27":6,"28":5,"29":1,"30":0,"31":1,"32":15,"33":6,"34":0,"35":0,"36":0,"37":0,"38":0,"39":0,"40":0,"41":0,"42":0,"43":0,"44":15,"45":6,"46":6,"47":1,"48":9,"49":1,"50":1,"51":1,"52":6,"53":1,"54":16,"55":1,"56":1,"57":1,"58":15,"59":15,"60":1,"61":1,"62":1,"63":15,"64":360,"65":15,"66":900,"67":15,"68":3,"69":0,"70":0,"71":0,"72":0,"73":0,"74":0,"75":0,"76":0,"77":0,"78":0,"79":0,"80":0,"81":15,"82":3,"83":12,"84":0,"85":12,"86":0,"87":12,"88":360,"89":1,"90":1,"91":1,"92":0,"93":0,"94":0,"95":0,"96":900,"97":1,"98":1,"99":1,"100":0,"101":0,"102":0,"103":0,"104":0,"105":1},"f":{"0":15,"1":4,"2":4,"3":4,"4":4,"5":8,"6":6,"7":6,"8":6,"9":6,"10":9,"11":16,"12":1,"13":360,"14":900,"15":3,"16":0,"17":0,"18":15,"19":360,"20":1,"21":1,"22":0,"23":900,"24":1,"25":1,"26":0,"27":0},"b":{"0":[15],"1":[15],"2":[15],"3":[15],"4":[15],"5":[15],"6":[3,1],"7":[4,3],"8":[3,1],"9":[4,3],"10":[3,1],"11":[3,1],"12":[3,0],"13":[3,3],"14":[3,0],"15":[3,3],"16":[3,0],"17":[3,5],"18":[2,1],"19":[3,2],"20":[6,0],"21":[5,1],"22":[6,5],"23":[0,1],"24":[0,6],"25":[0,0],"26":[0,0],"27":[0,0,0,0],"28":[1,5],"29":[6,2],"30":[1,0],"31":[1,5],"32":[6,2],"33":[1,0],"34":[12,3],"35":[15,12],"36":[1,0],"37":[1,1],"38":[15,15],"39":[3,12],"40":[15,12],"41":[0,0],"42":[0,0],"43":[0,0],"44":[3,12],"45":[0,12],"46":[0,12],"47":[360,12],"48":[0,1],"49":[0,0],"50":[360,12],"51":[900,12],"52":[0,1],"53":[0,0],"54":[900,12],"55":[15,3],"56":[15,12],"57":[15,12],"58":[15,12]},"_coverageSchema":"1a1c01bbd47fc00a2c39e90264f33305004495a9","hash":"ee56cafcd13d8013c9cb4e1c86c6abfc79d61cf1"}
,"/Users/ayurparishkar/Downloads/project 4/src/utils/hasPermission.ts": {"path":"/Users/ayurparishkar/Downloads/project 4/src/utils/hasPermission.ts","statementMap":{"0":{"start":{"line":3,"column":44},"end":{"line":8,"column":1}},"1":{"start":{"line":11,"column":2},"end":{"line":11,"column":45}}},"fnMap":{"0":{"name":"hasPermission","decl":{"start":{"line":10,"column":16},"end":{"line":10,"column":29}},"loc":{"start":{"line":10,"column":58},"end":{"line":12,"column":1}},"line":10}},"branchMap":{},"s":{"0":1,"1":28},"f":{"0":28},"b":{},"_coverageSchema":"1a1c01bbd47fc00a2c39e90264f33305004495a9","hash":"ab2682c19e61b87c8e78dffc5fee9bb41c5e035b"}
,"/Users/ayurparishkar/Downloads/project 4/src/utils/inventorySchema.ts": {"path":"/Users/ayurparishkar/Downloads/project 4/src/utils/inventorySchema.ts","statementMap":{"0":{"start":{"line":3,"column":50},"end":{"line":14,"column":1}}},"fnMap":{},"branchMap":{},"s":{"0":1},"f":{},"b":{},"_coverageSchema":"1a1c01bbd47fc00a2c39e90264f33305004495a9","hash":"70f120b4a550050d52f98ae89896337ed39fb029"}
,"/Users/ayurparishkar/Downloads/project 4/src/utils/navigationOptions.tsx": {"path":"/Users/ayurparishkar/Downloads/project 4/src/utils/navigationOptions.tsx","statementMap":{"0":{"start":{"line":7,"column":33},"end":{"line":29,"column":2}},"1":{"start":{"line":7,"column":70},"end":{"line":29,"column":1}},"2":{"start":{"line":10,"column":4},"end":{"line":28,"column":12}},"3":{"start":{"line":13,"column":10},"end":{"line":22,"column":11}},"4":{"start":{"line":15,"column":12},"end":{"line":19,"column":13}},"5":{"start":{"line":16,"column":14},"end":{"line":16,"column":28}},"6":{"start":{"line":18,"column":14},"end":{"line":18,"column":49}},"7":{"start":{"line":21,"column":12},"end":{"line":21,"column":47}}},"fnMap":{"0":{"name":"(anonymous_0)","decl":{"start":{"line":7,"column":33},"end":{"line":7,"column":34}},"loc":{"start":{"line":7,"column":70},"end":{"line":29,"column":1}},"line":7},"1":{"name":"(anonymous_1)","decl":{"start":{"line":9,"column":14},"end":{"line":9,"column":15}},"loc":{"start":{"line":10,"column":4},"end":{"line":28,"column":12}},"line":10},"2":{"name":"(anonymous_2)","decl":{"start":{"line":12,"column":17},"end":{"line":12,"column":18}},"loc":{"start":{"line":12,"column":23},"end":{"line":23,"column":9}},"line":12}},"branchMap":{"0":{"loc":{"start":{"line":7,"column":49},"end":{"line":7,"column":64}},"type":"default-arg","locations":[{"start":{"line":7,"column":60},"end":{"line":7,"column":64}}],"line":7},"1":{"loc":{"start":{"line":10,"column":4},"end":{"line":28,"column":12}},"type":"cond-expr","locations":[{"start":{"line":11,"column":6},"end":{"line":27,"column":25}},{"start":{"line":28,"column":8},"end":{"line":28,"column":12}}],"line":10},"2":{"loc":{"start":{"line":15,"column":12},"end":{"line":19,"column":13}},"type":"if","locations":[{"start":{"line":15,"column":12},"end":{"line":19,"column":13}},{"start":{"line":17,"column":19},"end":{"line":19,"column":13}}],"line":15},"3":{"loc":{"start":{"line":15,"column":16},"end":{"line":15,"column":83}},"type":"cond-expr","locations":[{"start":{"line":15,"column":57},"end":{"line":15,"column":75}},{"start":{"line":15,"column":78},"end":{"line":15,"column":83}}],"line":15}},"s":{"0":2,"1":6,"2":6,"3":4,"4":4,"5":1,"6":2,"7":1},"f":{"0":6,"1":6,"2":4},"b":{"0":[0],"1":[5,1],"2":[1,2],"3":[3,1]},"_coverageSchema":"1a1c01bbd47fc00a2c39e90264f33305004495a9","hash":"13478cef012759d1ef7182835ee392478b9cda49"}
,"/Users/ayurparishkar/Downloads/project 4/src/utils/pathing.ts": {"path":"/Users/ayurparishkar/Downloads/project 4/src/utils/pathing.ts","statementMap":{"0":{"start":{"line":8,"column":2},"end":{"line":10,"column":3}},"1":{"start":{"line":9,"column":4},"end":{"line":9,"column":33}},"2":{"start":{"line":12,"column":2},"end":{"line":12,"column":42}},"3":{"start":{"line":22,"column":2},"end":{"line":22,"column":43}},"4":{"start":{"line":31,"column":2},"end":{"line":31,"column":34}},"5":{"start":{"line":40,"column":21},"end":{"line":40,"column":48}},"6":{"start":{"line":42,"column":2},"end":{"line":44,"column":3}},"7":{"start":{"line":43,"column":4},"end":{"line":43,"column":90}},"8":{"start":{"line":46,"column":2},"end":{"line":46,"column":15}}},"fnMap":{"0":{"name":"getClinicPath","decl":{"start":{"line":7,"column":16},"end":{"line":7,"column":29}},"loc":{"start":{"line":7,"column":74},"end":{"line":13,"column":1}},"line":7},"1":{"name":"getClinicStoragePath","decl":{"start":{"line":21,"column":16},"end":{"line":21,"column":36}},"loc":{"start":{"line":21,"column":81},"end":{"line":23,"column":1}},"line":21},"2":{"name":"normalizePhoneNumber","decl":{"start":{"line":30,"column":16},"end":{"line":30,"column":36}},"loc":{"start":{"line":30,"column":60},"end":{"line":32,"column":1}},"line":30},"3":{"name":"formatPhoneNumber","decl":{"start":{"line":39,"column":16},"end":{"line":39,"column":33}},"loc":{"start":{"line":39,"column":57},"end":{"line":47,"column":1}},"line":39}},"branchMap":{"0":{"loc":{"start":{"line":8,"column":2},"end":{"line":10,"column":3}},"type":"if","locations":[{"start":{"line":8,"column":2},"end":{"line":10,"column":3}},{"start":{},"end":{}}],"line":8},"1":{"loc":{"start":{"line":42,"column":2},"end":{"line":44,"column":3}},"type":"if","locations":[{"start":{"line":42,"column":2},"end":{"line":44,"column":3}},{"start":{},"end":{}}],"line":42}},"s":{"0":2,"1":1,"2":1,"3":1,"4":5,"5":3,"6":3,"7":1,"8":2},"f":{"0":2,"1":1,"2":5,"3":3},"b":{"0":[1,1],"1":[1,2]},"_coverageSchema":"1a1c01bbd47fc00a2c39e90264f33305004495a9","hash":"eac899088e10f8ab6083553652d711a059aa4e78"}
,"/Users/ayurparishkar/Downloads/project 4/src/utils/splitValidInvalidRecords.ts": {"path":"/Users/ayurparishkar/Downloads/project 4/src/utils/splitValidInvalidRecords.ts","statementMap":{"0":{"start":{"line":4,"column":23},"end":{"line":4,"column":25}},"1":{"start":{"line":5,"column":47},"end":{"line":5,"column":49}},"2":{"start":{"line":7,"column":2},"end":{"line":14,"column":5}},"3":{"start":{"line":8,"column":19},"end":{"line":8,"column":44}},"4":{"start":{"line":9,"column":4},"end":{"line":13,"column":5}},"5":{"start":{"line":10,"column":6},"end":{"line":10,"column":30}},"6":{"start":{"line":12,"column":6},"end":{"line":12,"column":60}},"7":{"start":{"line":16,"column":2},"end":{"line":16,"column":28}}},"fnMap":{"0":{"name":"splitValidInvalidRecords","decl":{"start":{"line":3,"column":16},"end":{"line":3,"column":40}},"loc":{"start":{"line":3,"column":54},"end":{"line":17,"column":1}},"line":3},"1":{"name":"(anonymous_1)","decl":{"start":{"line":7,"column":15},"end":{"line":7,"column":16}},"loc":{"start":{"line":7,"column":24},"end":{"line":14,"column":3}},"line":7}},"branchMap":{"0":{"loc":{"start":{"line":9,"column":4},"end":{"line":13,"column":5}},"type":"if","locations":[{"start":{"line":9,"column":4},"end":{"line":13,"column":5}},{"start":{"line":11,"column":11},"end":{"line":13,"column":5}}],"line":9}},"s":{"0":1,"1":1,"2":1,"3":2,"4":2,"5":1,"6":1,"7":1},"f":{"0":1,"1":2},"b":{"0":[1,1]},"_coverageSchema":"1a1c01bbd47fc00a2c39e90264f33305004495a9","hash":"3e05b4df19fb0a918a5a86cd13c79664fc120d19"}
,"/Users/ayurparishkar/Downloads/project 4/src/utils/validateInventoryExcel.ts": {"path":"/Users/ayurparishkar/Downloads/project 4/src/utils/validateInventoryExcel.ts","statementMap":{"0":{"start":{"line":3,"column":31},"end":{"line":13,"column":2}},"1":{"start":{"line":16,"column":2},"end":{"line":16,"column":40}}},"fnMap":{"0":{"name":"validateInventoryRow","decl":{"start":{"line":15,"column":16},"end":{"line":15,"column":36}},"loc":{"start":{"line":15,"column":47},"end":{"line":17,"column":1}},"line":15}},"branchMap":{},"s":{"0":2,"1":4},"f":{"0":4},"b":{},"_coverageSchema":"1a1c01bbd47fc00a2c39e90264f33305004495a9","hash":"50d612fd245685f243998070369e6de6816f1813"}
,"/Users/ayurparishkar/Downloads/project 4/src/utils/validateMappedRow.ts": {"path":"/Users/ayurparishkar/Downloads/project 4/src/utils/validateMappedRow.ts","statementMap":{"0":{"start":{"line":10,"column":41},"end":{"line":10,"column":43}},"1":{"start":{"line":12,"column":2},"end":{"line":26,"column":3}},"2":{"start":{"line":13,"column":16},"end":{"line":13,"column":32}},"3":{"start":{"line":14,"column":4},"end":{"line":17,"column":5}},"4":{"start":{"line":15,"column":6},"end":{"line":15,"column":39}},"5":{"start":{"line":16,"column":6},"end":{"line":16,"column":15}},"6":{"start":{"line":18,"column":4},"end":{"line":21,"column":5}},"7":{"start":{"line":19,"column":6},"end":{"line":19,"column":47}},"8":{"start":{"line":20,"column":6},"end":{"line":20,"column":15}},"9":{"start":{"line":22,"column":4},"end":{"line":25,"column":5}},"10":{"start":{"line":23,"column":6},"end":{"line":23,"column":56}},"11":{"start":{"line":24,"column":6},"end":{"line":24,"column":15}},"12":{"start":{"line":28,"column":2},"end":{"line":28,"column":16}}},"fnMap":{"0":{"name":"validateMappedRow","decl":{"start":{"line":9,"column":16},"end":{"line":9,"column":33}},"loc":{"start":{"line":9,"column":111},"end":{"line":29,"column":1}},"line":9}},"branchMap":{"0":{"loc":{"start":{"line":14,"column":4},"end":{"line":17,"column":5}},"type":"if","locations":[{"start":{"line":14,"column":4},"end":{"line":17,"column":5}},{"start":{},"end":{}}],"line":14},"1":{"loc":{"start":{"line":14,"column":8},"end":{"line":14,"column":45}},"type":"binary-expr","locations":[{"start":{"line":14,"column":8},"end":{"line":14,"column":22}},{"start":{"line":14,"column":27},"end":{"line":14,"column":31}},{"start":{"line":14,"column":35},"end":{"line":14,"column":44}}],"line":14},"2":{"loc":{"start":{"line":18,"column":4},"end":{"line":21,"column":5}},"type":"if","locations":[{"start":{"line":18,"column":4},"end":{"line":21,"column":5}},{"start":{},"end":{}}],"line":18},"3":{"loc":{"start":{"line":18,"column":8},"end":{"line":18,"column":90}},"type":"binary-expr","locations":[{"start":{"line":18,"column":8},"end":{"line":18,"column":31}},{"start":{"line":18,"column":35},"end":{"line":18,"column":52}},{"start":{"line":18,"column":56},"end":{"line":18,"column":68}},{"start":{"line":18,"column":72},"end":{"line":18,"column":90}}],"line":18},"4":{"loc":{"start":{"line":22,"column":4},"end":{"line":25,"column":5}},"type":"if","locations":[{"start":{"line":22,"column":4},"end":{"line":25,"column":5}},{"start":{},"end":{}}],"line":22},"5":{"loc":{"start":{"line":22,"column":8},"end":{"line":22,"column":72}},"type":"binary-expr","locations":[{"start":{"line":22,"column":8},"end":{"line":22,"column":29}},{"start":{"line":22,"column":33},"end":{"line":22,"column":36}},{"start":{"line":22,"column":40},"end":{"line":22,"column":72}}],"line":22}},"s":{"0":4,"1":4,"2":12,"3":12,"4":1,"5":1,"6":11,"7":1,"8":1,"9":10,"10":1,"11":1,"12":4},"f":{"0":4},"b":{"0":[1,11],"1":[12,8,1],"2":[1,10],"3":[11,4,4,4],"4":[1,9],"5":[10,4,3]},"_coverageSchema":"1a1c01bbd47fc00a2c39e90264f33305004495a9","hash":"01dc5a510883be0f4e9891861e35019a62db8481"}
}
