TN:
SF:src/theme/constants/theme.ts
FN:132,(anonymous_0)
FNF:1
FNH:1
FNDA:2,(anonymous_0)
DA:4,2
DA:132,2
DA:134,2
DA:137,2
DA:139,2
DA:217,2
LF:6
LH:6
BRDA:142,0,0,0
BRDA:142,0,1,2
BRDA:143,1,0,0
BRDA:143,1,1,2
BRDA:144,2,0,0
BRDA:144,2,1,2
BRDA:145,3,0,0
BRDA:145,3,1,2
BRDA:146,4,0,0
BRDA:146,4,1,2
BRDA:147,5,0,0
BRDA:147,5,1,2
BRDA:148,6,0,0
BRDA:148,6,1,2
BRDA:171,7,0,2
BRDA:171,7,1,0
BRDA:172,8,0,2
BRDA:172,8,1,0
BRDA:173,9,0,2
BRDA:173,9,1,0
BRF:20
BRH:10
end_of_record
TN:
SF:src/utils/GenericDatePicker.tsx
FN:6,formatDate
FN:24,(anonymous_1)
FN:44,(anonymous_2)
FN:60,(anonymous_3)
FN:82,(anonymous_4)
FNF:5
FNH:3
FNDA:8,formatDate
FNDA:4,(anonymous_1)
FNDA:0,(anonymous_2)
FNDA:1,(anonymous_3)
FNDA:0,(anonymous_4)
DA:7,8
DA:8,7
DA:9,7
DA:10,6
DA:24,1
DA:34,4
DA:35,4
DA:37,4
DA:44,0
DA:60,1
DA:83,0
DA:84,0
LF:12
LH:9
BRDA:7,0,0,1
BRDA:7,0,1,7
BRDA:8,1,0,6
BRDA:8,1,1,1
BRDA:9,2,0,1
BRDA:9,2,1,6
BRDA:40,3,0,0
BRDA:40,3,1,4
BRDA:45,4,0,0
BRDA:45,4,1,0
BRDA:46,5,0,0
BRDA:46,5,1,0
BRDA:71,6,0,4
BRDA:71,6,1,0
BRDA:75,7,0,4
BRDA:75,7,1,1
BRDA:77,8,0,1
BRDA:77,8,1,0
BRDA:84,9,0,0
BRDA:84,9,1,0
BRF:20
BRH:11
end_of_record
TN:
SF:src/utils/GenericTimePicker.tsx
FN:21,(anonymous_0)
FN:37,(anonymous_1)
FN:41,(anonymous_2)
FN:45,(anonymous_3)
FN:48,(anonymous_4)
FN:59,(anonymous_5)
FN:68,(anonymous_6)
FN:81,(anonymous_7)
FN:99,(anonymous_8)
FN:101,(anonymous_9)
FN:103,(anonymous_10)
FN:110,(anonymous_11)
FN:121,(anonymous_12)
FN:129,(anonymous_13)
FN:130,(anonymous_14)
FN:137,(anonymous_15)
FN:146,(anonymous_16)
FN:159,(anonymous_17)
FN:170,(anonymous_18)
FN:193,(anonymous_19)
FN:197,(anonymous_20)
FN:199,(anonymous_21)
FN:201,(anonymous_22)
FN:237,(anonymous_23)
FN:241,(anonymous_24)
FN:243,(anonymous_25)
FN:245,(anonymous_26)
FN:267,(anonymous_27)
FNF:28
FNH:23
FNDA:15,(anonymous_0)
FNDA:4,(anonymous_1)
FNDA:4,(anonymous_2)
FNDA:4,(anonymous_3)
FNDA:4,(anonymous_4)
FNDA:8,(anonymous_5)
FNDA:6,(anonymous_6)
FNDA:6,(anonymous_7)
FNDA:6,(anonymous_8)
FNDA:6,(anonymous_9)
FNDA:9,(anonymous_10)
FNDA:16,(anonymous_11)
FNDA:1,(anonymous_12)
FNDA:360,(anonymous_13)
FNDA:900,(anonymous_14)
FNDA:3,(anonymous_15)
FNDA:0,(anonymous_16)
FNDA:0,(anonymous_17)
FNDA:15,(anonymous_18)
FNDA:360,(anonymous_19)
FNDA:1,(anonymous_20)
FNDA:1,(anonymous_21)
FNDA:0,(anonymous_22)
FNDA:900,(anonymous_23)
FNDA:1,(anonymous_24)
FNDA:1,(anonymous_25)
FNDA:0,(anonymous_26)
FNDA:0,(anonymous_27)
DA:19,1
DA:21,1
DA:34,15
DA:35,15
DA:36,15
DA:37,15
DA:38,4
DA:39,4
DA:41,15
DA:42,4
DA:43,4
DA:45,15
DA:46,15
DA:48,15
DA:49,4
DA:50,3
DA:51,3
DA:52,3
DA:53,3
DA:54,3
DA:59,15
DA:60,8
DA:62,3
DA:63,3
DA:68,15
DA:69,6
DA:70,6
DA:71,5
DA:72,1
DA:73,0
DA:75,1
DA:81,15
DA:82,6
DA:83,0
DA:84,0
DA:85,0
DA:86,0
DA:87,0
DA:88,0
DA:89,0
DA:90,0
DA:91,0
DA:92,0
DA:99,15
DA:101,6
DA:102,6
DA:103,9
DA:104,1
DA:105,1
DA:106,1
DA:109,6
DA:110,16
DA:111,1
DA:112,1
DA:113,1
DA:119,15
DA:121,15
DA:122,1
DA:123,1
DA:124,1
DA:129,360
DA:130,900
DA:132,15
DA:137,3
DA:146,0
DA:160,0
DA:162,0
DA:163,0
DA:164,0
DA:165,0
DA:166,0
DA:167,0
DA:168,0
DA:172,15
DA:173,12
DA:174,12
DA:175,12
DA:194,360
DA:198,1
DA:199,1
DA:200,1
DA:201,0
DA:202,0
DA:238,900
DA:242,1
DA:243,1
DA:244,1
DA:245,0
DA:246,0
DA:267,0
DA:286,1
LF:91
LH:66
BRDA:25,0,0,15
BRDA:26,1,0,15
BRDA:27,2,0,15
BRDA:28,3,0,15
BRDA:29,4,0,15
BRDA:30,5,0,15
BRDA:39,6,0,3
BRDA:39,6,1,1
BRDA:39,7,0,4
BRDA:39,7,1,3
BRDA:43,8,0,3
BRDA:43,8,1,1
BRDA:43,9,0,4
BRDA:43,9,1,3
BRDA:45,10,0,3
BRDA:45,10,1,1
BRDA:49,11,0,3
BRDA:49,11,1,1
BRDA:51,12,0,3
BRDA:51,12,1,0
BRDA:51,13,0,3
BRDA:51,13,1,3
BRDA:52,14,0,3
BRDA:52,14,1,0
BRDA:52,15,0,3
BRDA:52,15,1,3
BRDA:53,16,0,3
BRDA:53,16,1,0
BRDA:60,17,0,3
BRDA:60,17,1,5
BRDA:63,18,0,2
BRDA:63,18,1,1
BRDA:63,19,0,3
BRDA:63,19,1,2
BRDA:69,20,0,6
BRDA:69,20,1,0
BRDA:70,21,0,5
BRDA:70,21,1,1
BRDA:70,22,0,6
BRDA:70,22,1,5
BRDA:72,23,0,0
BRDA:72,23,1,1
BRDA:82,24,0,0
BRDA:82,24,1,6
BRDA:84,25,0,0
BRDA:84,25,1,0
BRDA:88,26,0,0
BRDA:88,26,1,0
BRDA:88,27,0,0
BRDA:88,27,1,0
BRDA:88,27,2,0
BRDA:88,27,3,0
BRDA:102,28,0,1
BRDA:102,28,1,5
BRDA:102,29,0,6
BRDA:102,29,1,2
BRDA:104,30,0,1
BRDA:104,30,1,0
BRDA:109,31,0,1
BRDA:109,31,1,5
BRDA:109,32,0,6
BRDA:109,32,1,2
BRDA:111,33,0,1
BRDA:111,33,1,0
BRDA:119,34,0,12
BRDA:119,34,1,3
BRDA:119,35,0,15
BRDA:119,35,1,12
BRDA:123,36,0,1
BRDA:123,36,1,0
BRDA:123,37,0,1
BRDA:123,37,1,1
BRDA:134,38,0,15
BRDA:134,38,1,15
BRDA:140,39,0,3
BRDA:140,39,1,12
BRDA:140,40,0,15
BRDA:140,40,1,12
BRDA:163,41,0,0
BRDA:163,41,1,0
BRDA:165,42,0,0
BRDA:165,42,1,0
BRDA:166,43,0,0
BRDA:166,43,1,0
BRDA:172,44,0,3
BRDA:172,44,1,12
BRDA:173,45,0,0
BRDA:173,45,1,12
BRDA:174,46,0,0
BRDA:174,46,1,12
BRDA:196,47,0,360
BRDA:196,47,1,12
BRDA:200,48,0,0
BRDA:200,48,1,1
BRDA:202,49,0,0
BRDA:202,49,1,0
BRDA:207,50,0,360
BRDA:207,50,1,12
BRDA:240,51,0,900
BRDA:240,51,1,12
BRDA:244,52,0,0
BRDA:244,52,1,1
BRDA:246,53,0,0
BRDA:246,53,1,0
BRDA:251,54,0,900
BRDA:251,54,1,12
BRDA:271,55,0,15
BRDA:271,55,1,3
BRDA:271,56,0,15
BRDA:271,56,1,12
BRDA:273,57,0,15
BRDA:273,57,1,12
BRDA:274,58,0,15
BRDA:274,58,1,12
BRF:114
BRH:83
end_of_record
TN:
SF:src/utils/hasPermission.ts
FN:10,hasPermission
FNF:1
FNH:1
FNDA:28,hasPermission
DA:3,1
DA:11,28
LF:2
LH:2
BRF:0
BRH:0
end_of_record
TN:
SF:src/utils/inventorySchema.ts
FNF:0
FNH:0
DA:3,1
LF:1
LH:1
BRF:0
BRH:0
end_of_record
TN:
SF:src/utils/navigationOptions.tsx
FN:7,(anonymous_0)
FN:9,(anonymous_1)
FN:12,(anonymous_2)
FNF:3
FNH:3
FNDA:6,(anonymous_0)
FNDA:6,(anonymous_1)
FNDA:4,(anonymous_2)
DA:7,6
DA:10,6
DA:13,4
DA:15,4
DA:16,1
DA:18,2
DA:21,1
LF:7
LH:7
BRDA:7,0,0,0
BRDA:10,1,0,5
BRDA:10,1,1,1
BRDA:15,2,0,1
BRDA:15,2,1,2
BRDA:15,3,0,3
BRDA:15,3,1,1
BRF:7
BRH:6
end_of_record
TN:
SF:src/utils/pathing.ts
FN:7,getClinicPath
FN:21,getClinicStoragePath
FN:30,normalizePhoneNumber
FN:39,formatPhoneNumber
FNF:4
FNH:4
FNDA:2,getClinicPath
FNDA:1,getClinicStoragePath
FNDA:5,normalizePhoneNumber
FNDA:3,formatPhoneNumber
DA:8,2
DA:9,1
DA:12,1
DA:22,1
DA:31,5
DA:40,3
DA:42,3
DA:43,1
DA:46,2
LF:9
LH:9
BRDA:8,0,0,1
BRDA:8,0,1,1
BRDA:42,1,0,1
BRDA:42,1,1,2
BRF:4
BRH:4
end_of_record
TN:
SF:src/utils/splitValidInvalidRecords.ts
FN:3,splitValidInvalidRecords
FN:7,(anonymous_1)
FNF:2
FNH:2
FNDA:1,splitValidInvalidRecords
FNDA:2,(anonymous_1)
DA:4,1
DA:5,1
DA:7,1
DA:8,2
DA:9,2
DA:10,1
DA:12,1
DA:16,1
LF:8
LH:8
BRDA:9,0,0,1
BRDA:9,0,1,1
BRF:2
BRH:2
end_of_record
TN:
SF:src/utils/validateInventoryExcel.ts
FN:15,validateInventoryRow
FNF:1
FNH:1
FNDA:4,validateInventoryRow
DA:3,2
DA:16,4
LF:2
LH:2
BRF:0
BRH:0
end_of_record
TN:
SF:src/utils/validateMappedRow.ts
FN:9,validateMappedRow
FNF:1
FNH:1
FNDA:4,validateMappedRow
DA:10,4
DA:12,4
DA:13,12
DA:14,12
DA:15,1
DA:16,1
DA:18,11
DA:19,1
DA:20,1
DA:22,10
DA:23,1
DA:24,1
DA:28,4
LF:13
LH:13
BRDA:14,0,0,1
BRDA:14,0,1,11
BRDA:14,1,0,12
BRDA:14,1,1,8
BRDA:14,1,2,1
BRDA:18,2,0,1
BRDA:18,2,1,10
BRDA:18,3,0,11
BRDA:18,3,1,4
BRDA:18,3,2,4
BRDA:18,3,3,4
BRDA:22,4,0,1
BRDA:22,4,1,9
BRDA:22,5,0,10
BRDA:22,5,1,4
BRDA:22,5,2,3
BRF:16
BRH:16
end_of_record
